2018-04-01 23:03:59 [INFO][com.zym.Design1.Design1Application][logStarting][50]-> Starting Design1Application on DESKTOP-YM with PID 1840 (E:\JavaWorkSpace\Design1\target\classes started by YM in E:\JavaWorkSpace\Design1)
2018-04-01 23:04:00 [INFO][com.zym.Design1.Design1Application][logStartupProfileInfo][652]-> No active profile set, falling back to default profiles: default
2018-04-01 23:04:00 [INFO][org.springframework.boot.web.servlet.context.AnnotationConfigServletWebServerApplicationContext][prepareRefresh][589]-> Refreshing org.springframework.boot.web.servlet.context.AnnotationConfigServletWebServerApplicationContext@ebe57c4: startup date [Sun Apr 01 23:04:00 CST 2018]; root of context hierarchy
2018-04-01 23:04:02 [INFO][org.springframework.data.repository.config.RepositoryConfigurationDelegate][multipleStoresDetected][163]-> Multiple Spring Data modules found, entering strict repository configuration mode!
2018-04-01 23:04:03 [INFO][org.springframework.context.support.PostProcessorRegistrationDelegate$BeanPostProcessorChecker][postProcessAfterInitialization][328]-> Bean 'org.springframework.transaction.annotation.ProxyTransactionManagementConfiguration' of type [org.springframework.transaction.annotation.ProxyTransactionManagementConfiguration$$EnhancerBySpringCGLIB$$7e85c6e4] is not eligible for getting processed by all BeanPostProcessors (for example: not eligible for auto-proxying)
2018-04-01 23:04:03 [ERROR][org.apache.catalina.core.AprLifecycleListener][log][180]-> An incompatible version [1.2.12] of the APR based Apache Tomcat Native library is installed, while Tomcat requires version [1.2.14]
2018-04-01 23:04:03 [INFO][org.springframework.boot.web.embedded.tomcat.TomcatWebServer][initialize][91]-> Tomcat initialized with port(s): 9999 (http)
2018-04-01 23:04:03 [ERROR][org.apache.catalina.core.AprLifecycleListener][log][180]-> An incompatible version [1.2.12] of the APR based Apache Tomcat Native library is installed, while Tomcat requires version [1.2.14]
2018-04-01 23:04:03 [INFO][org.apache.coyote.http11.Http11NioProtocol][log][180]-> Initializing ProtocolHandler ["http-nio-9999"]
2018-04-01 23:04:03 [INFO][org.apache.catalina.core.StandardService][log][180]-> Starting service [Tomcat]
2018-04-01 23:04:03 [INFO][org.apache.catalina.core.StandardEngine][log][180]-> Starting Servlet Engine: Apache Tomcat/8.5.28
2018-04-01 23:04:03 [ERROR][org.apache.catalina.core.AprLifecycleListener][log][180]-> An incompatible version [1.2.12] of the APR based Apache Tomcat Native library is installed, while Tomcat requires version [1.2.14]
2018-04-01 23:04:04 [INFO][org.apache.catalina.core.ContainerBase.[Tomcat].[localhost].[/]][log][180]-> Initializing Spring embedded WebApplicationContext
2018-04-01 23:04:04 [INFO][org.springframework.web.context.ContextLoader][prepareWebApplicationContext][285]-> Root WebApplicationContext: initialization completed in 3759 ms
2018-04-01 23:04:04 [INFO][org.springframework.boot.web.servlet.ServletRegistrationBean][addRegistration][185]-> Servlet validateCodeServlet mapped to [/validateCode]
2018-04-01 23:04:04 [INFO][org.springframework.boot.web.servlet.ServletRegistrationBean][addRegistration][185]-> Servlet dispatcherServlet mapped to [/]
2018-04-01 23:04:04 [INFO][org.springframework.boot.web.servlet.FilterRegistrationBean][configure][243]-> Mapping filter: 'characterEncodingFilter' to: [/*]
2018-04-01 23:04:04 [INFO][org.springframework.boot.web.servlet.FilterRegistrationBean][configure][243]-> Mapping filter: 'hiddenHttpMethodFilter' to: [/*]
2018-04-01 23:04:04 [INFO][org.springframework.boot.web.servlet.FilterRegistrationBean][configure][243]-> Mapping filter: 'httpPutFormContentFilter' to: [/*]
2018-04-01 23:04:04 [INFO][org.springframework.boot.web.servlet.FilterRegistrationBean][configure][243]-> Mapping filter: 'requestContextFilter' to: [/*]
2018-04-01 23:04:04 [INFO][com.zaxxer.hikari.HikariDataSource][getConnection][110]-> HikariPool-1 - Starting...
2018-04-01 23:04:05 [INFO][com.zaxxer.hikari.HikariDataSource][getConnection][123]-> HikariPool-1 - Start completed.
2018-04-01 23:04:05 [INFO][com.zym.Design1.bean.UserLevelRule][afterPropertiesSet][47]-> userCreditMap size: 7
2018-04-01 23:04:05 [INFO][com.zym.Design1.bean.UserLevelRule][afterPropertiesSet][50]-> levelNumMap size: 4
2018-04-01 23:04:06 [INFO][org.springframework.web.servlet.mvc.method.annotation.RequestMappingHandlerAdapter][initControllerAdviceCache][567]-> Looking for @ControllerAdvice: org.springframework.boot.web.servlet.context.AnnotationConfigServletWebServerApplicationContext@ebe57c4: startup date [Sun Apr 01 23:04:00 CST 2018]; root of context hierarchy
2018-04-01 23:04:06 [INFO][org.springframework.web.servlet.mvc.method.annotation.RequestMappingHandlerMapping][register][548]-> Mapped "{[/admin/encashList],methods=[POST]}" onto public java.lang.String com.zym.Design1.controller.AdminController.encashList(java.lang.Integer,java.lang.Integer,java.lang.String,java.lang.String,java.lang.String,org.springframework.ui.Model)
2018-04-01 23:04:06 [INFO][org.springframework.web.servlet.mvc.method.annotation.RequestMappingHandlerMapping][register][548]-> Mapped "{[/admin/noticeList],methods=[POST]}" onto public java.lang.String com.zym.Design1.controller.AdminController.noticeList(java.lang.String,java.lang.Integer,java.lang.Integer)
2018-04-01 23:04:06 [INFO][org.springframework.web.servlet.mvc.method.annotation.RequestMappingHandlerMapping][register][548]-> Mapped "{[/admin/editNotice],methods=[GET]}" onto public java.lang.String com.zym.Design1.controller.AdminController.editNoticePage()
2018-04-01 23:04:06 [INFO][org.springframework.web.servlet.mvc.method.annotation.RequestMappingHandlerMapping][register][548]-> Mapped "{[/admin/editNotice],methods=[POST]}" onto public java.lang.String com.zym.Design1.controller.AdminController.editNotice(java.lang.String,java.lang.String,java.lang.Integer)
2018-04-01 23:04:06 [INFO][org.springframework.web.servlet.mvc.method.annotation.RequestMappingHandlerMapping][register][548]-> Mapped "{[/admin/encashListPage],methods=[GET]}" onto public java.lang.String com.zym.Design1.controller.AdminController.encashListPage(java.lang.String,org.springframework.ui.Model)
2018-04-01 23:04:06 [INFO][org.springframework.web.servlet.mvc.method.annotation.RequestMappingHandlerMapping][register][548]-> Mapped "{[/admin/noticeListPage],methods=[GET]}" onto public java.lang.String com.zym.Design1.controller.AdminController.noticeListPage(java.lang.String,org.springframework.ui.Model)
2018-04-01 23:04:06 [INFO][org.springframework.web.servlet.mvc.method.annotation.RequestMappingHandlerMapping][register][548]-> Mapped "{[/admin/rejectEncash/{id}],methods=[POST]}" onto public java.lang.String com.zym.Design1.controller.AdminController.rejectEncash(java.lang.Integer,java.lang.String)
2018-04-01 23:04:06 [INFO][org.springframework.web.servlet.mvc.method.annotation.RequestMappingHandlerMapping][register][548]-> Mapped "{[/admin/readNotice],methods=[GET]}" onto public java.lang.String com.zym.Design1.controller.AdminController.readNoticePage(java.lang.String,java.lang.Integer,org.springframework.ui.Model)
2018-04-01 23:04:06 [INFO][org.springframework.web.servlet.mvc.method.annotation.RequestMappingHandlerMapping][register][548]-> Mapped "{[/admin/approveEncash/{id}],methods=[POST]}" onto public java.lang.String com.zym.Design1.controller.AdminController.approveEncash(java.lang.Integer,java.lang.String)
2018-04-01 23:04:06 [INFO][org.springframework.web.servlet.mvc.method.annotation.RequestMappingHandlerMapping][register][548]-> Mapped "{[/superad/getCurrency]}" onto public java.lang.String com.zym.Design1.controller.CurrencyController.getCurrency()
2018-04-01 23:04:06 [INFO][org.springframework.web.servlet.mvc.method.annotation.RequestMappingHandlerMapping][register][548]-> Mapped "{[/superad/setCurrency],methods=[POST]}" onto public void com.zym.Design1.controller.CurrencyController.setCurrency(java.lang.String)
2018-04-01 23:04:06 [INFO][org.springframework.web.servlet.mvc.method.annotation.RequestMappingHandlerMapping][register][548]-> Mapped "{[/member/encash],methods=[GET]}" onto public java.lang.String com.zym.Design1.controller.EncashController.encashPage(org.springframework.ui.Model)
2018-04-01 23:04:06 [INFO][org.springframework.web.servlet.mvc.method.annotation.RequestMappingHandlerMapping][register][548]-> Mapped "{[/member/encash],methods=[POST]}" onto public java.lang.String com.zym.Design1.controller.EncashController.encash(java.lang.Integer,java.lang.String)
2018-04-01 23:04:06 [INFO][org.springframework.web.servlet.mvc.method.annotation.RequestMappingHandlerMapping][register][548]-> Mapped "{[/login],methods=[GET]}" onto public java.lang.String com.zym.Design1.controller.LoginController.loginGet(java.lang.String,org.springframework.ui.Model)
2018-04-01 23:04:06 [INFO][org.springframework.web.servlet.mvc.method.annotation.RequestMappingHandlerMapping][register][548]-> Mapped "{[/login],methods=[POST]}" onto public java.lang.String com.zym.Design1.controller.LoginController.loginPost(java.lang.String,java.lang.String,java.lang.String,org.springframework.ui.Model,javax.servlet.http.HttpServletResponse)
2018-04-01 23:04:06 [INFO][org.springframework.web.servlet.mvc.method.annotation.RequestMappingHandlerMapping][register][548]-> Mapped "{[/logout],methods=[POST || GET]}" onto public java.lang.String com.zym.Design1.controller.LoginController.logout(java.lang.String)
2018-04-01 23:04:06 [INFO][org.springframework.web.servlet.mvc.method.annotation.RequestMappingHandlerMapping][register][548]-> Mapped "{[/reglogin]}" onto public java.lang.String com.zym.Design1.controller.LoginController.reglogin(java.lang.String,org.springframework.ui.Model)
2018-04-01 23:04:06 [INFO][org.springframework.web.servlet.mvc.method.annotation.RequestMappingHandlerMapping][register][548]-> Mapped "{[/member/memberOrgTreeview],methods=[GET]}" onto public java.lang.String com.zym.Design1.controller.MemberController.memberOrgTreeview(java.lang.Integer)
2018-04-01 23:04:06 [INFO][org.springframework.web.servlet.mvc.method.annotation.RequestMappingHandlerMapping][register][548]-> Mapped "{[/member/memberOrgTreeChart],methods=[GET]}" onto public java.lang.String com.zym.Design1.controller.MemberController.memberOrgTreeChart(java.lang.Integer)
2018-04-01 23:04:06 [INFO][org.springframework.web.servlet.mvc.method.annotation.RequestMappingHandlerMapping][register][548]-> Mapped "{[/member/changePwd],methods=[GET]}" onto public java.lang.String com.zym.Design1.controller.MemberController.changePwdPage()
2018-04-01 23:04:06 [INFO][org.springframework.web.servlet.mvc.method.annotation.RequestMappingHandlerMapping][register][548]-> Mapped "{[/member/members/{id}],methods=[PUT]}" onto public java.lang.String com.zym.Design1.controller.MemberController.updateMember(com.zym.Design1.entity.User)
2018-04-01 23:04:06 [INFO][org.springframework.web.servlet.mvc.method.annotation.RequestMappingHandlerMapping][register][548]-> Mapped "{[/member/eCoinLog],methods=[GET]}" onto public java.lang.String com.zym.Design1.controller.MemberController.ecoinLogList(java.lang.Integer,java.lang.Integer,java.lang.String,java.lang.String,java.lang.String,java.lang.Integer)
2018-04-01 23:04:06 [INFO][org.springframework.web.servlet.mvc.method.annotation.RequestMappingHandlerMapping][register][548]-> Mapped "{[/member/members],methods=[POST]}" onto public java.lang.String com.zym.Design1.controller.MemberController.addMember(com.zym.Design1.entity.User)
2018-04-01 23:04:06 [INFO][org.springframework.web.servlet.mvc.method.annotation.RequestMappingHandlerMapping][register][548]-> Mapped "{[/member/members],methods=[GET]}" onto public java.lang.String com.zym.Design1.controller.MemberController.memberList(java.lang.Integer,java.lang.Integer,java.lang.String,java.lang.String,java.lang.String)
2018-04-01 23:04:06 [INFO][org.springframework.web.servlet.mvc.method.annotation.RequestMappingHandlerMapping][register][548]-> Mapped "{[/member/myConnection]}" onto public java.lang.String com.zym.Design1.controller.MemberController.myConnection(org.springframework.ui.Model)
2018-04-01 23:04:06 [INFO][org.springframework.web.servlet.mvc.method.annotation.RequestMappingHandlerMapping][register][548]-> Mapped "{[/member/members/{id}],methods=[DELETE]}" onto public java.lang.String com.zym.Design1.controller.MemberController.deleteMember(java.lang.Integer)
2018-04-01 23:04:06 [INFO][org.springframework.web.servlet.mvc.method.annotation.RequestMappingHandlerMapping][register][548]-> Mapped "{[/member/eCoinManage],methods=[GET]}" onto public java.lang.String com.zym.Design1.controller.MemberController.eCoinManage()
2018-04-01 23:04:06 [INFO][org.springframework.web.servlet.mvc.method.annotation.RequestMappingHandlerMapping][register][548]-> Mapped "{[/member/myHome],methods=[GET]}" onto public java.lang.String com.zym.Design1.controller.MemberController.myHome(org.springframework.ui.Model)
2018-04-01 23:04:06 [INFO][org.springframework.web.servlet.mvc.method.annotation.RequestMappingHandlerMapping][register][548]-> Mapped "{[/member/eCoinLog],methods=[POST]}" onto public java.lang.String com.zym.Design1.controller.MemberController.addECoinLog(com.zym.Design1.entity.BuyEcoinLog)
2018-04-01 23:04:06 [INFO][org.springframework.web.servlet.mvc.method.annotation.RequestMappingHandlerMapping][register][548]-> Mapped "{[/member/changePwd],methods=[POST]}" onto public java.lang.String com.zym.Design1.controller.MemberController.changePwdAction(java.lang.String,java.lang.String,java.lang.String)
2018-04-01 23:04:06 [INFO][org.springframework.web.servlet.mvc.method.annotation.RequestMappingHandlerMapping][register][548]-> Mapped "{[/member/memberList]}" onto public java.lang.String com.zym.Design1.controller.MemberController.memberListPage()
2018-04-01 23:04:06 [INFO][org.springframework.web.servlet.mvc.method.annotation.RequestMappingHandlerMapping][register][548]-> Mapped "{[/testImg]}" onto public java.lang.String com.zym.Design1.controller.TestController.testImg()
2018-04-01 23:04:06 [INFO][org.springframework.web.servlet.mvc.method.annotation.RequestMappingHandlerMapping][register][548]-> Mapped "{[/login1]}" onto public java.lang.String com.zym.Design1.controller.TestController.testLogin()
2018-04-01 23:04:06 [INFO][org.springframework.web.servlet.mvc.method.annotation.RequestMappingHandlerMapping][register][548]-> Mapped "{[/test]}" onto public java.lang.String com.zym.Design1.controller.TestController.testIndex()
2018-04-01 23:04:06 [INFO][org.springframework.web.servlet.mvc.method.annotation.RequestMappingHandlerMapping][register][548]-> Mapped "{[/test2]}" onto public java.lang.String com.zym.Design1.controller.TestController.testTest2()
2018-04-01 23:04:06 [INFO][org.springframework.web.servlet.mvc.method.annotation.RequestMappingHandlerMapping][register][548]-> Mapped "{[/test3]}" onto public java.lang.String com.zym.Design1.controller.TestController.testTest3()
2018-04-01 23:04:06 [INFO][org.springframework.web.servlet.mvc.method.annotation.RequestMappingHandlerMapping][register][548]-> Mapped "{[/data]}" onto public java.lang.String com.zym.Design1.controller.TestController.testData()
2018-04-01 23:04:06 [INFO][org.springframework.web.servlet.mvc.method.annotation.RequestMappingHandlerMapping][register][548]-> Mapped "{[/starter]}" onto public java.lang.String com.zym.Design1.controller.TestController.testStarter()
2018-04-01 23:04:06 [INFO][org.springframework.web.servlet.mvc.method.annotation.RequestMappingHandlerMapping][register][548]-> Mapped "{[/signUp1]}" onto public java.lang.String com.zym.Design1.controller.TestController.testSignUp()
2018-04-01 23:04:06 [INFO][org.springframework.web.servlet.mvc.method.annotation.RequestMappingHandlerMapping][register][548]-> Mapped "{[/test1]}" onto public java.lang.String com.zym.Design1.controller.TestController.testTest1()
2018-04-01 23:04:06 [INFO][org.springframework.web.servlet.mvc.method.annotation.RequestMappingHandlerMapping][register][548]-> Mapped "{[/list1]}" onto public com.alibaba.fastjson.JSONObject com.zym.Design1.controller.TestController.testList()
2018-04-01 23:04:06 [INFO][org.springframework.web.servlet.mvc.method.annotation.RequestMappingHandlerMapping][register][548]-> Mapped "{[/list]}" onto public com.alibaba.fastjson.JSONArray com.zym.Design1.controller.TestController.testList2()
2018-04-01 23:04:06 [INFO][org.springframework.web.servlet.mvc.method.annotation.RequestMappingHandlerMapping][register][548]-> Mapped "{[/member/cancelSellTry || /admin/cancelSellTry],methods=[POST]}" onto public java.lang.String com.zym.Design1.controller.TradeController.cancelSellTry(java.lang.String)
2018-04-01 23:04:06 [INFO][org.springframework.web.servlet.mvc.method.annotation.RequestMappingHandlerMapping][register][548]-> Mapped "{[/member/trade || /admin/trade],methods=[GET]}" onto public java.lang.String com.zym.Design1.controller.TradeController.tradingHall(org.springframework.ui.Model,java.lang.String,java.lang.String,java.lang.Integer,java.lang.Integer,java.lang.String,java.lang.String,java.lang.String)
2018-04-01 23:04:06 [INFO][org.springframework.web.servlet.mvc.method.annotation.RequestMappingHandlerMapping][register][548]-> Mapped "{[/member/wantToSell || /admin/wantToSell],methods=[POST]}" onto public java.lang.String com.zym.Design1.controller.TradeController.wantToSell(java.math.BigDecimal,java.math.BigDecimal)
2018-04-01 23:04:06 [INFO][org.springframework.web.servlet.mvc.method.annotation.RequestMappingHandlerMapping][register][548]-> Mapped "{[/member/buyVc || /admin/buyVc],methods=[POST]}" onto public java.lang.String com.zym.Design1.controller.TradeController.buyVc(java.lang.String)
2018-04-01 23:04:06 [INFO][org.springframework.web.servlet.mvc.method.annotation.RequestMappingHandlerMapping][register][548]-> Mapped "{[/isValidateCodeCorrect]}" onto public java.lang.String com.zym.Design1.controller.UtilController.compareValidateCode(javax.servlet.http.HttpSession,java.lang.String)
2018-04-01 23:04:06 [INFO][org.springframework.web.servlet.mvc.method.annotation.RequestMappingHandlerMapping][register][548]-> Mapped "{[/404]}" onto public java.lang.String com.zym.Design1.controller.UtilController.page404()
2018-04-01 23:04:06 [INFO][org.springframework.web.servlet.mvc.method.annotation.RequestMappingHandlerMapping][register][548]-> Mapped "{[/isUidExist],methods=[POST]}" onto public java.lang.String com.zym.Design1.controller.UtilController.isUidExist(java.lang.String)
2018-04-01 23:04:06 [INFO][org.springframework.web.servlet.mvc.method.annotation.RequestMappingHandlerMapping][register][548]-> Mapped "{[/isPwdCorrect],methods=[POST]}" onto public java.lang.String com.zym.Design1.controller.UtilController.isPwdCorrect(java.lang.String)
2018-04-01 23:04:06 [INFO][org.springframework.web.servlet.mvc.method.annotation.RequestMappingHandlerMapping][register][548]-> Mapped "{[/401]}" onto public java.lang.String com.zym.Design1.controller.UtilController.page401()
2018-04-01 23:04:06 [INFO][org.springframework.web.servlet.mvc.method.annotation.RequestMappingHandlerMapping][register][548]-> Mapped "{[/isUidNotExist],methods=[POST]}" onto public java.lang.String com.zym.Design1.controller.UtilController.isUidNotExist(java.lang.String)
2018-04-01 23:04:06 [INFO][org.springframework.web.servlet.mvc.method.annotation.RequestMappingHandlerMapping][register][548]-> Mapped "{[/error]}" onto public java.lang.String com.zym.Design1.exception.FinalExceptionHandler.error(javax.servlet.http.HttpServletResponse,javax.servlet.http.HttpServletRequest)
2018-04-01 23:04:06 [INFO][org.springframework.web.servlet.handler.SimpleUrlHandlerMapping][registerHandler][373]-> Mapped URL path [/templates/**] onto handler of type [class org.springframework.web.servlet.resource.ResourceHttpRequestHandler]
2018-04-01 23:04:06 [INFO][org.springframework.web.servlet.handler.SimpleUrlHandlerMapping][registerHandler][373]-> Mapped URL path [/static/**] onto handler of type [class org.springframework.web.servlet.resource.ResourceHttpRequestHandler]
2018-04-01 23:04:06 [INFO][org.springframework.web.servlet.handler.SimpleUrlHandlerMapping][registerHandler][373]-> Mapped URL path [/webjars/**] onto handler of type [class org.springframework.web.servlet.resource.ResourceHttpRequestHandler]
2018-04-01 23:04:06 [INFO][org.springframework.web.servlet.handler.SimpleUrlHandlerMapping][registerHandler][373]-> Mapped URL path [/**] onto handler of type [class org.springframework.web.servlet.resource.ResourceHttpRequestHandler]
2018-04-01 23:04:07 [INFO][org.springframework.web.servlet.mvc.method.annotation.ExceptionHandlerExceptionResolver][initExceptionHandlerAdviceCache][289]-> Detected @ExceptionHandler methods in exceptionHandlerController
2018-04-01 23:04:07 [INFO][org.springframework.web.servlet.mvc.method.annotation.ExceptionHandlerExceptionResolver][initExceptionHandlerAdviceCache][289]-> Detected @ExceptionHandler methods in requestMappingExceptionHandler
2018-04-01 23:04:07 [INFO][org.springframework.web.servlet.handler.SimpleUrlHandlerMapping][registerHandler][373]-> Mapped URL path [/**/favicon.ico] onto handler of type [class org.springframework.web.servlet.resource.ResourceHttpRequestHandler]
2018-04-01 23:04:07 [INFO][org.springframework.boot.autoconfigure.web.servlet.WelcomePageHandlerMapping][<init>][61]-> Adding welcome page template: index
2018-04-01 23:04:07 [INFO][org.springframework.web.servlet.view.freemarker.FreeMarkerConfigurer][postProcessTemplateLoaders][131]-> ClassTemplateLoader for Spring macros added to FreeMarker configuration
2018-04-01 23:04:08 [INFO][org.quartz.impl.StdSchedulerFactory][instantiate][1208]-> Using default implementation for ThreadExecutor
2018-04-01 23:04:08 [INFO][org.quartz.core.SchedulerSignalerImpl][<init>][61]-> Initialized Scheduler Signaller of type: class org.quartz.core.SchedulerSignalerImpl
2018-04-01 23:04:08 [INFO][org.quartz.core.QuartzScheduler][<init>][229]-> Quartz Scheduler v.2.3.0 created.
2018-04-01 23:04:08 [INFO][org.quartz.simpl.RAMJobStore][initialize][155]-> RAMJobStore initialized.
2018-04-01 23:04:08 [INFO][org.quartz.core.QuartzScheduler][initialize][294]-> Scheduler meta-data: Quartz Scheduler (v2.3.0) 'quartzScheduler' with instanceId 'NON_CLUSTERED'
  Scheduler class: 'org.quartz.core.QuartzScheduler' - running locally.
  NOT STARTED.
  Currently in standby mode.
  Number of jobs executed: 0
  Using thread pool 'org.quartz.simpl.SimpleThreadPool' - with 10 threads.
  Using job-store 'org.quartz.simpl.RAMJobStore' - which does not support persistence. and is not clustered.

2018-04-01 23:04:08 [INFO][org.quartz.impl.StdSchedulerFactory][instantiate][1362]-> Quartz scheduler 'quartzScheduler' initialized from an externally provided properties instance.
2018-04-01 23:04:08 [INFO][org.quartz.impl.StdSchedulerFactory][instantiate][1366]-> Quartz scheduler version: 2.3.0
2018-04-01 23:04:08 [INFO][org.quartz.core.QuartzScheduler][setJobFactory][2287]-> JobFactory set to: org.springframework.boot.autoconfigure.quartz.AutowireCapableBeanJobFactory@673a1ae2
2018-04-01 23:04:09 [INFO][org.springframework.boot.devtools.autoconfigure.OptionalLiveReloadServer][startServer][57]-> LiveReload server is running on port 35729
2018-04-01 23:04:09 [INFO][org.springframework.jmx.export.annotation.AnnotationMBeanExporter][afterSingletonsInstantiated][434]-> Registering beans for JMX exposure on startup
2018-04-01 23:04:09 [INFO][org.springframework.jmx.export.annotation.AnnotationMBeanExporter][autodetect][896]-> Bean with name 'dataSource' has been autodetected for JMX exposure
2018-04-01 23:04:09 [INFO][org.springframework.jmx.export.annotation.AnnotationMBeanExporter][registerBeanInstance][669]-> Located MBean 'dataSource': registering with JMX server as MBean [com.zaxxer.hikari:name=dataSource,type=HikariDataSource]
2018-04-01 23:04:09 [INFO][org.springframework.context.support.DefaultLifecycleProcessor][start][351]-> Starting beans in phase 2147483647
2018-04-01 23:04:09 [INFO][org.springframework.scheduling.quartz.SchedulerFactoryBean][startScheduler][686]-> Starting Quartz Scheduler now
2018-04-01 23:04:09 [INFO][org.quartz.core.QuartzScheduler][start][547]-> Scheduler quartzScheduler_$_NON_CLUSTERED started.
2018-04-01 23:04:09 [INFO][org.springframework.scheduling.annotation.ScheduledAnnotationBeanPostProcessor][finishRegistration][275]-> No TaskScheduler/ScheduledExecutorService bean found for scheduled processing
2018-04-01 23:04:09 [INFO][org.apache.coyote.http11.Http11NioProtocol][log][180]-> Starting ProtocolHandler ["http-nio-9999"]
2018-04-01 23:04:09 [INFO][org.apache.tomcat.util.net.NioSelectorPool][log][180]-> Using a shared selector for servlet write/read
2018-04-01 23:04:09 [INFO][org.springframework.boot.web.embedded.tomcat.TomcatWebServer][start][205]-> Tomcat started on port(s): 9999 (http) with context path ''
2018-04-01 23:04:09 [INFO][com.zym.Design1.Design1Application][logStarted][59]-> Started Design1Application in 10.586 seconds (JVM running for 11.809)
2018-04-01 23:04:30 [INFO][com.zym.Design1.schedule.ScheduledTasks][doDailyTask][25]-> current time : 1522595070001
2018-04-01 23:04:30 [INFO][io.lettuce.core.EpollProvider][info][101]-> Starting without optional epoll library
2018-04-01 23:04:30 [INFO][io.lettuce.core.KqueueProvider][info][101]-> Starting without optional kqueue library
2018-04-01 23:04:30 [INFO][com.zym.Design1.schedule.ScheduledTasks][doDailyTask][29]-> complete userId:1
2018-04-01 23:04:30 [INFO][com.zym.Design1.service.UserService][quartzTask][319]-> user: 2 , bonus: 0, unfrozenEocinNum:0, unfrozenCreditNum：0，total_vc_count: 1322.1000000000008, 
2018-04-01 23:04:30 [INFO][com.zym.Design1.schedule.ScheduledTasks][doDailyTask][29]-> complete userId:2
2018-04-01 23:04:30 [INFO][com.zym.Design1.service.UserService][quartzTask][319]-> user: 3 , bonus: 0, unfrozenEocinNum:0, unfrozenCreditNum：0，total_vc_count: 1322.1000000000008, 
2018-04-01 23:04:30 [INFO][com.zym.Design1.schedule.ScheduledTasks][doDailyTask][29]-> complete userId:3
2018-04-01 23:04:30 [INFO][com.zym.Design1.service.UserService][quartzTask][319]-> user: 4 , bonus: 0, unfrozenEocinNum:0, unfrozenCreditNum：0，total_vc_count: 1322.1000000000008, 
2018-04-01 23:04:30 [INFO][com.zym.Design1.schedule.ScheduledTasks][doDailyTask][29]-> complete userId:4
2018-04-01 23:04:30 [INFO][com.zym.Design1.service.UserService][quartzTask][319]-> user: 5 , bonus: 0, unfrozenEocinNum:0, unfrozenCreditNum：0，total_vc_count: 1322.1000000000008, 
2018-04-01 23:04:30 [INFO][com.zym.Design1.schedule.ScheduledTasks][doDailyTask][29]-> complete userId:5
2018-04-01 23:04:30 [INFO][com.zym.Design1.service.UserService][quartzTask][319]-> user: 9 , bonus: 0, unfrozenEocinNum:0, unfrozenCreditNum：0，total_vc_count: 1322.1000000000008, 
2018-04-01 23:04:30 [INFO][com.zym.Design1.schedule.ScheduledTasks][doDailyTask][29]-> complete userId:9
