2018-04-03 12:35:07 [INFO][com.zym.Design1.Design1Application][logStarting][50]-> Starting Design1Application on DESKTOP-YM with PID 17760 (E:\JavaWorkSpace\Design1\target\classes started by YM in E:\JavaWorkSpace\Design1)
2018-04-03 12:35:07 [INFO][com.zym.Design1.Design1Application][logStartupProfileInfo][652]-> No active profile set, falling back to default profiles: default
2018-04-03 12:35:07 [INFO][org.springframework.boot.web.servlet.context.AnnotationConfigServletWebServerApplicationContext][prepareRefresh][589]-> Refreshing org.springframework.boot.web.servlet.context.AnnotationConfigServletWebServerApplicationContext@7f062088: startup date [Tue Apr 03 12:35:07 CST 2018]; root of context hierarchy
2018-04-03 12:35:08 [INFO][org.springframework.data.repository.config.RepositoryConfigurationDelegate][multipleStoresDetected][163]-> Multiple Spring Data modules found, entering strict repository configuration mode!
2018-04-03 12:35:09 [INFO][org.springframework.context.support.PostProcessorRegistrationDelegate$BeanPostProcessorChecker][postProcessAfterInitialization][328]-> Bean 'org.springframework.transaction.annotation.ProxyTransactionManagementConfiguration' of type [org.springframework.transaction.annotation.ProxyTransactionManagementConfiguration$$EnhancerBySpringCGLIB$$16ef84fd] is not eligible for getting processed by all BeanPostProcessors (for example: not eligible for auto-proxying)
2018-04-03 12:35:09 [ERROR][org.apache.catalina.core.AprLifecycleListener][log][180]-> An incompatible version [1.2.12] of the APR based Apache Tomcat Native library is installed, while Tomcat requires version [1.2.14]
2018-04-03 12:35:09 [INFO][org.springframework.boot.web.embedded.tomcat.TomcatWebServer][initialize][91]-> Tomcat initialized with port(s): 9999 (http)
2018-04-03 12:35:09 [ERROR][org.apache.catalina.core.AprLifecycleListener][log][180]-> An incompatible version [1.2.12] of the APR based Apache Tomcat Native library is installed, while Tomcat requires version [1.2.14]
2018-04-03 12:35:09 [INFO][org.apache.coyote.http11.Http11NioProtocol][log][180]-> Initializing ProtocolHandler ["http-nio-9999"]
2018-04-03 12:35:09 [INFO][org.apache.catalina.core.StandardService][log][180]-> Starting service [Tomcat]
2018-04-03 12:35:09 [INFO][org.apache.catalina.core.StandardEngine][log][180]-> Starting Servlet Engine: Apache Tomcat/8.5.28
2018-04-03 12:35:09 [ERROR][org.apache.catalina.core.AprLifecycleListener][log][180]-> An incompatible version [1.2.12] of the APR based Apache Tomcat Native library is installed, while Tomcat requires version [1.2.14]
2018-04-03 12:35:09 [INFO][org.apache.catalina.core.ContainerBase.[Tomcat].[localhost].[/]][log][180]-> Initializing Spring embedded WebApplicationContext
2018-04-03 12:35:09 [INFO][org.springframework.web.context.ContextLoader][prepareWebApplicationContext][285]-> Root WebApplicationContext: initialization completed in 2716 ms
2018-04-03 12:35:10 [INFO][org.springframework.boot.web.servlet.ServletRegistrationBean][addRegistration][185]-> Servlet validateCodeServlet mapped to [/validateCode]
2018-04-03 12:35:10 [INFO][org.springframework.boot.web.servlet.ServletRegistrationBean][addRegistration][185]-> Servlet dispatcherServlet mapped to [/]
2018-04-03 12:35:10 [INFO][org.springframework.boot.web.servlet.FilterRegistrationBean][configure][243]-> Mapping filter: 'characterEncodingFilter' to: [/*]
2018-04-03 12:35:10 [INFO][org.springframework.boot.web.servlet.FilterRegistrationBean][configure][243]-> Mapping filter: 'hiddenHttpMethodFilter' to: [/*]
2018-04-03 12:35:10 [INFO][org.springframework.boot.web.servlet.FilterRegistrationBean][configure][243]-> Mapping filter: 'httpPutFormContentFilter' to: [/*]
2018-04-03 12:35:10 [INFO][org.springframework.boot.web.servlet.FilterRegistrationBean][configure][243]-> Mapping filter: 'requestContextFilter' to: [/*]
2018-04-03 12:35:10 [INFO][com.zaxxer.hikari.HikariDataSource][getConnection][110]-> HikariPool-1 - Starting...
2018-04-03 12:35:10 [INFO][com.zaxxer.hikari.HikariDataSource][getConnection][123]-> HikariPool-1 - Start completed.
2018-04-03 12:35:10 [INFO][com.zym.Design1.bean.UserLevelRule][afterPropertiesSet][47]-> userCreditMap size: 4
2018-04-03 12:35:10 [INFO][com.zym.Design1.bean.UserLevelRule][afterPropertiesSet][50]-> levelNumMap size: 4
2018-04-03 12:35:12 [INFO][org.springframework.web.servlet.mvc.method.annotation.RequestMappingHandlerAdapter][initControllerAdviceCache][567]-> Looking for @ControllerAdvice: org.springframework.boot.web.servlet.context.AnnotationConfigServletWebServerApplicationContext@7f062088: startup date [Tue Apr 03 12:35:07 CST 2018]; root of context hierarchy
2018-04-03 12:35:12 [INFO][org.springframework.web.servlet.mvc.method.annotation.RequestMappingHandlerMapping][register][548]-> Mapped "{[/admin/approveEncash/{id}],methods=[POST]}" onto public java.lang.String com.zym.Design1.controller.AdminController.approveEncash(java.lang.Integer,java.lang.String)
2018-04-03 12:35:12 [INFO][org.springframework.web.servlet.mvc.method.annotation.RequestMappingHandlerMapping][register][548]-> Mapped "{[/admin/noticeListPage],methods=[GET]}" onto public java.lang.String com.zym.Design1.controller.AdminController.noticeListPage(java.lang.String,org.springframework.ui.Model)
2018-04-03 12:35:12 [INFO][org.springframework.web.servlet.mvc.method.annotation.RequestMappingHandlerMapping][register][548]-> Mapped "{[/admin/readNotice],methods=[GET]}" onto public java.lang.String com.zym.Design1.controller.AdminController.readNoticePage(java.lang.String,java.lang.Integer,org.springframework.ui.Model)
2018-04-03 12:35:12 [INFO][org.springframework.web.servlet.mvc.method.annotation.RequestMappingHandlerMapping][register][548]-> Mapped "{[/admin/editNotice],methods=[POST]}" onto public java.lang.String com.zym.Design1.controller.AdminController.editNotice(java.lang.String,java.lang.String,java.lang.Integer)
2018-04-03 12:35:12 [INFO][org.springframework.web.servlet.mvc.method.annotation.RequestMappingHandlerMapping][register][548]-> Mapped "{[/admin/rejectEncash/{id}],methods=[POST]}" onto public java.lang.String com.zym.Design1.controller.AdminController.rejectEncash(java.lang.Integer,java.lang.String)
2018-04-03 12:35:12 [INFO][org.springframework.web.servlet.mvc.method.annotation.RequestMappingHandlerMapping][register][548]-> Mapped "{[/admin/noticeList],methods=[POST]}" onto public java.lang.String com.zym.Design1.controller.AdminController.noticeList(java.lang.String,java.lang.Integer,java.lang.Integer)
2018-04-03 12:35:12 [INFO][org.springframework.web.servlet.mvc.method.annotation.RequestMappingHandlerMapping][register][548]-> Mapped "{[/admin/editNotice],methods=[GET]}" onto public java.lang.String com.zym.Design1.controller.AdminController.editNoticePage()
2018-04-03 12:35:12 [INFO][org.springframework.web.servlet.mvc.method.annotation.RequestMappingHandlerMapping][register][548]-> Mapped "{[/admin/encashList],methods=[POST]}" onto public java.lang.String com.zym.Design1.controller.AdminController.encashList(java.lang.Integer,java.lang.Integer,java.lang.String,java.lang.String,java.lang.String,org.springframework.ui.Model)
2018-04-03 12:35:12 [INFO][org.springframework.web.servlet.mvc.method.annotation.RequestMappingHandlerMapping][register][548]-> Mapped "{[/admin/encashListPage],methods=[GET]}" onto public java.lang.String com.zym.Design1.controller.AdminController.encashListPage(java.lang.String,org.springframework.ui.Model)
2018-04-03 12:35:12 [INFO][org.springframework.web.servlet.mvc.method.annotation.RequestMappingHandlerMapping][register][548]-> Mapped "{[/superad/getCurrency]}" onto public java.lang.String com.zym.Design1.controller.CurrencyController.getCurrency()
2018-04-03 12:35:12 [INFO][org.springframework.web.servlet.mvc.method.annotation.RequestMappingHandlerMapping][register][548]-> Mapped "{[/superad/setCurrency],methods=[POST]}" onto public void com.zym.Design1.controller.CurrencyController.setCurrency(java.lang.String)
2018-04-03 12:35:12 [INFO][org.springframework.web.servlet.mvc.method.annotation.RequestMappingHandlerMapping][register][548]-> Mapped "{[/member/encash],methods=[GET]}" onto public java.lang.String com.zym.Design1.controller.EncashController.encashPage(org.springframework.ui.Model)
2018-04-03 12:35:12 [INFO][org.springframework.web.servlet.mvc.method.annotation.RequestMappingHandlerMapping][register][548]-> Mapped "{[/member/encash],methods=[POST]}" onto public java.lang.String com.zym.Design1.controller.EncashController.encash(java.lang.Integer,java.lang.String)
2018-04-03 12:35:12 [INFO][org.springframework.web.servlet.mvc.method.annotation.RequestMappingHandlerMapping][register][548]-> Mapped "{[/login],methods=[GET]}" onto public java.lang.String com.zym.Design1.controller.LoginController.loginGet(java.lang.String,org.springframework.ui.Model)
2018-04-03 12:35:12 [INFO][org.springframework.web.servlet.mvc.method.annotation.RequestMappingHandlerMapping][register][548]-> Mapped "{[/reglogin]}" onto public java.lang.String com.zym.Design1.controller.LoginController.reglogin(java.lang.String,org.springframework.ui.Model)
2018-04-03 12:35:12 [INFO][org.springframework.web.servlet.mvc.method.annotation.RequestMappingHandlerMapping][register][548]-> Mapped "{[/login],methods=[POST]}" onto public java.lang.String com.zym.Design1.controller.LoginController.loginPost(java.lang.String,java.lang.String,java.lang.String,org.springframework.ui.Model,javax.servlet.http.HttpServletResponse)
2018-04-03 12:35:12 [INFO][org.springframework.web.servlet.mvc.method.annotation.RequestMappingHandlerMapping][register][548]-> Mapped "{[/logout],methods=[POST || GET]}" onto public java.lang.String com.zym.Design1.controller.LoginController.logout(java.lang.String)
2018-04-03 12:35:12 [INFO][org.springframework.web.servlet.mvc.method.annotation.RequestMappingHandlerMapping][register][548]-> Mapped "{[/member/myOpt]}" onto public java.lang.String com.zym.Design1.controller.MemberController.myOpt(java.lang.String,org.springframework.ui.Model)
2018-04-03 12:35:12 [INFO][org.springframework.web.servlet.mvc.method.annotation.RequestMappingHandlerMapping][register][548]-> Mapped "{[/member/members],methods=[GET]}" onto public java.lang.String com.zym.Design1.controller.MemberController.memberList(java.lang.Integer,java.lang.Integer,java.lang.String,java.lang.String,java.lang.String)
2018-04-03 12:35:12 [INFO][org.springframework.web.servlet.mvc.method.annotation.RequestMappingHandlerMapping][register][548]-> Mapped "{[/member/changePwd],methods=[GET]}" onto public java.lang.String com.zym.Design1.controller.MemberController.changePwdPage()
2018-04-03 12:35:12 [INFO][org.springframework.web.servlet.mvc.method.annotation.RequestMappingHandlerMapping][register][548]-> Mapped "{[/member/eCoinLog],methods=[POST]}" onto public java.lang.String com.zym.Design1.controller.MemberController.addECoinLog(com.zym.Design1.entity.BuyEcoinLog)
2018-04-03 12:35:12 [INFO][org.springframework.web.servlet.mvc.method.annotation.RequestMappingHandlerMapping][register][548]-> Mapped "{[/member/myConnection]}" onto public java.lang.String com.zym.Design1.controller.MemberController.myConnection(java.lang.String,org.springframework.ui.Model)
2018-04-03 12:35:12 [INFO][org.springframework.web.servlet.mvc.method.annotation.RequestMappingHandlerMapping][register][548]-> Mapped "{[/member/chooseOpt],methods=[POST]}" onto public java.lang.String com.zym.Design1.controller.MemberController.chooseOpt(java.lang.Integer)
2018-04-03 12:35:12 [INFO][org.springframework.web.servlet.mvc.method.annotation.RequestMappingHandlerMapping][register][548]-> Mapped "{[/member/modifyOpt],methods=[POST]}" onto public java.lang.String com.zym.Design1.controller.MemberController.modifyOpt(java.lang.Integer)
2018-04-03 12:35:12 [INFO][org.springframework.web.servlet.mvc.method.annotation.RequestMappingHandlerMapping][register][548]-> Mapped "{[/member/members],methods=[POST]}" onto public java.lang.String com.zym.Design1.controller.MemberController.addMember(com.zym.Design1.entity.User)
2018-04-03 12:35:12 [INFO][org.springframework.web.servlet.mvc.method.annotation.RequestMappingHandlerMapping][register][548]-> Mapped "{[/member/memberList]}" onto public java.lang.String com.zym.Design1.controller.MemberController.memberListPage(org.springframework.ui.Model)
2018-04-03 12:35:12 [INFO][org.springframework.web.servlet.mvc.method.annotation.RequestMappingHandlerMapping][register][548]-> Mapped "{[/member/members/{id}],methods=[DELETE]}" onto public java.lang.String com.zym.Design1.controller.MemberController.deleteMember(java.lang.Integer)
2018-04-03 12:35:12 [INFO][org.springframework.web.servlet.mvc.method.annotation.RequestMappingHandlerMapping][register][548]-> Mapped "{[/member/eCoinManage],methods=[GET]}" onto public java.lang.String com.zym.Design1.controller.MemberController.eCoinManage()
2018-04-03 12:35:12 [INFO][org.springframework.web.servlet.mvc.method.annotation.RequestMappingHandlerMapping][register][548]-> Mapped "{[/member/myFin]}" onto public java.lang.String com.zym.Design1.controller.MemberController.ecoinRecordPage(java.lang.String,java.lang.String,org.springframework.ui.Model)
2018-04-03 12:35:12 [INFO][org.springframework.web.servlet.mvc.method.annotation.RequestMappingHandlerMapping][register][548]-> Mapped "{[/member/changePwd],methods=[POST]}" onto public java.lang.String com.zym.Design1.controller.MemberController.changePwdAction(java.lang.String,java.lang.String,java.lang.String)
2018-04-03 12:35:12 [INFO][org.springframework.web.servlet.mvc.method.annotation.RequestMappingHandlerMapping][register][548]-> Mapped "{[/member/myHome],methods=[GET]}" onto public java.lang.String com.zym.Design1.controller.MemberController.myHome(java.lang.String,org.springframework.ui.Model)
2018-04-03 12:35:12 [INFO][org.springframework.web.servlet.mvc.method.annotation.RequestMappingHandlerMapping][register][548]-> Mapped "{[/member/members/{id}],methods=[PUT]}" onto public java.lang.String com.zym.Design1.controller.MemberController.updateMember(com.zym.Design1.entity.User)
2018-04-03 12:35:12 [INFO][org.springframework.web.servlet.mvc.method.annotation.RequestMappingHandlerMapping][register][548]-> Mapped "{[/member/eCoinLog],methods=[GET]}" onto public java.lang.String com.zym.Design1.controller.MemberController.ecoinLogList(java.lang.Integer,java.lang.Integer,java.lang.String,java.lang.String,java.lang.String,java.lang.Integer,java.lang.Integer)
2018-04-03 12:35:12 [INFO][org.springframework.web.servlet.mvc.method.annotation.RequestMappingHandlerMapping][register][548]-> Mapped "{[/member/memberOrgTreeview],methods=[GET]}" onto public java.lang.String com.zym.Design1.controller.MemberController.memberOrgTreeview(java.lang.Integer)
2018-04-03 12:35:12 [INFO][org.springframework.web.servlet.mvc.method.annotation.RequestMappingHandlerMapping][register][548]-> Mapped "{[/member/memberOrgTreeChart],methods=[GET]}" onto public java.lang.String com.zym.Design1.controller.MemberController.memberOrgTreeChart(java.lang.Integer)
2018-04-03 12:35:12 [INFO][org.springframework.web.servlet.mvc.method.annotation.RequestMappingHandlerMapping][register][548]-> Mapped "{[/test]}" onto public java.lang.String com.zym.Design1.controller.TestController.testIndex()
2018-04-03 12:35:12 [INFO][org.springframework.web.servlet.mvc.method.annotation.RequestMappingHandlerMapping][register][548]-> Mapped "{[/signUp1]}" onto public java.lang.String com.zym.Design1.controller.TestController.testSignUp()
2018-04-03 12:35:12 [INFO][org.springframework.web.servlet.mvc.method.annotation.RequestMappingHandlerMapping][register][548]-> Mapped "{[/test2]}" onto public java.lang.String com.zym.Design1.controller.TestController.testTest2()
2018-04-03 12:35:12 [INFO][org.springframework.web.servlet.mvc.method.annotation.RequestMappingHandlerMapping][register][548]-> Mapped "{[/starter]}" onto public java.lang.String com.zym.Design1.controller.TestController.testStarter()
2018-04-03 12:35:12 [INFO][org.springframework.web.servlet.mvc.method.annotation.RequestMappingHandlerMapping][register][548]-> Mapped "{[/test3]}" onto public java.lang.String com.zym.Design1.controller.TestController.testTest3()
2018-04-03 12:35:12 [INFO][org.springframework.web.servlet.mvc.method.annotation.RequestMappingHandlerMapping][register][548]-> Mapped "{[/list]}" onto public com.alibaba.fastjson.JSONArray com.zym.Design1.controller.TestController.testList2()
2018-04-03 12:35:12 [INFO][org.springframework.web.servlet.mvc.method.annotation.RequestMappingHandlerMapping][register][548]-> Mapped "{[/login1]}" onto public java.lang.String com.zym.Design1.controller.TestController.testLogin()
2018-04-03 12:35:12 [INFO][org.springframework.web.servlet.mvc.method.annotation.RequestMappingHandlerMapping][register][548]-> Mapped "{[/data]}" onto public java.lang.String com.zym.Design1.controller.TestController.testData()
2018-04-03 12:35:12 [INFO][org.springframework.web.servlet.mvc.method.annotation.RequestMappingHandlerMapping][register][548]-> Mapped "{[/testImg]}" onto public java.lang.String com.zym.Design1.controller.TestController.testImg()
2018-04-03 12:35:12 [INFO][org.springframework.web.servlet.mvc.method.annotation.RequestMappingHandlerMapping][register][548]-> Mapped "{[/test1]}" onto public java.lang.String com.zym.Design1.controller.TestController.testTest1()
2018-04-03 12:35:12 [INFO][org.springframework.web.servlet.mvc.method.annotation.RequestMappingHandlerMapping][register][548]-> Mapped "{[/list1]}" onto public com.alibaba.fastjson.JSONObject com.zym.Design1.controller.TestController.testList()
2018-04-03 12:35:12 [INFO][org.springframework.web.servlet.mvc.method.annotation.RequestMappingHandlerMapping][register][548]-> Mapped "{[/member/wantToSell || /admin/wantToSell],methods=[POST]}" onto public java.lang.String com.zym.Design1.controller.TradeController.wantToSell(java.math.BigDecimal,java.math.BigDecimal)
2018-04-03 12:35:12 [INFO][org.springframework.web.servlet.mvc.method.annotation.RequestMappingHandlerMapping][register][548]-> Mapped "{[/member/cancelSellTry || /admin/cancelSellTry],methods=[POST]}" onto public java.lang.String com.zym.Design1.controller.TradeController.cancelSellTry(java.lang.String)
2018-04-03 12:35:12 [INFO][org.springframework.web.servlet.mvc.method.annotation.RequestMappingHandlerMapping][register][548]-> Mapped "{[/member/trade || /admin/trade],methods=[GET]}" onto public java.lang.String com.zym.Design1.controller.TradeController.tradingHall(org.springframework.ui.Model,java.lang.String,java.lang.String,java.lang.Integer,java.lang.Integer,java.lang.String,java.lang.String,java.lang.String)
2018-04-03 12:35:12 [INFO][org.springframework.web.servlet.mvc.method.annotation.RequestMappingHandlerMapping][register][548]-> Mapped "{[/member/buyVc || /admin/buyVc],methods=[POST]}" onto public java.lang.String com.zym.Design1.controller.TradeController.buyVc(java.lang.String)
2018-04-03 12:35:12 [INFO][org.springframework.web.servlet.mvc.method.annotation.RequestMappingHandlerMapping][register][548]-> Mapped "{[/401]}" onto public java.lang.String com.zym.Design1.controller.UtilController.page401()
2018-04-03 12:35:12 [INFO][org.springframework.web.servlet.mvc.method.annotation.RequestMappingHandlerMapping][register][548]-> Mapped "{[/isUidNotExist],methods=[POST]}" onto public java.lang.String com.zym.Design1.controller.UtilController.isUidNotExist(java.lang.String)
2018-04-03 12:35:12 [INFO][org.springframework.web.servlet.mvc.method.annotation.RequestMappingHandlerMapping][register][548]-> Mapped "{[/isPwdCorrect],methods=[POST]}" onto public java.lang.String com.zym.Design1.controller.UtilController.isPwdCorrect(java.lang.String)
2018-04-03 12:35:12 [INFO][org.springframework.web.servlet.mvc.method.annotation.RequestMappingHandlerMapping][register][548]-> Mapped "{[/404]}" onto public java.lang.String com.zym.Design1.controller.UtilController.page404()
2018-04-03 12:35:12 [INFO][org.springframework.web.servlet.mvc.method.annotation.RequestMappingHandlerMapping][register][548]-> Mapped "{[/isUidExist],methods=[POST]}" onto public java.lang.String com.zym.Design1.controller.UtilController.isUidExist(java.lang.String)
2018-04-03 12:35:12 [INFO][org.springframework.web.servlet.mvc.method.annotation.RequestMappingHandlerMapping][register][548]-> Mapped "{[/isValidateCodeCorrect]}" onto public java.lang.String com.zym.Design1.controller.UtilController.compareValidateCode(javax.servlet.http.HttpSession,java.lang.String)
2018-04-03 12:35:12 [INFO][org.springframework.web.servlet.mvc.method.annotation.RequestMappingHandlerMapping][register][548]-> Mapped "{[/error]}" onto public java.lang.String com.zym.Design1.exception.FinalExceptionHandler.error(javax.servlet.http.HttpServletResponse,javax.servlet.http.HttpServletRequest)
2018-04-03 12:35:12 [INFO][org.springframework.web.servlet.handler.SimpleUrlHandlerMapping][registerHandler][373]-> Mapped URL path [/templates/**] onto handler of type [class org.springframework.web.servlet.resource.ResourceHttpRequestHandler]
2018-04-03 12:35:12 [INFO][org.springframework.web.servlet.handler.SimpleUrlHandlerMapping][registerHandler][373]-> Mapped URL path [/static/**] onto handler of type [class org.springframework.web.servlet.resource.ResourceHttpRequestHandler]
2018-04-03 12:35:12 [INFO][org.springframework.web.servlet.handler.SimpleUrlHandlerMapping][registerHandler][373]-> Mapped URL path [/webjars/**] onto handler of type [class org.springframework.web.servlet.resource.ResourceHttpRequestHandler]
2018-04-03 12:35:12 [INFO][org.springframework.web.servlet.handler.SimpleUrlHandlerMapping][registerHandler][373]-> Mapped URL path [/**] onto handler of type [class org.springframework.web.servlet.resource.ResourceHttpRequestHandler]
2018-04-03 12:35:12 [INFO][org.springframework.web.servlet.mvc.method.annotation.ExceptionHandlerExceptionResolver][initExceptionHandlerAdviceCache][289]-> Detected @ExceptionHandler methods in exceptionHandlerController
2018-04-03 12:35:12 [INFO][org.springframework.web.servlet.mvc.method.annotation.ExceptionHandlerExceptionResolver][initExceptionHandlerAdviceCache][289]-> Detected @ExceptionHandler methods in requestMappingExceptionHandler
2018-04-03 12:35:12 [INFO][org.springframework.web.servlet.handler.SimpleUrlHandlerMapping][registerHandler][373]-> Mapped URL path [/**/favicon.ico] onto handler of type [class org.springframework.web.servlet.resource.ResourceHttpRequestHandler]
2018-04-03 12:35:12 [INFO][org.springframework.boot.autoconfigure.web.servlet.WelcomePageHandlerMapping][<init>][61]-> Adding welcome page template: index
2018-04-03 12:35:13 [INFO][org.springframework.web.servlet.view.freemarker.FreeMarkerConfigurer][postProcessTemplateLoaders][131]-> ClassTemplateLoader for Spring macros added to FreeMarker configuration
2018-04-03 12:35:13 [INFO][org.quartz.impl.StdSchedulerFactory][instantiate][1208]-> Using default implementation for ThreadExecutor
2018-04-03 12:35:13 [INFO][org.quartz.core.SchedulerSignalerImpl][<init>][61]-> Initialized Scheduler Signaller of type: class org.quartz.core.SchedulerSignalerImpl
2018-04-03 12:35:13 [INFO][org.quartz.core.QuartzScheduler][<init>][229]-> Quartz Scheduler v.2.3.0 created.
2018-04-03 12:35:13 [INFO][org.quartz.simpl.RAMJobStore][initialize][155]-> RAMJobStore initialized.
2018-04-03 12:35:13 [INFO][org.quartz.core.QuartzScheduler][initialize][294]-> Scheduler meta-data: Quartz Scheduler (v2.3.0) 'quartzScheduler' with instanceId 'NON_CLUSTERED'
  Scheduler class: 'org.quartz.core.QuartzScheduler' - running locally.
  NOT STARTED.
  Currently in standby mode.
  Number of jobs executed: 0
  Using thread pool 'org.quartz.simpl.SimpleThreadPool' - with 10 threads.
  Using job-store 'org.quartz.simpl.RAMJobStore' - which does not support persistence. and is not clustered.

2018-04-03 12:35:13 [INFO][org.quartz.impl.StdSchedulerFactory][instantiate][1362]-> Quartz scheduler 'quartzScheduler' initialized from an externally provided properties instance.
2018-04-03 12:35:13 [INFO][org.quartz.impl.StdSchedulerFactory][instantiate][1366]-> Quartz scheduler version: 2.3.0
2018-04-03 12:35:13 [INFO][org.quartz.core.QuartzScheduler][setJobFactory][2287]-> JobFactory set to: org.springframework.boot.autoconfigure.quartz.AutowireCapableBeanJobFactory@56c7abb7
2018-04-03 12:35:14 [INFO][org.springframework.boot.devtools.autoconfigure.OptionalLiveReloadServer][startServer][57]-> LiveReload server is running on port 35729
2018-04-03 12:35:14 [INFO][org.springframework.jmx.export.annotation.AnnotationMBeanExporter][afterSingletonsInstantiated][434]-> Registering beans for JMX exposure on startup
2018-04-03 12:35:14 [INFO][org.springframework.jmx.export.annotation.AnnotationMBeanExporter][autodetect][896]-> Bean with name 'dataSource' has been autodetected for JMX exposure
2018-04-03 12:35:14 [INFO][org.springframework.jmx.export.annotation.AnnotationMBeanExporter][registerBeanInstance][669]-> Located MBean 'dataSource': registering with JMX server as MBean [com.zaxxer.hikari:name=dataSource,type=HikariDataSource]
2018-04-03 12:35:14 [INFO][org.springframework.context.support.DefaultLifecycleProcessor][start][351]-> Starting beans in phase 2147483647
2018-04-03 12:35:14 [INFO][org.springframework.scheduling.quartz.SchedulerFactoryBean][startScheduler][686]-> Starting Quartz Scheduler now
2018-04-03 12:35:14 [INFO][org.quartz.core.QuartzScheduler][start][547]-> Scheduler quartzScheduler_$_NON_CLUSTERED started.
2018-04-03 12:35:14 [INFO][org.springframework.scheduling.annotation.ScheduledAnnotationBeanPostProcessor][finishRegistration][275]-> No TaskScheduler/ScheduledExecutorService bean found for scheduled processing
2018-04-03 12:35:14 [INFO][org.apache.coyote.http11.Http11NioProtocol][log][180]-> Starting ProtocolHandler ["http-nio-9999"]
2018-04-03 12:35:14 [INFO][org.apache.tomcat.util.net.NioSelectorPool][log][180]-> Using a shared selector for servlet write/read
2018-04-03 12:35:14 [INFO][org.springframework.boot.web.embedded.tomcat.TomcatWebServer][start][205]-> Tomcat started on port(s): 9999 (http) with context path ''
2018-04-03 12:35:14 [INFO][com.zym.Design1.Design1Application][logStarted][59]-> Started Design1Application in 8.135 seconds (JVM running for 9.069)
2018-04-03 12:38:01 [ERROR][org.apache.catalina.core.AprLifecycleListener][log][180]-> An incompatible version [1.2.12] of the APR based Apache Tomcat Native library is installed, while Tomcat requires version [1.2.14]
2018-04-03 12:38:01 [INFO][org.apache.catalina.core.ContainerBase.[Tomcat].[localhost].[/]][log][180]-> Initializing Spring FrameworkServlet 'dispatcherServlet'
2018-04-03 12:38:01 [INFO][org.springframework.web.servlet.DispatcherServlet][initServletBean][494]-> FrameworkServlet 'dispatcherServlet': initialization started
2018-04-03 12:38:01 [INFO][org.springframework.web.servlet.DispatcherServlet][initServletBean][513]-> FrameworkServlet 'dispatcherServlet': initialization completed in 34 ms
2018-04-03 12:38:01 [INFO][com.zym.Design1.aspect.LogAspect][beforeMethod][29]-> before method: String com.zym.Design1.controller.LoginController.loginGet(String,Model), args: arg:/member/eCoinManage|arg:{}|
2018-04-03 12:38:01 [INFO][com.zym.Design1.controller.LoginController][loginGet][27]-> next: /member/eCoinManage
2018-04-03 12:38:01 [ERROR][org.apache.catalina.core.AprLifecycleListener][log][180]-> An incompatible version [1.2.12] of the APR based Apache Tomcat Native library is installed, while Tomcat requires version [1.2.14]
2018-04-03 12:38:01 [ERROR][org.apache.catalina.core.AprLifecycleListener][log][180]-> An incompatible version [1.2.12] of the APR based Apache Tomcat Native library is installed, while Tomcat requires version [1.2.14]
2018-04-03 12:38:01 [INFO][com.zym.Design1.util.ValidateCodeServlet][doPost][74]-> vCode: 77M4
2018-04-03 12:38:09 [INFO][com.zym.Design1.aspect.LogAspect][beforeMethod][29]-> before method: String com.zym.Design1.controller.UtilController.compareValidateCode(HttpSession,String), args: arg:org.apache.catalina.session.StandardSessionFacade@4d0d329a|arg:77m4|
2018-04-03 12:38:09 [INFO][com.zym.Design1.aspect.LogAspect][beforeMethod][29]-> before method: String com.zym.Design1.controller.LoginController.loginPost(String,String,String,Model,HttpServletResponse), args: arg:admin|arg:admin|arg:/member/eCoinManage|arg:{}|arg:org.apache.catalina.connector.ResponseFacade@73a7b1|
2018-04-03 12:38:09 [INFO][com.zym.Design1.service.LoginService][addLoginTicket][70]-> 1ea37a99-8d5a-4d28-b356-9235614ddcbf
2018-04-03 12:38:09 [INFO][io.lettuce.core.EpollProvider][info][101]-> Starting without optional epoll library
2018-04-03 12:38:09 [INFO][io.lettuce.core.KqueueProvider][info][101]-> Starting without optional kqueue library
2018-04-03 12:38:10 [INFO][com.zym.Design1.service.LoginService][addLoginTicket][73]-> USER_SESSION:1ea37a99-8d5a-4d28-b356-9235614ddcbf
2018-04-03 12:38:10 [INFO][com.zym.Design1.service.LoginService][addLoginTicket][74]-> 1
2018-04-03 12:38:10 [INFO][com.zym.Design1.controller.LoginController][loginPost][39]-> {code=0, ticket=1ea37a99-8d5a-4d28-b356-9235614ddcbf}
2018-04-03 12:38:10 [INFO][com.zym.Design1.aspect.LogAspect][beforeMethod][29]-> before method: String com.zym.Design1.controller.MemberController.eCoinManage(), args: 
2018-04-03 12:38:10 [ERROR][org.apache.catalina.core.AprLifecycleListener][log][180]-> An incompatible version [1.2.12] of the APR based Apache Tomcat Native library is installed, while Tomcat requires version [1.2.14]
2018-04-03 12:38:10 [ERROR][org.apache.catalina.core.AprLifecycleListener][log][180]-> An incompatible version [1.2.12] of the APR based Apache Tomcat Native library is installed, while Tomcat requires version [1.2.14]
2018-04-03 12:38:10 [ERROR][org.apache.catalina.core.AprLifecycleListener][log][180]-> An incompatible version [1.2.12] of the APR based Apache Tomcat Native library is installed, while Tomcat requires version [1.2.14]
2018-04-03 12:38:10 [INFO][com.zym.Design1.aspect.LogAspect][beforeMethod][29]-> before method: String com.zym.Design1.controller.MemberController.memberList(Integer,Integer,String,String,String), args: arg:1|arg:5|arg:asc|
2018-04-03 12:38:10 [INFO][com.zym.Design1.aspect.LogAspect][beforeMethod][29]-> before method: String com.zym.Design1.controller.MemberController.ecoinLogList(Integer,Integer,String,String,String,Integer,Integer), args: arg:1|arg:5|arg:asc|
2018-04-03 12:38:46 [INFO][com.zym.Design1.aspect.LogAspect][beforeMethod][29]-> before method: String com.zym.Design1.controller.MemberController.eCoinManage(), args: 
2018-04-03 12:38:47 [INFO][com.zym.Design1.aspect.LogAspect][beforeMethod][29]-> before method: String com.zym.Design1.controller.MemberController.memberList(Integer,Integer,String,String,String), args: arg:1|arg:5|arg:asc|
2018-04-03 12:38:47 [INFO][com.zym.Design1.aspect.LogAspect][beforeMethod][29]-> before method: String com.zym.Design1.controller.MemberController.ecoinLogList(Integer,Integer,String,String,String,Integer,Integer), args: arg:1|arg:5|arg:asc|
2018-04-03 12:38:52 [INFO][com.zym.Design1.aspect.LogAspect][beforeMethod][29]-> before method: String com.zym.Design1.controller.MemberController.memberListPage(Model), args: arg:{}|
2018-04-03 12:38:53 [INFO][com.zym.Design1.aspect.LogAspect][beforeMethod][29]-> before method: String com.zym.Design1.controller.MemberController.memberList(Integer,Integer,String,String,String), args: arg:1|arg:10|arg:asc|
2018-04-03 12:39:56 [INFO][com.zym.Design1.aspect.LogAspect][beforeMethod][29]-> before method: String com.zym.Design1.controller.UtilController.isUidNotExist(String), args: arg:xx01|
2018-04-03 12:40:06 [INFO][com.zym.Design1.aspect.LogAspect][beforeMethod][29]-> before method: String com.zym.Design1.controller.MemberController.addMember(User), args: arg:com.zym.Design1.entity.User@496e960b|
2018-04-03 12:40:06 [INFO][com.zym.Design1.aspect.LogAspect][beforeMethod][29]-> before method: String com.zym.Design1.controller.MemberController.memberList(Integer,Integer,String,String,String), args: arg:1|arg:10|arg:asc|
2018-04-03 12:40:12 [INFO][com.zym.Design1.aspect.LogAspect][beforeMethod][29]-> before method: String com.zym.Design1.controller.UtilController.isUidNotExist(String), args: arg:xx02|
2018-04-03 12:40:20 [INFO][com.zym.Design1.aspect.LogAspect][beforeMethod][29]-> before method: String com.zym.Design1.controller.UtilController.isUidExist(String), args: arg:xx01|
2018-04-03 12:40:22 [INFO][com.zym.Design1.aspect.LogAspect][beforeMethod][29]-> before method: String com.zym.Design1.controller.MemberController.addMember(User), args: arg:com.zym.Design1.entity.User@537dd223|
2018-04-03 12:40:22 [INFO][com.zym.Design1.aspect.LogAspect][beforeMethod][29]-> before method: String com.zym.Design1.controller.MemberController.memberList(Integer,Integer,String,String,String), args: arg:1|arg:10|arg:asc|
2018-04-03 12:40:28 [INFO][com.zym.Design1.aspect.LogAspect][beforeMethod][29]-> before method: String com.zym.Design1.controller.UtilController.isUidNotExist(String), args: arg:xx03|
2018-04-03 12:44:41 [INFO][com.zym.Design1.aspect.LogAspect][beforeMethod][29]-> before method: String com.zym.Design1.controller.MemberController.addMember(User), args: arg:com.zym.Design1.entity.User@2560619c|
2018-04-03 12:44:41 [INFO][com.zym.Design1.aspect.LogAspect][beforeMethod][29]-> before method: String com.zym.Design1.controller.MemberController.memberList(Integer,Integer,String,String,String), args: arg:1|arg:10|arg:asc|
2018-04-03 12:45:21 [INFO][com.zym.Design1.aspect.LogAspect][beforeMethod][29]-> before method: String com.zym.Design1.controller.UtilController.isUidNotExist(String), args: arg:XX04|
2018-04-03 12:45:26 [INFO][com.zym.Design1.aspect.LogAspect][beforeMethod][29]-> before method: String com.zym.Design1.controller.UtilController.isUidNotExist(String), args: arg:xx04|
2018-04-03 12:45:32 [INFO][com.zym.Design1.aspect.LogAspect][beforeMethod][29]-> before method: String com.zym.Design1.controller.UtilController.isUidExist(String), args: arg:xx02|
2018-04-03 12:45:36 [INFO][com.zym.Design1.aspect.LogAspect][beforeMethod][29]-> before method: String com.zym.Design1.controller.MemberController.addMember(User), args: arg:com.zym.Design1.entity.User@9defa92|
2018-04-03 12:45:36 [INFO][com.zym.Design1.aspect.LogAspect][beforeMethod][29]-> before method: String com.zym.Design1.controller.MemberController.memberList(Integer,Integer,String,String,String), args: arg:1|arg:10|arg:asc|
2018-04-03 12:45:40 [INFO][com.zym.Design1.aspect.LogAspect][beforeMethod][29]-> before method: String com.zym.Design1.controller.MemberController.eCoinManage(), args: 
2018-04-03 12:45:41 [INFO][com.zym.Design1.aspect.LogAspect][beforeMethod][29]-> before method: String com.zym.Design1.controller.MemberController.memberList(Integer,Integer,String,String,String), args: arg:1|arg:5|arg:asc|
2018-04-03 12:45:41 [INFO][com.zym.Design1.aspect.LogAspect][beforeMethod][29]-> before method: String com.zym.Design1.controller.MemberController.ecoinLogList(Integer,Integer,String,String,String,Integer,Integer), args: arg:1|arg:5|arg:asc|
2018-04-03 12:45:47 [INFO][com.zym.Design1.aspect.LogAspect][beforeMethod][29]-> before method: String com.zym.Design1.controller.MemberController.ecoinLogList(Integer,Integer,String,String,String,Integer,Integer), args: arg:1|arg:5|arg:asc|arg:7|
2018-04-03 12:45:54 [INFO][com.zym.Design1.aspect.LogAspect][beforeMethod][29]-> before method: String com.zym.Design1.controller.MemberController.addECoinLog(BuyEcoinLog), args: arg:com.zym.Design1.entity.BuyEcoinLog@5ccbf678|
2018-04-03 12:45:54 [INFO][com.zym.Design1.aspect.LogAspect][beforeMethod][29]-> before method: String com.zym.Design1.controller.MemberController.ecoinLogList(Integer,Integer,String,String,String,Integer,Integer), args: arg:1|arg:5|arg:asc|arg:7|
2018-04-03 12:45:54 [INFO][com.zym.Design1.aspect.LogAspect][beforeMethod][29]-> before method: String com.zym.Design1.controller.MemberController.memberList(Integer,Integer,String,String,String), args: arg:1|arg:5|arg:asc|
2018-04-03 12:45:57 [INFO][com.zym.Design1.aspect.LogAspect][beforeMethod][29]-> before method: String com.zym.Design1.controller.MemberController.ecoinLogList(Integer,Integer,String,String,String,Integer,Integer), args: arg:1|arg:5|arg:asc|arg:9|
2018-04-03 12:46:09 [INFO][com.zym.Design1.aspect.LogAspect][beforeMethod][29]-> before method: String com.zym.Design1.controller.MemberController.addECoinLog(BuyEcoinLog), args: arg:com.zym.Design1.entity.BuyEcoinLog@2ac6f693|
2018-04-03 12:46:09 [INFO][com.zym.Design1.aspect.LogAspect][beforeMethod][29]-> before method: String com.zym.Design1.controller.MemberController.ecoinLogList(Integer,Integer,String,String,String,Integer,Integer), args: arg:1|arg:5|arg:asc|arg:9|
2018-04-03 12:46:09 [INFO][com.zym.Design1.aspect.LogAspect][beforeMethod][29]-> before method: String com.zym.Design1.controller.MemberController.memberList(Integer,Integer,String,String,String), args: arg:1|arg:5|arg:asc|
2018-04-03 12:46:34 [INFO][com.zym.Design1.aspect.LogAspect][beforeMethod][29]-> before method: String com.zym.Design1.controller.UtilController.compareValidateCode(HttpSession,String), args: arg:org.apache.catalina.session.StandardSessionFacade@75ac575|arg:qe2n|
2018-04-03 12:46:34 [INFO][com.zym.Design1.exception.ExceptionHandlerController][allExceptionHandler][21]-> ================【开始打印异常信息】================
2018-04-03 12:46:34 [ERROR][com.zym.Design1.exception.ExceptionHandlerController][allExceptionHandler][22]-> 具体错误信息:【null】
2018-04-03 12:46:34 [ERROR][com.zym.Design1.exception.ExceptionHandlerController][allExceptionHandler][25]-> com.zym.Design1.controller.UtilController.compareValidateCode(UtilController.java:36)
2018-04-03 12:46:34 [ERROR][com.zym.Design1.exception.ExceptionHandlerController][allExceptionHandler][25]-> com.zym.Design1.controller.UtilController$$FastClassBySpringCGLIB$$92d67648.invoke(<generated>)
2018-04-03 12:46:34 [ERROR][com.zym.Design1.exception.ExceptionHandlerController][allExceptionHandler][25]-> org.springframework.cglib.proxy.MethodProxy.invoke(MethodProxy.java:204)
2018-04-03 12:46:34 [ERROR][com.zym.Design1.exception.ExceptionHandlerController][allExceptionHandler][25]-> org.springframework.aop.framework.CglibAopProxy$CglibMethodInvocation.invokeJoinpoint(CglibAopProxy.java:747)
2018-04-03 12:46:34 [ERROR][com.zym.Design1.exception.ExceptionHandlerController][allExceptionHandler][25]-> org.springframework.aop.framework.ReflectiveMethodInvocation.proceed(ReflectiveMethodInvocation.java:163)
2018-04-03 12:46:34 [ERROR][com.zym.Design1.exception.ExceptionHandlerController][allExceptionHandler][25]-> org.springframework.aop.framework.adapter.MethodBeforeAdviceInterceptor.invoke(MethodBeforeAdviceInterceptor.java:52)
2018-04-03 12:46:34 [ERROR][com.zym.Design1.exception.ExceptionHandlerController][allExceptionHandler][25]-> org.springframework.aop.framework.ReflectiveMethodInvocation.proceed(ReflectiveMethodInvocation.java:185)
2018-04-03 12:46:34 [ERROR][com.zym.Design1.exception.ExceptionHandlerController][allExceptionHandler][25]-> org.springframework.aop.interceptor.ExposeInvocationInterceptor.invoke(ExposeInvocationInterceptor.java:92)
2018-04-03 12:46:34 [ERROR][com.zym.Design1.exception.ExceptionHandlerController][allExceptionHandler][25]-> org.springframework.aop.framework.ReflectiveMethodInvocation.proceed(ReflectiveMethodInvocation.java:185)
2018-04-03 12:46:34 [ERROR][com.zym.Design1.exception.ExceptionHandlerController][allExceptionHandler][25]-> org.springframework.aop.framework.CglibAopProxy$DynamicAdvisedInterceptor.intercept(CglibAopProxy.java:689)
2018-04-03 12:46:34 [ERROR][com.zym.Design1.exception.ExceptionHandlerController][allExceptionHandler][25]-> com.zym.Design1.controller.UtilController$$EnhancerBySpringCGLIB$$9e6af77c.compareValidateCode(<generated>)
2018-04-03 12:46:34 [ERROR][com.zym.Design1.exception.ExceptionHandlerController][allExceptionHandler][25]-> sun.reflect.NativeMethodAccessorImpl.invoke0(Native Method)
2018-04-03 12:46:34 [ERROR][com.zym.Design1.exception.ExceptionHandlerController][allExceptionHandler][25]-> sun.reflect.NativeMethodAccessorImpl.invoke(NativeMethodAccessorImpl.java:62)
2018-04-03 12:46:34 [ERROR][com.zym.Design1.exception.ExceptionHandlerController][allExceptionHandler][25]-> sun.reflect.DelegatingMethodAccessorImpl.invoke(DelegatingMethodAccessorImpl.java:43)
2018-04-03 12:46:34 [ERROR][com.zym.Design1.exception.ExceptionHandlerController][allExceptionHandler][25]-> java.lang.reflect.Method.invoke(Method.java:498)
2018-04-03 12:46:34 [INFO][com.zym.Design1.exception.ExceptionHandlerController][allExceptionHandler][28]-> ================【异常信息打印完毕】================
2018-04-03 12:46:34 [INFO][com.zym.Design1.exception.ExceptionHandlerController][allExceptionHandler][35]-> return JSON msg
2018-04-03 12:46:34 [WARN][org.springframework.web.servlet.mvc.method.annotation.ExceptionHandlerExceptionResolver][logException][193]-> Resolved exception caused by Handler execution: java.lang.NullPointerException
2018-04-03 12:46:43 [INFO][com.zym.Design1.aspect.LogAspect][beforeMethod][29]-> before method: String com.zym.Design1.controller.UtilController.compareValidateCode(HttpSession,String), args: arg:org.apache.catalina.session.StandardSessionFacade@75ac575|arg:oe2n|
2018-04-03 12:46:43 [INFO][com.zym.Design1.exception.ExceptionHandlerController][allExceptionHandler][21]-> ================【开始打印异常信息】================
2018-04-03 12:46:43 [ERROR][com.zym.Design1.exception.ExceptionHandlerController][allExceptionHandler][22]-> 具体错误信息:【null】
2018-04-03 12:46:43 [ERROR][com.zym.Design1.exception.ExceptionHandlerController][allExceptionHandler][25]-> com.zym.Design1.controller.UtilController.compareValidateCode(UtilController.java:36)
2018-04-03 12:46:43 [ERROR][com.zym.Design1.exception.ExceptionHandlerController][allExceptionHandler][25]-> com.zym.Design1.controller.UtilController$$FastClassBySpringCGLIB$$92d67648.invoke(<generated>)
2018-04-03 12:46:43 [ERROR][com.zym.Design1.exception.ExceptionHandlerController][allExceptionHandler][25]-> org.springframework.cglib.proxy.MethodProxy.invoke(MethodProxy.java:204)
2018-04-03 12:46:43 [ERROR][com.zym.Design1.exception.ExceptionHandlerController][allExceptionHandler][25]-> org.springframework.aop.framework.CglibAopProxy$CglibMethodInvocation.invokeJoinpoint(CglibAopProxy.java:747)
2018-04-03 12:46:43 [ERROR][com.zym.Design1.exception.ExceptionHandlerController][allExceptionHandler][25]-> org.springframework.aop.framework.ReflectiveMethodInvocation.proceed(ReflectiveMethodInvocation.java:163)
2018-04-03 12:46:43 [ERROR][com.zym.Design1.exception.ExceptionHandlerController][allExceptionHandler][25]-> org.springframework.aop.framework.adapter.MethodBeforeAdviceInterceptor.invoke(MethodBeforeAdviceInterceptor.java:52)
2018-04-03 12:46:43 [ERROR][com.zym.Design1.exception.ExceptionHandlerController][allExceptionHandler][25]-> org.springframework.aop.framework.ReflectiveMethodInvocation.proceed(ReflectiveMethodInvocation.java:185)
2018-04-03 12:46:43 [ERROR][com.zym.Design1.exception.ExceptionHandlerController][allExceptionHandler][25]-> org.springframework.aop.interceptor.ExposeInvocationInterceptor.invoke(ExposeInvocationInterceptor.java:92)
2018-04-03 12:46:43 [ERROR][com.zym.Design1.exception.ExceptionHandlerController][allExceptionHandler][25]-> org.springframework.aop.framework.ReflectiveMethodInvocation.proceed(ReflectiveMethodInvocation.java:185)
2018-04-03 12:46:43 [ERROR][com.zym.Design1.exception.ExceptionHandlerController][allExceptionHandler][25]-> org.springframework.aop.framework.CglibAopProxy$DynamicAdvisedInterceptor.intercept(CglibAopProxy.java:689)
2018-04-03 12:46:43 [ERROR][com.zym.Design1.exception.ExceptionHandlerController][allExceptionHandler][25]-> com.zym.Design1.controller.UtilController$$EnhancerBySpringCGLIB$$9e6af77c.compareValidateCode(<generated>)
2018-04-03 12:46:43 [ERROR][com.zym.Design1.exception.ExceptionHandlerController][allExceptionHandler][25]-> sun.reflect.NativeMethodAccessorImpl.invoke0(Native Method)
2018-04-03 12:46:43 [ERROR][com.zym.Design1.exception.ExceptionHandlerController][allExceptionHandler][25]-> sun.reflect.NativeMethodAccessorImpl.invoke(NativeMethodAccessorImpl.java:62)
2018-04-03 12:46:43 [ERROR][com.zym.Design1.exception.ExceptionHandlerController][allExceptionHandler][25]-> sun.reflect.DelegatingMethodAccessorImpl.invoke(DelegatingMethodAccessorImpl.java:43)
2018-04-03 12:46:43 [ERROR][com.zym.Design1.exception.ExceptionHandlerController][allExceptionHandler][25]-> java.lang.reflect.Method.invoke(Method.java:498)
2018-04-03 12:46:43 [INFO][com.zym.Design1.exception.ExceptionHandlerController][allExceptionHandler][28]-> ================【异常信息打印完毕】================
2018-04-03 12:46:43 [INFO][com.zym.Design1.exception.ExceptionHandlerController][allExceptionHandler][35]-> return JSON msg
2018-04-03 12:46:43 [WARN][org.springframework.web.servlet.mvc.method.annotation.ExceptionHandlerExceptionResolver][logException][193]-> Resolved exception caused by Handler execution: java.lang.NullPointerException
2018-04-03 12:46:45 [INFO][com.zym.Design1.util.ValidateCodeServlet][doPost][74]-> vCode: A3CH
2018-04-03 12:46:48 [INFO][com.zym.Design1.aspect.LogAspect][beforeMethod][29]-> before method: String com.zym.Design1.controller.UtilController.compareValidateCode(HttpSession,String), args: arg:org.apache.catalina.session.StandardSessionFacade@75ac575|arg:a3ch|
2018-04-03 12:46:50 [INFO][com.zym.Design1.aspect.LogAspect][beforeMethod][29]-> before method: String com.zym.Design1.controller.LoginController.loginPost(String,String,String,Model,HttpServletResponse), args: arg:xx02|arg:00000000|arg:/member/myOpt|arg:{}|arg:org.apache.catalina.connector.ResponseFacade@51c3f2ae|
2018-04-03 12:46:50 [INFO][com.zym.Design1.service.LoginService][addLoginTicket][70]-> ba746307-ceab-42a9-98fb-b2f2253bfdbd
2018-04-03 12:46:50 [INFO][com.zym.Design1.service.LoginService][addLoginTicket][73]-> USER_SESSION:ba746307-ceab-42a9-98fb-b2f2253bfdbd
2018-04-03 12:46:50 [INFO][com.zym.Design1.service.LoginService][addLoginTicket][74]-> 7
2018-04-03 12:46:50 [INFO][com.zym.Design1.controller.LoginController][loginPost][39]-> {code=0, ticket=ba746307-ceab-42a9-98fb-b2f2253bfdbd}
2018-04-03 12:46:50 [INFO][com.zym.Design1.aspect.LogAspect][beforeMethod][29]-> before method: String com.zym.Design1.controller.MemberController.myOpt(String,Model), args: arg:myOpt|arg:{}|
2018-04-03 12:47:11 [INFO][com.zym.Design1.aspect.LogAspect][beforeMethod][29]-> before method: String com.zym.Design1.controller.MemberController.chooseOpt(Integer), args: arg:3|
2018-04-03 12:47:12 [INFO][com.zym.Design1.aspect.LogAspect][beforeMethod][29]-> before method: String com.zym.Design1.controller.MemberController.myOpt(String,Model), args: arg:myOpt|arg:{}|
2018-04-03 12:48:46 [INFO][com.zym.Design1.aspect.LogAspect][beforeMethod][29]-> before method: String com.zym.Design1.controller.MemberController.ecoinLogList(Integer,Integer,String,String,String,Integer,Integer), args: arg:1|arg:5|arg:asc|arg:9|
2018-04-03 12:48:49 [INFO][com.zym.Design1.aspect.LogAspect][beforeMethod][29]-> before method: String com.zym.Design1.controller.MemberController.ecoinLogList(Integer,Integer,String,String,String,Integer,Integer), args: arg:1|arg:5|arg:asc|arg:8|
2018-04-03 12:48:53 [INFO][com.zym.Design1.aspect.LogAspect][beforeMethod][29]-> before method: String com.zym.Design1.controller.LoginController.logout(String), args: arg:ba746307-ceab-42a9-98fb-b2f2253bfdbd|
2018-04-03 12:48:53 [INFO][com.zym.Design1.service.LoginService][logout][64]-> delete redis key: ba746307-ceab-42a9-98fb-b2f2253bfdbd
2018-04-03 12:48:53 [INFO][com.zym.Design1.aspect.LogAspect][beforeMethod][29]-> before method: String com.zym.Design1.controller.LoginController.loginGet(String,Model), args: arg:{}|
2018-04-03 12:48:53 [INFO][com.zym.Design1.controller.LoginController][loginGet][27]-> next: null
2018-04-03 12:48:53 [INFO][com.zym.Design1.util.ValidateCodeServlet][doPost][74]-> vCode: T8AN
2018-04-03 12:49:01 [INFO][com.zym.Design1.aspect.LogAspect][beforeMethod][29]-> before method: String com.zym.Design1.controller.UtilController.compareValidateCode(HttpSession,String), args: arg:org.apache.catalina.session.StandardSessionFacade@75ac575|arg:t8an|
2018-04-03 12:49:02 [INFO][com.zym.Design1.aspect.LogAspect][beforeMethod][29]-> before method: String com.zym.Design1.controller.LoginController.loginPost(String,String,String,Model,HttpServletResponse), args: arg:xx03|arg:00000000|arg:{}|arg:org.apache.catalina.connector.ResponseFacade@51c3f2ae|
2018-04-03 12:49:02 [INFO][com.zym.Design1.service.LoginService][addLoginTicket][70]-> 51d8d7ea-8b3f-4204-9aba-0114e51d1860
2018-04-03 12:49:02 [INFO][com.zym.Design1.service.LoginService][addLoginTicket][73]-> USER_SESSION:51d8d7ea-8b3f-4204-9aba-0114e51d1860
2018-04-03 12:49:02 [INFO][com.zym.Design1.service.LoginService][addLoginTicket][74]-> 8
2018-04-03 12:49:02 [INFO][com.zym.Design1.controller.LoginController][loginPost][39]-> {code=0, ticket=51d8d7ea-8b3f-4204-9aba-0114e51d1860}
2018-04-03 12:49:02 [INFO][com.zym.Design1.aspect.LogAspect][beforeMethod][29]-> before method: String com.zym.Design1.controller.MemberController.myHome(String,Model), args: arg:myHome|arg:{}|
2018-04-03 12:49:04 [INFO][com.zym.Design1.aspect.LogAspect][beforeMethod][29]-> before method: String com.zym.Design1.controller.MemberController.myOpt(String,Model), args: arg:myOpt|arg:{}|
2018-04-03 12:49:10 [INFO][com.zym.Design1.aspect.LogAspect][beforeMethod][29]-> before method: String com.zym.Design1.controller.MemberController.chooseOpt(Integer), args: arg:2|
2018-04-03 12:49:11 [INFO][com.zym.Design1.aspect.LogAspect][beforeMethod][29]-> before method: String com.zym.Design1.controller.MemberController.myOpt(String,Model), args: arg:myOpt|arg:{}|
2018-04-03 12:50:15 [INFO][com.zym.Design1.aspect.LogAspect][beforeMethod][29]-> before method: String com.zym.Design1.controller.LoginController.logout(String), args: arg:51d8d7ea-8b3f-4204-9aba-0114e51d1860|
2018-04-03 12:50:15 [INFO][com.zym.Design1.service.LoginService][logout][64]-> delete redis key: 51d8d7ea-8b3f-4204-9aba-0114e51d1860
2018-04-03 12:50:16 [INFO][com.zym.Design1.aspect.LogAspect][beforeMethod][29]-> before method: String com.zym.Design1.controller.LoginController.loginGet(String,Model), args: arg:{}|
2018-04-03 12:50:16 [INFO][com.zym.Design1.controller.LoginController][loginGet][27]-> next: null
2018-04-03 12:50:16 [INFO][com.zym.Design1.util.ValidateCodeServlet][doPost][74]-> vCode: 599M
2018-04-03 12:50:23 [INFO][com.zym.Design1.aspect.LogAspect][beforeMethod][29]-> before method: String com.zym.Design1.controller.UtilController.compareValidateCode(HttpSession,String), args: arg:org.apache.catalina.session.StandardSessionFacade@75ac575|arg:599m|
2018-04-03 12:50:24 [INFO][com.zym.Design1.aspect.LogAspect][beforeMethod][29]-> before method: String com.zym.Design1.controller.LoginController.loginPost(String,String,String,Model,HttpServletResponse), args: arg:xx04|arg:00000000|arg:{}|arg:org.apache.catalina.connector.ResponseFacade@51c3f2ae|
2018-04-03 12:50:24 [INFO][com.zym.Design1.service.LoginService][addLoginTicket][70]-> 4b4def77-53f7-4b01-9b10-cd1b79b47b17
2018-04-03 12:50:24 [INFO][com.zym.Design1.service.LoginService][addLoginTicket][73]-> USER_SESSION:4b4def77-53f7-4b01-9b10-cd1b79b47b17
2018-04-03 12:50:24 [INFO][com.zym.Design1.service.LoginService][addLoginTicket][74]-> 9
2018-04-03 12:50:24 [INFO][com.zym.Design1.controller.LoginController][loginPost][39]-> {code=0, ticket=4b4def77-53f7-4b01-9b10-cd1b79b47b17}
2018-04-03 12:50:24 [INFO][com.zym.Design1.aspect.LogAspect][beforeMethod][29]-> before method: String com.zym.Design1.controller.MemberController.myHome(String,Model), args: arg:myHome|arg:{}|
2018-04-03 12:50:27 [INFO][com.zym.Design1.aspect.LogAspect][beforeMethod][29]-> before method: String com.zym.Design1.controller.MemberController.myConnection(String,Model), args: arg:myConnection|arg:{}|
2018-04-03 12:50:28 [INFO][com.zym.Design1.aspect.LogAspect][beforeMethod][29]-> before method: String com.zym.Design1.controller.MemberController.memberOrgTreeview(Integer), args: arg:9|
2018-04-03 12:50:28 [INFO][com.zym.Design1.aspect.LogAspect][beforeMethod][29]-> before method: String com.zym.Design1.controller.MemberController.memberOrgTreeChart(Integer), args: arg:9|
2018-04-03 12:50:28 [INFO][com.zym.Design1.service.OrgService][getOrgOfIdForTreeviewJson][51]-> children count:0
2018-04-03 12:50:28 [INFO][com.zym.Design1.service.OrgService][getOrgOfIdForTreeviewJson][53]-> [{"borderColor":"#FFFFFF","state.expanded":true,"collapseIcon":"glyphicon glyphicon-chevron-right","color":"#48b","expandIcon":"glyphicon glyphicon-chevron-down","selectable":false,"icon":"glyphicon glyphicon-user","back":"#FFFFFF","text":"xx04 | xx04","state":{"expanded":true},"showBorder":false,"childrenCount":0}]
2018-04-03 12:50:28 [INFO][com.zym.Design1.service.OrgService][getOrgOfIdForTreeChartJson][60]-> {"symbol":"rect","symbolSize":[70,30],"name":"xx04 \n xx04","label":{"normal":{"show":true,"fontSize":12}},"value":"xx04 \n xx04"}
2018-04-03 12:50:29 [INFO][com.zym.Design1.aspect.LogAspect][beforeMethod][29]-> before method: String com.zym.Design1.controller.MemberController.myOpt(String,Model), args: arg:myOpt|arg:{}|
2018-04-03 12:50:33 [INFO][com.zym.Design1.aspect.LogAspect][beforeMethod][29]-> before method: String com.zym.Design1.controller.MemberController.chooseOpt(Integer), args: arg:1|
2018-04-03 12:50:34 [INFO][com.zym.Design1.aspect.LogAspect][beforeMethod][29]-> before method: String com.zym.Design1.controller.MemberController.myOpt(String,Model), args: arg:myOpt|arg:{}|
2018-04-03 12:50:55 [INFO][com.zym.Design1.aspect.LogAspect][beforeMethod][29]-> before method: String com.zym.Design1.controller.MemberController.memberOrgTreeChart(Integer), args: arg:6|
2018-04-03 12:50:55 [INFO][com.zym.Design1.aspect.LogAspect][beforeMethod][29]-> before method: String com.zym.Design1.controller.MemberController.memberOrgTreeview(Integer), args: arg:6|
2018-04-03 12:50:55 [INFO][com.zym.Design1.service.OrgService][getOrgOfIdForTreeviewJson][51]-> children count:2
2018-04-03 12:50:55 [INFO][com.zym.Design1.service.OrgService][getOrgOfIdForTreeviewJson][53]-> [{"borderColor":"#FFFFFF","color":"#48b","selectable":false,"icon":"glyphicon glyphicon-user","back":"#FFFFFF","showBorder":false,"nodes":[{"borderColor":"#FFFFFF","nodes":[{"borderColor":"#FFFFFF","state.expanded":true,"collapseIcon":"glyphicon glyphicon-chevron-right","color":"#48b","expandIcon":"glyphicon glyphicon-chevron-down","selectable":false,"icon":"glyphicon glyphicon-user","back":"#FFFFFF","text":"xx04 | xx04","state":{"expanded":true},"showBorder":false}],"state.expanded":true,"collapseIcon":"glyphicon glyphicon-chevron-right","color":"#48b","expandIcon":"glyphicon glyphicon-chevron-down","selectable":false,"icon":"glyphicon glyphicon-user","back":"#FFFFFF","text":"xx02 | xx02","state":{"expanded":true},"showBorder":false}],"state.expanded":true,"collapseIcon":"glyphicon glyphicon-chevron-right","expandIcon":"glyphicon glyphicon-chevron-down","text":"xx01 | xx01","state":{"expanded":true},"childrenCount":2}]
2018-04-03 12:50:55 [INFO][com.zym.Design1.service.OrgService][getOrgOfIdForTreeChartJson][60]-> {"symbol":"rect","symbolSize":[70,30],"children":[{"symbol":"rect","symbolSize":[70,30],"children":[{"symbol":"rect","symbolSize":[70,30],"name":"xx04 \n xx04","label":{"normal":{"show":true,"fontSize":12}},"value":"xx04 \n xx04"}],"name":"xx02 \n xx02","label":{"normal":{"show":true,"fontSize":12}},"value":"xx02 \n xx02"}],"name":"xx01 \n xx01","label":{"normal":{"show":true,"fontSize":12}},"value":"xx01 \n xx01"}
