2018-06-01 12:29:02 [INFO][com.zym.Design1.Design1Application][logStarting][50]-> Starting Design1Application on DESKTOP-YM with PID 9832 (started by YM in E:\JavaWorkSpace\Design1 - 副本)
2018-06-01 12:29:02 [INFO][com.zym.Design1.Design1Application][logStartupProfileInfo][652]-> No active profile set, falling back to default profiles: default
2018-06-01 12:29:03 [INFO][org.springframework.boot.web.servlet.context.AnnotationConfigServletWebServerApplicationContext][prepareRefresh][589]-> Refreshing org.springframework.boot.web.servlet.context.AnnotationConfigServletWebServerApplicationContext@44426c4: startup date [Fri Jun 01 12:29:03 CST 2018]; root of context hierarchy
2018-06-01 12:29:06 [INFO][org.springframework.data.repository.config.RepositoryConfigurationDelegate][multipleStoresDetected][163]-> Multiple Spring Data modules found, entering strict repository configuration mode!
2018-06-01 12:29:07 [INFO][org.springframework.context.support.PostProcessorRegistrationDelegate$BeanPostProcessorChecker][postProcessAfterInitialization][328]-> Bean 'org.springframework.transaction.annotation.ProxyTransactionManagementConfiguration' of type [org.springframework.transaction.annotation.ProxyTransactionManagementConfiguration$$EnhancerBySpringCGLIB$$73c50c20] is not eligible for getting processed by all BeanPostProcessors (for example: not eligible for auto-proxying)
2018-06-01 12:29:07 [INFO][org.springframework.context.support.PostProcessorRegistrationDelegate$BeanPostProcessorChecker][postProcessAfterInitialization][328]-> Bean 'redisConfig' of type [com.zym.Design1.config.RedisConfig$$EnhancerBySpringCGLIB$$4064b81e] is not eligible for getting processed by all BeanPostProcessors (for example: not eligible for auto-proxying)
2018-06-01 12:29:07 [INFO][org.springframework.context.support.PostProcessorRegistrationDelegate$BeanPostProcessorChecker][postProcessAfterInitialization][328]-> Bean 'keyGenerator' of type [com.zym.Design1.config.RedisConfig$1] is not eligible for getting processed by all BeanPostProcessors (for example: not eligible for auto-proxying)
2018-06-01 12:29:07 [INFO][org.springframework.context.support.PostProcessorRegistrationDelegate$BeanPostProcessorChecker][postProcessAfterInitialization][328]-> Bean 'org.springframework.cache.annotation.ProxyCachingConfiguration' of type [org.springframework.cache.annotation.ProxyCachingConfiguration$$EnhancerBySpringCGLIB$$bcd7423e] is not eligible for getting processed by all BeanPostProcessors (for example: not eligible for auto-proxying)
2018-06-01 12:29:08 [ERROR][org.apache.catalina.core.AprLifecycleListener][log][180]-> An incompatible version [1.2.12] of the APR based Apache Tomcat Native library is installed, while Tomcat requires version [1.2.14]
2018-06-01 12:29:09 [INFO][org.springframework.boot.web.embedded.tomcat.TomcatWebServer][initialize][91]-> Tomcat initialized with port(s): 8080 (http)
2018-06-01 12:29:09 [ERROR][org.apache.catalina.core.AprLifecycleListener][log][180]-> An incompatible version [1.2.12] of the APR based Apache Tomcat Native library is installed, while Tomcat requires version [1.2.14]
2018-06-01 12:29:09 [INFO][org.apache.coyote.http11.Http11NioProtocol][log][180]-> Initializing ProtocolHandler ["http-nio-127.0.0.1-8080"]
2018-06-01 12:29:09 [INFO][org.apache.catalina.core.StandardService][log][180]-> Starting service [Tomcat]
2018-06-01 12:29:09 [INFO][org.apache.catalina.core.StandardEngine][log][180]-> Starting Servlet Engine: Apache Tomcat/8.5.28
2018-06-01 12:29:09 [ERROR][org.apache.catalina.core.AprLifecycleListener][log][180]-> An incompatible version [1.2.12] of the APR based Apache Tomcat Native library is installed, while Tomcat requires version [1.2.14]
2018-06-01 12:29:09 [INFO][org.apache.catalina.core.ContainerBase.[Tomcat].[localhost].[/]][log][180]-> Initializing Spring embedded WebApplicationContext
2018-06-01 12:29:09 [INFO][org.springframework.web.context.ContextLoader][prepareWebApplicationContext][285]-> Root WebApplicationContext: initialization completed in 6346 ms
2018-06-01 12:29:10 [INFO][com.alibaba.druid.spring.boot.autoconfigure.DruidDataSourceAutoConfigure][dataSource][56]-> Init DruidDataSource
2018-06-01 12:29:12 [INFO][com.alibaba.druid.pool.DruidDataSource][init][928]-> {dataSource-1} inited
2018-06-01 12:29:13 [INFO][org.springframework.boot.web.servlet.ServletRegistrationBean][addRegistration][185]-> Servlet statViewServlet mapped to [/druid/*]
2018-06-01 12:29:13 [INFO][org.springframework.boot.web.servlet.ServletRegistrationBean][addRegistration][185]-> Servlet dispatcherServlet mapped to [/]
2018-06-01 12:29:13 [INFO][org.springframework.boot.web.servlet.ServletRegistrationBean][addRegistration][185]-> Servlet statViewServlet mapped to [/druid/*]
2018-06-01 12:29:13 [INFO][org.springframework.boot.web.servlet.RegistrationBean][register][111]-> Servlet statViewServlet was not registered (possibly already registered?)
2018-06-01 12:29:13 [INFO][org.springframework.boot.web.servlet.ServletRegistrationBean][addRegistration][185]-> Servlet com.zym.Design1.util.ValidateCodeServlet mapped to [/validateCode]
2018-06-01 12:29:13 [INFO][org.springframework.boot.web.servlet.FilterRegistrationBean][configure][243]-> Mapping filter: 'characterEncodingFilter' to: [/*]
2018-06-01 12:29:13 [INFO][org.springframework.boot.web.servlet.FilterRegistrationBean][configure][243]-> Mapping filter: 'hiddenHttpMethodFilter' to: [/*]
2018-06-01 12:29:13 [INFO][org.springframework.boot.web.servlet.FilterRegistrationBean][configure][243]-> Mapping filter: 'httpPutFormContentFilter' to: [/*]
2018-06-01 12:29:13 [INFO][org.springframework.boot.web.servlet.FilterRegistrationBean][configure][243]-> Mapping filter: 'requestContextFilter' to: [/*]
2018-06-01 12:29:13 [INFO][org.springframework.boot.web.servlet.FilterRegistrationBean][configure][243]-> Mapping filter: 'httpTraceFilter' to: [/*]
2018-06-01 12:29:13 [INFO][org.springframework.boot.web.servlet.FilterRegistrationBean][configure][256]-> Mapping filter: 'webStatFilter' to urls: [/*]
2018-06-01 12:29:13 [INFO][org.springframework.boot.web.servlet.RegistrationBean][register][111]-> Filter webStatFilter was not registered (possibly already registered?)
2018-06-01 12:29:13 [INFO][org.springframework.boot.web.servlet.FilterRegistrationBean][configure][243]-> Mapping filter: 'webMvcMetricsFilter' to: [/*]
2018-06-01 12:29:14 [INFO][com.zym.Design1.aspect.LogAspect][beforeMethod][44]-> before method: List com.zym.Design1.dao.RuleMapper.selectByExample(RuleExample), args: com.zym.Design1.entity.RuleExample@46934355,
2018-06-01 12:29:14 [INFO][com.zym.Design1.bean.UserLevelRule][afterPropertiesSet][51]-> userCreditMap size: 8
2018-06-01 12:29:14 [INFO][com.zym.Design1.aspect.LogAspect][beforeMethod][44]-> before method: List com.zym.Design1.dao.OrgRuleMapper.selectByExample(OrgRuleExample), args: com.zym.Design1.entity.OrgRuleExample@123223ab,
2018-06-01 12:29:14 [INFO][com.zym.Design1.bean.UserLevelRule][afterPropertiesSet][54]-> levelNumMap size: 4
2018-06-01 12:29:14 [INFO][com.zym.Design1.bean.UserLevelRule][afterPropertiesSet][57]-> ruleListEarlyPhase size: 4
2018-06-01 12:29:14 [INFO][com.zym.Design1.bean.UserLevelRule][afterPropertiesSet][58]-> ruleListLatePhase size: 4
2018-06-01 12:29:15 [WARN][org.springframework.beans.factory.annotation.AutowiredAnnotationBeanPostProcessor][lambda$buildAutowiringMetadata$1][438]-> Autowired annotation is not supported on static fields: public static final java.lang.String com.zym.Design1.exception.DefaultErrorController.ERROR_PATH
2018-06-01 12:29:16 [INFO][org.springframework.web.servlet.mvc.method.annotation.RequestMappingHandlerAdapter][initControllerAdviceCache][567]-> Looking for @ControllerAdvice: org.springframework.boot.web.servlet.context.AnnotationConfigServletWebServerApplicationContext@44426c4: startup date [Fri Jun 01 12:29:03 CST 2018]; root of context hierarchy
2018-06-01 12:29:16 [INFO][org.springframework.web.servlet.mvc.method.annotation.RequestMappingHandlerMapping][register][548]-> Mapped "{[/admin/tradeList],methods=[POST]}" onto public java.lang.String com.zym.Design1.controller.AdminController.tradeList(org.springframework.ui.Model,java.lang.String,java.lang.Integer,java.lang.Integer,java.lang.String)
2018-06-01 12:29:16 [INFO][org.springframework.web.servlet.mvc.method.annotation.RequestMappingHandlerMapping][register][548]-> Mapped "{[/admin/tradeSoldList],methods=[POST]}" onto public java.lang.String com.zym.Design1.controller.AdminController.tradeSoldList(org.springframework.ui.Model,java.lang.Integer,java.lang.Integer,java.lang.String,java.lang.String,java.lang.String)
2018-06-01 12:29:16 [INFO][org.springframework.web.servlet.mvc.method.annotation.RequestMappingHandlerMapping][register][548]-> Mapped "{[/admin/rejectEncash/{id}],methods=[POST]}" onto public java.lang.String com.zym.Design1.controller.AdminController.rejectEncash(java.lang.Integer,java.lang.String)
2018-06-01 12:29:16 [INFO][org.springframework.web.servlet.mvc.method.annotation.RequestMappingHandlerMapping][register][548]-> Mapped "{[/admin/approveEncash/{id}],methods=[POST]}" onto public java.lang.String com.zym.Design1.controller.AdminController.approveEncash(java.lang.Integer,java.lang.String)
2018-06-01 12:29:16 [INFO][org.springframework.web.servlet.mvc.method.annotation.RequestMappingHandlerMapping][register][548]-> Mapped "{[/admin/finDetailAll],methods=[POST]}" onto public java.lang.String com.zym.Design1.controller.AdminController.finDetail(java.lang.Integer,java.lang.Integer,java.lang.String,org.springframework.ui.Model)
2018-06-01 12:29:16 [INFO][org.springframework.web.servlet.mvc.method.annotation.RequestMappingHandlerMapping][register][548]-> Mapped "{[/admin/trend]}" onto public java.lang.String com.zym.Design1.controller.CurrencyController.trend(org.springframework.ui.Model,java.lang.String)
2018-06-01 12:29:16 [INFO][org.springframework.web.servlet.mvc.method.annotation.RequestMappingHandlerMapping][register][548]-> Mapped "{[/admin/recordVcPrice]}" onto public java.lang.String com.zym.Design1.controller.CurrencyController.recordVcPrice(java.math.BigDecimal)
2018-06-01 12:29:16 [INFO][org.springframework.web.servlet.mvc.method.annotation.RequestMappingHandlerMapping][register][548]-> Mapped "{[/admin/closeEarlyPhase],methods=[POST]}" onto public java.lang.String com.zym.Design1.controller.CurrencyController.closeEarlyPhase()
2018-06-01 12:29:16 [INFO][org.springframework.web.servlet.mvc.method.annotation.RequestMappingHandlerMapping][register][548]-> Mapped "{[/admin/increaseAdminVc],methods=[POST]}" onto public java.lang.String com.zym.Design1.controller.CurrencyController.increaseAdminVc(java.math.BigDecimal)
2018-06-01 12:29:16 [INFO][org.springframework.web.servlet.mvc.method.annotation.RequestMappingHandlerMapping][register][548]-> Mapped "{[/member/encashRecord || /admin/encashRecord],methods=[POST]}" onto public java.lang.String com.zym.Design1.controller.EncashController.encashList(java.lang.Integer,java.lang.Integer,java.lang.String,java.lang.String,java.lang.String,org.springframework.ui.Model)
2018-06-01 12:29:16 [INFO][org.springframework.web.servlet.mvc.method.annotation.RequestMappingHandlerMapping][register][548]-> Mapped "{[/member/encash || /admin/encash],methods=[POST]}" onto public java.lang.String com.zym.Design1.controller.EncashController.encash(java.lang.Integer,java.lang.String)
2018-06-01 12:29:16 [INFO][org.springframework.web.servlet.mvc.method.annotation.RequestMappingHandlerMapping][register][548]-> Mapped "{[/member/finDetail || /admin/finDetail],methods=[POST]}" onto public java.lang.String com.zym.Design1.controller.FinController.finDetail(java.lang.Integer,java.lang.Integer,org.springframework.ui.Model)
2018-06-01 12:29:16 [INFO][org.springframework.web.servlet.mvc.method.annotation.RequestMappingHandlerMapping][register][548]-> Mapped "{[/member/myFin || /admin/myFin],methods=[GET]}" onto public java.lang.String com.zym.Design1.controller.FinController.ecoinRecordPage(java.lang.String,java.lang.String,org.springframework.ui.Model)
2018-06-01 12:29:16 [INFO][org.springframework.web.servlet.mvc.method.annotation.RequestMappingHandlerMapping][register][548]-> Mapped "{[/]}" onto public java.lang.String com.zym.Design1.controller.LoginController.index(org.springframework.ui.Model)
2018-06-01 12:29:16 [INFO][org.springframework.web.servlet.mvc.method.annotation.RequestMappingHandlerMapping][register][548]-> Mapped "{[/main]}" onto public java.lang.String com.zym.Design1.controller.LoginController.main(org.springframework.ui.Model)
2018-06-01 12:29:16 [INFO][org.springframework.web.servlet.mvc.method.annotation.RequestMappingHandlerMapping][register][548]-> Mapped "{[/login],methods=[POST]}" onto public java.lang.String com.zym.Design1.controller.LoginController.loginPost(javax.servlet.http.HttpSession,java.lang.String,java.lang.String,java.lang.String,java.lang.String,org.springframework.ui.Model,javax.servlet.http.HttpServletResponse)
2018-06-01 12:29:16 [INFO][org.springframework.web.servlet.mvc.method.annotation.RequestMappingHandlerMapping][register][548]-> Mapped "{[/reglogin]}" onto public java.lang.String com.zym.Design1.controller.LoginController.reglogin(java.lang.String,org.springframework.ui.Model)
2018-06-01 12:29:16 [INFO][org.springframework.web.servlet.mvc.method.annotation.RequestMappingHandlerMapping][register][548]-> Mapped "{[/logout],methods=[POST || GET]}" onto public java.lang.String com.zym.Design1.controller.LoginController.logout(java.lang.String)
2018-06-01 12:29:16 [INFO][org.springframework.web.servlet.mvc.method.annotation.RequestMappingHandlerMapping][register][548]-> Mapped "{[/login],methods=[GET]}" onto public java.lang.String com.zym.Design1.controller.LoginController.loginGet(java.lang.String,org.springframework.ui.Model)
2018-06-01 12:29:16 [INFO][org.springframework.web.servlet.mvc.method.annotation.RequestMappingHandlerMapping][register][548]-> Mapped "{[/member/changeTradePwd || /admin/changeTradePwd],methods=[POST]}" onto public java.lang.String com.zym.Design1.controller.MemberController.changeTradePwdAction(java.lang.String,java.lang.String,java.lang.String)
2018-06-01 12:29:16 [INFO][org.springframework.web.servlet.mvc.method.annotation.RequestMappingHandlerMapping][register][548]-> Mapped "{[/member/myConnection || /admin/myConnection]}" onto public java.lang.String com.zym.Design1.controller.MemberController.myConnection(java.lang.String,org.springframework.ui.Model)
2018-06-01 12:29:16 [INFO][org.springframework.web.servlet.mvc.method.annotation.RequestMappingHandlerMapping][register][548]-> Mapped "{[/member/chooseOpt || /admin/chooseOpt],methods=[POST]}" onto public java.lang.String com.zym.Design1.controller.MemberController.chooseOpt(java.lang.Integer)
2018-06-01 12:29:16 [INFO][org.springframework.web.servlet.mvc.method.annotation.RequestMappingHandlerMapping][register][548]-> Mapped "{[/member/myHome || /member/ || /admin/myHome || /admin/],methods=[GET]}" onto public java.lang.String com.zym.Design1.controller.MemberController.myHome(java.lang.String,org.springframework.ui.Model)
2018-06-01 12:29:16 [INFO][org.springframework.web.servlet.mvc.method.annotation.RequestMappingHandlerMapping][register][548]-> Mapped "{[/member/ecoinLog || /admin/ecoinLog],methods=[POST]}" onto public java.lang.String com.zym.Design1.controller.MemberController.ecoinLogList(java.lang.Integer,java.lang.Integer,java.lang.String,java.lang.String,java.lang.String)
2018-06-01 12:29:16 [INFO][org.springframework.web.servlet.mvc.method.annotation.RequestMappingHandlerMapping][register][548]-> Mapped "{[/member/401 || /admin/401]}" onto public java.lang.String com.zym.Design1.controller.MemberController.page401()
2018-06-01 12:29:16 [INFO][org.springframework.web.servlet.mvc.method.annotation.RequestMappingHandlerMapping][register][548]-> Mapped "{[/member/myOpt || /admin/myOpt]}" onto public java.lang.String com.zym.Design1.controller.MemberController.myOpt(java.lang.String,org.springframework.ui.Model)
2018-06-01 12:29:16 [INFO][org.springframework.web.servlet.mvc.method.annotation.RequestMappingHandlerMapping][register][548]-> Mapped "{[/member/404 || /admin/404]}" onto public java.lang.String com.zym.Design1.controller.MemberController.page404()
2018-06-01 12:29:16 [INFO][org.springframework.web.servlet.mvc.method.annotation.RequestMappingHandlerMapping][register][548]-> Mapped "{[/member/modifyOpt || /admin/modifyOpt],methods=[POST]}" onto public java.lang.String com.zym.Design1.controller.MemberController.modifyOpt(java.lang.Integer)
2018-06-01 12:29:16 [INFO][org.springframework.web.servlet.mvc.method.annotation.RequestMappingHandlerMapping][register][548]-> Mapped "{[/member/addToCart || /admin/addToCart],methods=[POST]}" onto public java.lang.String com.zym.Design1.controller.MemberController.addToCart(java.lang.Integer,java.lang.Integer)
2018-06-01 12:29:16 [INFO][org.springframework.web.servlet.mvc.method.annotation.RequestMappingHandlerMapping][register][548]-> Mapped "{[/member/updateCart || /admin/updateCart]}" onto public java.lang.String com.zym.Design1.controller.MemberController.updateCart(java.lang.String)
2018-06-01 12:29:16 [INFO][org.springframework.web.servlet.mvc.method.annotation.RequestMappingHandlerMapping][register][548]-> Mapped "{[/member/buyCart || /admin/buyCart],methods=[POST]}" onto public java.lang.String com.zym.Design1.controller.MemberController.buyCart(java.lang.String,java.math.BigDecimal,java.lang.Integer,java.lang.String,java.lang.String,java.lang.String)
2018-06-01 12:29:16 [INFO][org.springframework.web.servlet.mvc.method.annotation.RequestMappingHandlerMapping][register][548]-> Mapped "{[/member/cart || /admin/cart],methods=[GET]}" onto public java.lang.String com.zym.Design1.controller.MemberController.cart(org.springframework.ui.Model)
2018-06-01 12:29:16 [INFO][org.springframework.web.servlet.mvc.method.annotation.RequestMappingHandlerMapping][register][548]-> Mapped "{[/member/shopRecord || /admin/shopRecord],methods=[POST]}" onto public java.lang.String com.zym.Design1.controller.MemberController.shopRecord(java.lang.Integer,java.lang.Integer)
2018-06-01 12:29:16 [INFO][org.springframework.web.servlet.mvc.method.annotation.RequestMappingHandlerMapping][register][548]-> Mapped "{[/member/shopRecord || /admin/shopRecord],methods=[GET]}" onto public java.lang.String com.zym.Design1.controller.MemberController.shopRecord(org.springframework.ui.Model,java.lang.String,java.lang.String)
2018-06-01 12:29:16 [INFO][org.springframework.web.servlet.mvc.method.annotation.RequestMappingHandlerMapping][register][548]-> Mapped "{[/admin/confirmAndSendGoods || /op/confirmAndSendGoods],methods=[POST]}" onto public java.lang.String com.zym.Design1.controller.OpController.comfirmAndSendGoods(java.lang.String)
2018-06-01 12:29:16 [INFO][org.springframework.web.servlet.mvc.method.annotation.RequestMappingHandlerMapping][register][548]-> Mapped "{[/admin/goodsTradeHistory || /op/goodsTradeHistory],methods=[GET]}" onto public java.lang.String com.zym.Design1.controller.OpController.goodsTradeHistory(org.springframework.ui.Model,java.lang.String,java.lang.String)
2018-06-01 12:29:16 [INFO][org.springframework.web.servlet.mvc.method.annotation.RequestMappingHandlerMapping][register][548]-> Mapped "{[/admin/goodsTradeHistory || /op/goodsTradeHistory],methods=[POST]}" onto public java.lang.String com.zym.Design1.controller.OpController.goodsTradeHistory(java.lang.Integer,java.lang.String,java.lang.String,java.lang.String,java.lang.Integer,java.lang.Integer)
2018-06-01 12:29:16 [INFO][org.springframework.web.servlet.mvc.method.annotation.RequestMappingHandlerMapping][register][548]-> Mapped "{[/admin/encashList || /op/encashList],methods=[POST]}" onto public java.lang.String com.zym.Design1.controller.OpController.encashList(java.lang.Integer,java.lang.Integer,java.lang.String,java.lang.String,java.lang.String,java.lang.String,org.springframework.ui.Model)
2018-06-01 12:29:16 [INFO][org.springframework.web.servlet.mvc.method.annotation.RequestMappingHandlerMapping][register][548]-> Mapped "{[/admin/ecoinLogList || /op/ecoinLogList],methods=[POST]}" onto public java.lang.String com.zym.Design1.controller.OpController.ecoinLogList(java.lang.Integer,java.lang.Integer,java.lang.String,java.lang.String,java.lang.String,java.lang.Integer,java.lang.Integer)
2018-06-01 12:29:16 [INFO][org.springframework.web.servlet.mvc.method.annotation.RequestMappingHandlerMapping][register][548]-> Mapped "{[/admin/encashManage || /op/encashManage],methods=[GET]}" onto public java.lang.String com.zym.Design1.controller.OpController.encashListPage(java.lang.String,java.lang.String,org.springframework.ui.Model)
2018-06-01 12:29:16 [INFO][org.springframework.web.servlet.mvc.method.annotation.RequestMappingHandlerMapping][register][548]-> Mapped "{[/admin/ecoinLogAdd || /op/ecoinLogAdd],methods=[POST]}" onto public java.lang.String com.zym.Design1.controller.OpController.addECoinLog(com.zym.Design1.entity.BuyEcoinLog)
2018-06-01 12:29:16 [INFO][org.springframework.web.servlet.mvc.method.annotation.RequestMappingHandlerMapping][register][548]-> Mapped "{[/admin/members/{id} || /op/members/{id}],methods=[PUT]}" onto public java.lang.String com.zym.Design1.controller.OpController.updateMember(com.zym.Design1.entity.User)
2018-06-01 12:29:16 [INFO][org.springframework.web.servlet.mvc.method.annotation.RequestMappingHandlerMapping][register][548]-> Mapped "{[/admin/memberManage || /op/memberManage],methods=[GET]}" onto public java.lang.String com.zym.Design1.controller.OpController.memberListPage(org.springframework.ui.Model,java.lang.String,java.lang.String)
2018-06-01 12:29:16 [INFO][org.springframework.web.servlet.mvc.method.annotation.RequestMappingHandlerMapping][register][548]-> Mapped "{[/admin/memberlist || /op/memberlist],methods=[POST]}" onto public java.lang.String com.zym.Design1.controller.OpController.memberList(java.lang.Integer,java.lang.Integer,java.lang.String,java.lang.String,java.lang.String)
2018-06-01 12:29:16 [INFO][org.springframework.web.servlet.mvc.method.annotation.RequestMappingHandlerMapping][register][548]-> Mapped "{[/admin/noticeListPage || /op/noticeListPage],methods=[GET]}" onto public java.lang.String com.zym.Design1.controller.OpController.noticeListPage(java.lang.String,org.springframework.ui.Model)
2018-06-01 12:29:16 [INFO][org.springframework.web.servlet.mvc.method.annotation.RequestMappingHandlerMapping][register][548]-> Mapped "{[/admin/ecoinManage || /op/ecoinManage],methods=[GET]}" onto public java.lang.String com.zym.Design1.controller.OpController.eCoinManage()
2018-06-01 12:29:16 [INFO][org.springframework.web.servlet.mvc.method.annotation.RequestMappingHandlerMapping][register][548]-> Mapped "{[/admin/resetTradePwd || /op/resetTradePwd],methods=[POST]}" onto public java.lang.String com.zym.Design1.controller.OpController.restTradePwd(java.lang.Integer)
2018-06-01 12:29:16 [INFO][org.springframework.web.servlet.mvc.method.annotation.RequestMappingHandlerMapping][register][548]-> Mapped "{[/admin/members/{id} || /op/members/{id}],methods=[DELETE]}" onto public java.lang.String com.zym.Design1.controller.OpController.deleteMember(java.lang.Integer)
2018-06-01 12:29:16 [INFO][org.springframework.web.servlet.mvc.method.annotation.RequestMappingHandlerMapping][register][548]-> Mapped "{[/admin/resetLoginPwd || /op/resetLoginPwd],methods=[POST]}" onto public java.lang.String com.zym.Design1.controller.OpController.restLoginPwd(java.lang.Integer)
2018-06-01 12:29:16 [INFO][org.springframework.web.servlet.mvc.method.annotation.RequestMappingHandlerMapping][register][548]-> Mapped "{[/admin/editGoods || /op/editGoods],methods=[GET]}" onto public java.lang.String com.zym.Design1.controller.OpController.editGoodsPage(java.lang.Integer,org.springframework.ui.Model,java.lang.String,java.lang.String)
2018-06-01 12:29:16 [INFO][org.springframework.web.servlet.mvc.method.annotation.RequestMappingHandlerMapping][register][548]-> Mapped "{[/admin/addGoods || /op/addGoods],methods=[POST]}" onto public java.lang.String com.zym.Design1.controller.OpController.addGoods(java.lang.String,java.math.BigDecimal,java.lang.Integer,java.lang.String,java.lang.String,java.lang.Integer) throws java.io.IOException
2018-06-01 12:29:16 [INFO][org.springframework.web.servlet.mvc.method.annotation.RequestMappingHandlerMapping][register][548]-> Mapped "{[/admin/members || /op/members],methods=[POST]}" onto public java.lang.String com.zym.Design1.controller.OpController.addMember(com.zym.Design1.entity.User)
2018-06-01 12:29:16 [INFO][org.springframework.web.servlet.mvc.method.annotation.RequestMappingHandlerMapping][register][548]-> Mapped "{[/admin/editNotice || /op/editNotice],methods=[POST]}" onto public java.lang.String com.zym.Design1.controller.OpController.editNotice(java.lang.String,java.lang.String,java.lang.Integer)
2018-06-01 12:29:16 [INFO][org.springframework.web.servlet.mvc.method.annotation.RequestMappingHandlerMapping][register][548]-> Mapped "{[/admin/editNotice || /op/editNotice],methods=[GET]}" onto public java.lang.String com.zym.Design1.controller.OpController.editNoticePage(java.lang.Integer,org.springframework.ui.Model)
2018-06-01 12:29:16 [INFO][org.springframework.web.servlet.mvc.method.annotation.RequestMappingHandlerMapping][register][548]-> Mapped "{[/admin/uploadImage || /op/uploadImage],methods=[POST]}" onto public java.lang.String com.zym.Design1.controller.OpController.uploadImage(org.springframework.web.multipart.MultipartFile) throws java.lang.Exception
2018-06-01 12:29:16 [INFO][org.springframework.web.servlet.mvc.method.annotation.RequestMappingHandlerMapping][register][548]-> Mapped "{[/admin/putOnShelf || /op/putOnShelf],methods=[POST]}" onto public java.lang.String com.zym.Design1.controller.OpController.putOnShelf(java.lang.String)
2018-06-01 12:29:16 [INFO][org.springframework.web.servlet.mvc.method.annotation.RequestMappingHandlerMapping][register][548]-> Mapped "{[/admin/pullOffShelf || /op/pullOffShelf],methods=[POST]}" onto public java.lang.String com.zym.Design1.controller.OpController.pullOffShelf(java.lang.String)
2018-06-01 12:29:16 [INFO][org.springframework.web.servlet.mvc.method.annotation.RequestMappingHandlerMapping][register][548]-> Mapped "{[/admin/allShopRecord || /op/allShopRecord],methods=[GET]}" onto public java.lang.String com.zym.Design1.controller.OpController.allShopRecord(org.springframework.ui.Model,java.lang.String,java.lang.String)
2018-06-01 12:29:16 [INFO][org.springframework.web.servlet.mvc.method.annotation.RequestMappingHandlerMapping][register][548]-> Mapped "{[/admin/allShopRecord || /op/allShopRecord],methods=[POST]}" onto public java.lang.String com.zym.Design1.controller.OpController.allShopRecord(java.lang.Integer,java.lang.Integer,java.lang.String,java.lang.String,java.lang.String,java.lang.String,java.lang.String)
2018-06-01 12:29:16 [INFO][org.springframework.web.servlet.mvc.method.annotation.RequestMappingHandlerMapping][register][548]-> Mapped "{[/admin/goodsList || /op/goodsList],methods=[POST]}" onto public java.lang.String com.zym.Design1.controller.OpController.goodsList(java.lang.Integer,java.lang.String,java.lang.String,java.lang.Integer,java.lang.Integer)
2018-06-01 12:29:16 [INFO][org.springframework.web.servlet.mvc.method.annotation.RequestMappingHandlerMapping][register][548]-> Mapped "{[/admin/goodsList || /op/goodsList],methods=[GET]}" onto public java.lang.String com.zym.Design1.controller.OpController.goodsList(org.springframework.ui.Model,java.lang.String,java.lang.String)
2018-06-01 12:29:16 [INFO][org.springframework.web.servlet.mvc.method.annotation.RequestMappingHandlerMapping][register][548]-> Mapped "{[/admin/lackGoods || /op/lackGoods],methods=[POST]}" onto public java.lang.String com.zym.Design1.controller.OpController.lackGoods(java.lang.String)
2018-06-01 12:29:16 [INFO][org.springframework.web.servlet.mvc.method.annotation.RequestMappingHandlerMapping][register][548]-> Mapped "{[/category]}" onto public java.lang.String com.zym.Design1.controller.ShopController.category(org.springframework.ui.Model,java.lang.Integer,java.lang.Integer,java.lang.Integer)
2018-06-01 12:29:16 [INFO][org.springframework.web.servlet.mvc.method.annotation.RequestMappingHandlerMapping][register][548]-> Mapped "{[/single],methods=[GET]}" onto public java.lang.String com.zym.Design1.controller.ShopController.detail(java.lang.Integer,org.springframework.ui.Model)
2018-06-01 12:29:16 [INFO][org.springframework.web.servlet.mvc.method.annotation.RequestMappingHandlerMapping][register][548]-> Mapped "{[/addToCart],methods=[POST]}" onto public java.lang.String com.zym.Design1.controller.ShopController.addToCart(java.lang.Integer,java.lang.Integer)
2018-06-01 12:29:16 [INFO][org.springframework.web.servlet.mvc.method.annotation.RequestMappingHandlerMapping][register][548]-> Mapped "{[/cart],methods=[GET]}" onto public java.lang.String com.zym.Design1.controller.ShopController.cart(org.springframework.ui.Model)
2018-06-01 12:29:16 [INFO][org.springframework.web.servlet.mvc.method.annotation.RequestMappingHandlerMapping][register][548]-> Mapped "{[/checkout],methods=[GET]}" onto public java.lang.String com.zym.Design1.controller.ShopController.checkout(org.springframework.ui.Model)
2018-06-01 12:29:16 [INFO][org.springframework.web.servlet.mvc.method.annotation.RequestMappingHandlerMapping][register][548]-> Mapped "{[/shop]}" onto public java.lang.String com.zym.Design1.controller.ShopController.shop(org.springframework.ui.Model)
2018-06-01 12:29:16 [INFO][org.springframework.web.servlet.mvc.method.annotation.RequestMappingHandlerMapping][register][548]-> Mapped "{[/member/sell || /admin/sell],methods=[POST]}" onto public java.lang.String com.zym.Design1.controller.TradeController.sell(javax.servlet.http.HttpServletRequest,java.math.BigDecimal,java.math.BigDecimal,java.lang.String)
2018-06-01 12:29:16 [INFO][org.springframework.web.servlet.mvc.method.annotation.RequestMappingHandlerMapping][register][548]-> Mapped "{[/member/myTrade || /admin/myTrade],methods=[POST]}" onto public java.lang.String com.zym.Design1.controller.TradeController.myTrade(org.springframework.ui.Model,java.lang.String,java.lang.Integer,java.lang.Integer)
2018-06-01 12:29:16 [INFO][org.springframework.web.servlet.mvc.method.annotation.RequestMappingHandlerMapping][register][548]-> Mapped "{[/member/getTrendData || /admin/getTrendData]}" onto public java.lang.String com.zym.Design1.controller.TradeController.calculteTrend()
2018-06-01 12:29:16 [INFO][org.springframework.web.servlet.mvc.method.annotation.RequestMappingHandlerMapping][register][548]-> Mapped "{[/member/cancelOrder || /admin/cancelOrder],methods=[POST]}" onto public java.lang.String com.zym.Design1.controller.TradeController.cancelSell(javax.servlet.http.HttpServletRequest,java.lang.Long,java.lang.String,java.lang.String)
2018-06-01 12:29:16 [INFO][org.springframework.web.servlet.mvc.method.annotation.RequestMappingHandlerMapping][register][548]-> Mapped "{[/member/buy || /admin/buy],methods=[POST]}" onto public java.lang.String com.zym.Design1.controller.TradeController.wantToBuy(javax.servlet.http.HttpServletRequest,java.math.BigDecimal,java.math.BigDecimal,java.lang.String,java.lang.Integer)
2018-06-01 12:29:16 [INFO][org.springframework.web.servlet.mvc.method.annotation.RequestMappingHandlerMapping][register][548]-> Mapped "{[/member/buySellList || /admin/buySellList],methods=[POST]}" onto public java.lang.String com.zym.Design1.controller.TradeController.tradingList(org.springframework.ui.Model,java.lang.String)
2018-06-01 12:29:16 [INFO][org.springframework.web.servlet.mvc.method.annotation.RequestMappingHandlerMapping][register][548]-> Mapped "{[/member/trade || /admin/trade],methods=[GET]}" onto public java.lang.String com.zym.Design1.controller.TradeController.tradeHall(org.springframework.ui.Model,java.lang.String,java.lang.String)
2018-06-01 12:29:16 [INFO][org.springframework.web.servlet.mvc.method.annotation.RequestMappingHandlerMapping][register][548]-> Mapped "{[/admin/memberOrgTreeview || /op/memberOrgTreeview || /member/memberOrgTreeview],methods=[GET]}" onto public java.lang.String com.zym.Design1.controller.UserController.memberOrgTreeview(java.lang.Integer)
2018-06-01 12:29:16 [INFO][org.springframework.web.servlet.mvc.method.annotation.RequestMappingHandlerMapping][register][548]-> Mapped "{[/admin/memberOrgTreeChart || /op/memberOrgTreeChart || /member/memberOrgTreeChart],methods=[GET]}" onto public java.lang.String com.zym.Design1.controller.UserController.memberOrgTreeChart(java.lang.Integer)
2018-06-01 12:29:16 [INFO][org.springframework.web.servlet.mvc.method.annotation.RequestMappingHandlerMapping][register][548]-> Mapped "{[/admin/member/{id} || /op/member/{id} || /member/member/{id}],methods=[PUT]}" onto public java.lang.String com.zym.Design1.controller.UserController.updateMember(com.zym.Design1.entity.User)
2018-06-01 12:29:16 [INFO][org.springframework.web.servlet.mvc.method.annotation.RequestMappingHandlerMapping][register][548]-> Mapped "{[/admin/noticePage || /op/noticePage || /member/noticePage],methods=[GET]}" onto public java.lang.String com.zym.Design1.controller.UserController.noticeListPage(java.lang.String,org.springframework.ui.Model)
2018-06-01 12:29:16 [INFO][org.springframework.web.servlet.mvc.method.annotation.RequestMappingHandlerMapping][register][548]-> Mapped "{[/admin/my || /op/my || /member/my],methods=[GET]}" onto public java.lang.String com.zym.Design1.controller.UserController.changePwdPage(java.lang.String,java.lang.String,org.springframework.ui.Model)
2018-06-01 12:29:16 [INFO][org.springframework.web.servlet.mvc.method.annotation.RequestMappingHandlerMapping][register][548]-> Mapped "{[/admin/readNotice || /op/readNotice || /member/readNotice],methods=[GET]}" onto public java.lang.String com.zym.Design1.controller.UserController.readNoticePage(java.lang.String,java.lang.Integer,org.springframework.ui.Model)
2018-06-01 12:29:16 [INFO][org.springframework.web.servlet.mvc.method.annotation.RequestMappingHandlerMapping][register][548]-> Mapped "{[/admin/noticeList || /op/noticeList || /member/noticeList],methods=[POST]}" onto public java.lang.String com.zym.Design1.controller.UserController.noticeList(java.lang.String,java.lang.Integer,java.lang.Integer)
2018-06-01 12:29:16 [INFO][org.springframework.web.servlet.mvc.method.annotation.RequestMappingHandlerMapping][register][548]-> Mapped "{[/admin/changePwd || /op/changePwd || /member/changePwd],methods=[POST]}" onto public java.lang.String com.zym.Design1.controller.UserController.changePwdAction(java.lang.String,java.lang.String,java.lang.String)
2018-06-01 12:29:16 [INFO][org.springframework.web.servlet.mvc.method.annotation.RequestMappingHandlerMapping][register][548]-> Mapped "{[/isValidateCodeCorrect]}" onto public java.lang.String com.zym.Design1.controller.UtilController.compareValidateCode(javax.servlet.http.HttpSession,java.lang.String)
2018-06-01 12:29:16 [INFO][org.springframework.web.servlet.mvc.method.annotation.RequestMappingHandlerMapping][register][548]-> Mapped "{[/isTradePwdCorrect],methods=[POST]}" onto public java.lang.String com.zym.Design1.controller.UtilController.isTradePwdCorrect(java.lang.String)
2018-06-01 12:29:16 [INFO][org.springframework.web.servlet.mvc.method.annotation.RequestMappingHandlerMapping][register][548]-> Mapped "{[/isPwdCorrect],methods=[POST]}" onto public java.lang.String com.zym.Design1.controller.UtilController.isPwdCorrect(java.lang.String)
2018-06-01 12:29:16 [INFO][org.springframework.web.servlet.mvc.method.annotation.RequestMappingHandlerMapping][register][548]-> Mapped "{[/isUidExist],methods=[POST]}" onto public java.lang.String com.zym.Design1.controller.UtilController.isUidExist(java.lang.String)
2018-06-01 12:29:16 [INFO][org.springframework.web.servlet.mvc.method.annotation.RequestMappingHandlerMapping][register][548]-> Mapped "{[/isUidNotExist],methods=[POST]}" onto public java.lang.String com.zym.Design1.controller.UtilController.isUidNotExist(java.lang.String)
2018-06-01 12:29:16 [INFO][org.springframework.web.servlet.mvc.method.annotation.RequestMappingHandlerMapping][register][548]-> Mapped "{[/error]}" onto public org.springframework.http.ResponseEntity<java.util.Map<java.lang.String, java.lang.Object>> com.zym.Design1.exception.DefaultErrorController.error(java.lang.Exception,javax.servlet.http.HttpServletRequest,java.lang.Exception) throws java.lang.Exception
2018-06-01 12:29:16 [INFO][org.springframework.web.servlet.mvc.method.annotation.RequestMappingHandlerMapping][register][548]-> Mapped "{[/error],produces=[text/html]}" onto public org.springframework.web.servlet.ModelAndView com.zym.Design1.exception.DefaultErrorController.errorHtml(java.lang.Exception,javax.servlet.http.HttpServletRequest,javax.servlet.http.HttpServletResponse)
2018-06-01 12:29:17 [INFO][org.springframework.web.servlet.handler.SimpleUrlHandlerMapping][registerHandler][373]-> Mapped URL path [/robots.txt] onto handler of type [class org.springframework.web.servlet.resource.ResourceHttpRequestHandler]
2018-06-01 12:29:17 [INFO][org.springframework.web.servlet.handler.SimpleUrlHandlerMapping][registerHandler][373]-> Mapped URL path [/templates/**] onto handler of type [class org.springframework.web.servlet.resource.ResourceHttpRequestHandler]
2018-06-01 12:29:17 [INFO][org.springframework.web.servlet.handler.SimpleUrlHandlerMapping][registerHandler][373]-> Mapped URL path [/static/**] onto handler of type [class org.springframework.web.servlet.resource.ResourceHttpRequestHandler]
2018-06-01 12:29:17 [INFO][org.springframework.web.servlet.handler.SimpleUrlHandlerMapping][registerHandler][373]-> Mapped URL path [/webjars/**] onto handler of type [class org.springframework.web.servlet.resource.ResourceHttpRequestHandler]
2018-06-01 12:29:17 [INFO][org.springframework.web.servlet.handler.SimpleUrlHandlerMapping][registerHandler][373]-> Mapped URL path [/**] onto handler of type [class org.springframework.web.servlet.resource.ResourceHttpRequestHandler]
2018-06-01 12:29:17 [INFO][org.springframework.web.servlet.mvc.method.annotation.ExceptionHandlerExceptionResolver][initExceptionHandlerAdviceCache][289]-> Detected @ExceptionHandler methods in defaultErrorController
2018-06-01 12:29:17 [INFO][org.springframework.web.servlet.handler.SimpleUrlHandlerMapping][registerHandler][373]-> Mapped URL path [/**/favicon.ico] onto handler of type [class org.springframework.web.servlet.resource.ResourceHttpRequestHandler]
2018-06-01 12:29:17 [INFO][org.springframework.boot.autoconfigure.web.servlet.WelcomePageHandlerMapping][<init>][61]-> Adding welcome page template: index
2018-06-01 12:29:18 [INFO][org.springframework.web.servlet.view.freemarker.FreeMarkerConfigurer][postProcessTemplateLoaders][131]-> ClassTemplateLoader for Spring macros added to FreeMarker configuration
2018-06-01 12:29:19 [INFO][org.quartz.impl.StdSchedulerFactory][instantiate][1208]-> Using default implementation for ThreadExecutor
2018-06-01 12:29:19 [INFO][org.quartz.core.SchedulerSignalerImpl][<init>][61]-> Initialized Scheduler Signaller of type: class org.quartz.core.SchedulerSignalerImpl
2018-06-01 12:29:19 [INFO][org.quartz.core.QuartzScheduler][<init>][229]-> Quartz Scheduler v.2.3.0 created.
2018-06-01 12:29:19 [INFO][org.quartz.simpl.RAMJobStore][initialize][155]-> RAMJobStore initialized.
2018-06-01 12:29:19 [INFO][org.quartz.core.QuartzScheduler][initialize][294]-> Scheduler meta-data: Quartz Scheduler (v2.3.0) 'quartzScheduler' with instanceId 'NON_CLUSTERED'
  Scheduler class: 'org.quartz.core.QuartzScheduler' - running locally.
  NOT STARTED.
  Currently in standby mode.
  Number of jobs executed: 0
  Using thread pool 'org.quartz.simpl.SimpleThreadPool' - with 10 threads.
  Using job-store 'org.quartz.simpl.RAMJobStore' - which does not support persistence. and is not clustered.

2018-06-01 12:29:19 [INFO][org.quartz.impl.StdSchedulerFactory][instantiate][1362]-> Quartz scheduler 'quartzScheduler' initialized from an externally provided properties instance.
2018-06-01 12:29:19 [INFO][org.quartz.impl.StdSchedulerFactory][instantiate][1366]-> Quartz scheduler version: 2.3.0
2018-06-01 12:29:19 [INFO][org.quartz.core.QuartzScheduler][setJobFactory][2287]-> JobFactory set to: org.springframework.boot.autoconfigure.quartz.AutowireCapableBeanJobFactory@5f225d15
2018-06-01 12:29:25 [INFO][org.springframework.boot.devtools.autoconfigure.OptionalLiveReloadServer][startServer][57]-> LiveReload server is running on port 35729
2018-06-01 12:29:25 [INFO][org.springframework.boot.actuate.endpoint.web.servlet.WebMvcEndpointHandlerMapping][register][548]-> Mapped "{[/actuator/health],methods=[GET],produces=[application/vnd.spring-boot.actuator.v2+json || application/json]}" onto public java.lang.Object org.springframework.boot.actuate.endpoint.web.servlet.AbstractWebMvcEndpointHandlerMapping$OperationHandler.handle(javax.servlet.http.HttpServletRequest,java.util.Map<java.lang.String, java.lang.String>)
2018-06-01 12:29:25 [INFO][org.springframework.boot.actuate.endpoint.web.servlet.WebMvcEndpointHandlerMapping][register][548]-> Mapped "{[/actuator/info],methods=[GET],produces=[application/vnd.spring-boot.actuator.v2+json || application/json]}" onto public java.lang.Object org.springframework.boot.actuate.endpoint.web.servlet.AbstractWebMvcEndpointHandlerMapping$OperationHandler.handle(javax.servlet.http.HttpServletRequest,java.util.Map<java.lang.String, java.lang.String>)
2018-06-01 12:29:25 [INFO][org.springframework.boot.actuate.endpoint.web.servlet.WebMvcEndpointHandlerMapping][register][548]-> Mapped "{[/actuator],methods=[GET],produces=[application/vnd.spring-boot.actuator.v2+json || application/json]}" onto protected java.util.Map<java.lang.String, java.util.Map<java.lang.String, org.springframework.boot.actuate.endpoint.web.Link>> org.springframework.boot.actuate.endpoint.web.servlet.WebMvcEndpointHandlerMapping.links(javax.servlet.http.HttpServletRequest,javax.servlet.http.HttpServletResponse)
2018-06-01 12:29:26 [INFO][org.springframework.jmx.export.annotation.AnnotationMBeanExporter][afterSingletonsInstantiated][434]-> Registering beans for JMX exposure on startup
2018-06-01 12:29:26 [INFO][org.springframework.jmx.export.annotation.AnnotationMBeanExporter][autodetect][896]-> Bean with name 'statFilter' has been autodetected for JMX exposure
2018-06-01 12:29:26 [INFO][org.springframework.jmx.export.annotation.AnnotationMBeanExporter][autodetect][896]-> Bean with name 'slf4jLogFilter' has been autodetected for JMX exposure
2018-06-01 12:29:26 [INFO][org.springframework.jmx.export.annotation.AnnotationMBeanExporter][autodetect][896]-> Bean with name 'dataSource' has been autodetected for JMX exposure
2018-06-01 12:29:26 [INFO][org.springframework.jmx.export.annotation.AnnotationMBeanExporter][registerBeanInstance][669]-> Located MBean 'slf4jLogFilter': registering with JMX server as MBean [com.alibaba.druid.filter.logging:name=slf4jLogFilter,type=Slf4jLogFilter]
2018-06-01 12:29:26 [INFO][org.springframework.jmx.export.annotation.AnnotationMBeanExporter][registerBeanInstance][669]-> Located MBean 'dataSource': registering with JMX server as MBean [com.alibaba.druid.spring.boot.autoconfigure:name=dataSource,type=DruidDataSourceWrapper]
2018-06-01 12:29:26 [INFO][org.springframework.jmx.export.annotation.AnnotationMBeanExporter][registerBeanInstance][669]-> Located MBean 'statFilter': registering with JMX server as MBean [com.alibaba.druid.filter.stat:name=statFilter,type=StatFilter]
2018-06-01 12:29:26 [INFO][org.springframework.context.support.DefaultLifecycleProcessor][start][351]-> Starting beans in phase 2147483647
2018-06-01 12:29:26 [INFO][org.springframework.scheduling.quartz.SchedulerFactoryBean][startScheduler][686]-> Starting Quartz Scheduler now
2018-06-01 12:29:26 [INFO][org.quartz.core.QuartzScheduler][start][547]-> Scheduler quartzScheduler_$_NON_CLUSTERED started.
2018-06-01 12:29:26 [INFO][org.springframework.scheduling.annotation.ScheduledAnnotationBeanPostProcessor][finishRegistration][275]-> No TaskScheduler/ScheduledExecutorService bean found for scheduled processing
2018-06-01 12:29:26 [INFO][org.apache.coyote.http11.Http11NioProtocol][log][180]-> Starting ProtocolHandler ["http-nio-127.0.0.1-8080"]
2018-06-01 12:29:26 [INFO][org.apache.tomcat.util.net.NioSelectorPool][log][180]-> Using a shared selector for servlet write/read
2018-06-01 12:29:26 [INFO][org.springframework.boot.web.embedded.tomcat.TomcatWebServer][start][205]-> Tomcat started on port(s): 8080 (http) with context path ''
2018-06-01 12:29:26 [INFO][com.zym.Design1.Design1Application][logStarted][59]-> Started Design1Application in 24.256 seconds (JVM running for 27.443)
2018-06-01 12:29:26 [ERROR][org.apache.catalina.core.AprLifecycleListener][log][180]-> An incompatible version [1.2.12] of the APR based Apache Tomcat Native library is installed, while Tomcat requires version [1.2.14]
2018-06-01 12:29:26 [INFO][org.apache.catalina.core.ContainerBase.[Tomcat].[localhost].[/]][log][180]-> Initializing Spring FrameworkServlet 'dispatcherServlet'
2018-06-01 12:29:26 [INFO][org.springframework.web.servlet.DispatcherServlet][initServletBean][494]-> FrameworkServlet 'dispatcherServlet': initialization started
2018-06-01 12:29:26 [INFO][org.springframework.web.servlet.DispatcherServlet][initServletBean][513]-> FrameworkServlet 'dispatcherServlet': initialization completed in 54 ms
2018-06-01 12:29:26 [INFO][com.zym.Design1.aspect.LogAspect][doBefore][95]-> WebLogAspect.doBefore()
2018-06-01 12:29:26 [INFO][com.zym.Design1.aspect.LogAspect][doBefore][100]-> URL : http://127.0.0.1:8080/
2018-06-01 12:29:26 [INFO][com.zym.Design1.aspect.LogAspect][doBefore][101]-> HTTP_METHOD : GET
2018-06-01 12:29:26 [INFO][com.zym.Design1.aspect.LogAspect][doBefore][102]-> IP : 127.0.0.1
2018-06-01 12:29:26 [INFO][com.zym.Design1.aspect.LogAspect][doBefore][103]-> CLASS_METHOD : com.zym.Design1.controller.LoginController.index
2018-06-01 12:29:26 [INFO][com.zym.Design1.aspect.LogAspect][doBefore][104]-> ARGS : [{}]
2018-06-01 12:29:26 [ERROR][org.apache.catalina.core.AprLifecycleListener][log][180]-> An incompatible version [1.2.12] of the APR based Apache Tomcat Native library is installed, while Tomcat requires version [1.2.14]
2018-06-01 12:29:26 [ERROR][org.apache.catalina.core.AprLifecycleListener][log][180]-> An incompatible version [1.2.12] of the APR based Apache Tomcat Native library is installed, while Tomcat requires version [1.2.14]
2018-06-01 12:29:26 [ERROR][org.apache.catalina.core.AprLifecycleListener][log][180]-> An incompatible version [1.2.12] of the APR based Apache Tomcat Native library is installed, while Tomcat requires version [1.2.14]
2018-06-01 12:29:26 [ERROR][org.apache.catalina.core.AprLifecycleListener][log][180]-> An incompatible version [1.2.12] of the APR based Apache Tomcat Native library is installed, while Tomcat requires version [1.2.14]
2018-06-01 12:29:26 [ERROR][org.apache.catalina.core.AprLifecycleListener][log][180]-> An incompatible version [1.2.12] of the APR based Apache Tomcat Native library is installed, while Tomcat requires version [1.2.14]
2018-06-01 12:29:27 [INFO][com.zym.Design1.util.ValidateCodeServlet][doPost][74]-> vCode: SPZ9
2018-06-01 12:29:40 [INFO][com.zym.Design1.aspect.LogAspect][doBefore][95]-> WebLogAspect.doBefore()
2018-06-01 12:29:40 [INFO][com.zym.Design1.aspect.LogAspect][doBefore][100]-> URL : http://127.0.0.1:8080/login
2018-06-01 12:29:40 [INFO][com.zym.Design1.aspect.LogAspect][doBefore][101]-> HTTP_METHOD : POST
2018-06-01 12:29:40 [INFO][com.zym.Design1.aspect.LogAspect][doBefore][102]-> IP : 127.0.0.1
2018-06-01 12:29:40 [INFO][com.zym.Design1.aspect.LogAspect][doBefore][103]-> CLASS_METHOD : com.zym.Design1.controller.LoginController.loginPost
2018-06-01 12:29:40 [INFO][com.zym.Design1.aspect.LogAspect][doBefore][104]-> ARGS : [org.apache.catalina.session.StandardSessionFacade@14ac6886, SPZ9, SU_admin_, 000, null, {}, com.alibaba.druid.support.http.WebStatFilter$StatHttpServletResponseWrapper@4dd0f2d8]
2018-06-01 12:29:40 [INFO][com.zym.Design1.aspect.LogAspect][doBefore][109]-> name : SU_admin_
2018-06-01 12:29:40 [INFO][com.zym.Design1.aspect.LogAspect][doBefore][109]-> password : 000
2018-06-01 12:29:40 [INFO][com.zym.Design1.aspect.LogAspect][doBefore][109]-> validateCode : SPZ9
2018-06-01 12:29:40 [INFO][com.zym.Design1.aspect.LogAspect][beforeMethod][44]-> before method: Map com.zym.Design1.service.LoginService.login(String,String), args: SU_admin_,000,
2018-06-01 12:29:40 [INFO][com.zym.Design1.aspect.LogAspect][beforeMethod][44]-> before method: User com.zym.Design1.service.UserService.getUserByUid(String), args: SU_admin_,
2018-06-01 12:29:40 [INFO][com.zym.Design1.aspect.LogAspect][beforeMethod][44]-> before method: List com.zym.Design1.dao.UserMapper.selectByExample(UserExample), args: com.zym.Design1.entity.UserExample@48e95e27,
2018-06-01 12:29:40 [INFO][com.zym.Design1.aspect.LogAspect][beforeMethod][44]-> before method: boolean com.zym.Design1.service.UserService.checkPassword(User,String), args: User{id=1, uid='SU_admin_', rlsD=0, ecoin=50000.0000, totC=50000.0000, onSC=110.0000, trdbC=49890.0000, soldC=0.0000, rlsC=0.0000, rlsFrzC=0.0000, encashFrzCashC=0.0000, onBuyEc=0.0000, cashC=0.0000, earnings=0.0000, shopP=0.0000},000,
2018-06-01 12:29:40 [INFO][com.zym.Design1.service.LoginService][login][57]-> userUid: SU_admin_, resultMap:{code=1} 
2018-06-01 12:29:40 [INFO][com.zym.Design1.controller.LoginController][loginPost][59]-> {code=1}
2018-06-01 12:29:40 [INFO][com.zym.Design1.util.ValidateCodeServlet][doPost][74]-> vCode: 9V6L
2018-06-01 12:31:02 [INFO][com.zym.Design1.aspect.LogAspect][doBefore][95]-> WebLogAspect.doBefore()
2018-06-01 12:31:02 [INFO][com.zym.Design1.aspect.LogAspect][doBefore][100]-> URL : http://127.0.0.1:8080/login
2018-06-01 12:31:02 [INFO][com.zym.Design1.aspect.LogAspect][doBefore][101]-> HTTP_METHOD : POST
2018-06-01 12:31:02 [INFO][com.zym.Design1.aspect.LogAspect][doBefore][102]-> IP : 127.0.0.1
2018-06-01 12:31:02 [INFO][com.zym.Design1.aspect.LogAspect][doBefore][103]-> CLASS_METHOD : com.zym.Design1.controller.LoginController.loginPost
2018-06-01 12:31:02 [INFO][com.zym.Design1.aspect.LogAspect][doBefore][104]-> ARGS : [org.apache.catalina.session.StandardSessionFacade@14ac6886, 9v6l, SU_admin_, 111, null, {}, com.alibaba.druid.support.http.WebStatFilter$StatHttpServletResponseWrapper@31914a1e]
2018-06-01 12:31:02 [INFO][com.zym.Design1.aspect.LogAspect][doBefore][109]-> name : SU_admin_
2018-06-01 12:31:02 [INFO][com.zym.Design1.aspect.LogAspect][doBefore][109]-> password : 111
2018-06-01 12:31:02 [INFO][com.zym.Design1.aspect.LogAspect][doBefore][109]-> validateCode : 9v6l
2018-06-01 12:31:02 [INFO][com.zym.Design1.aspect.LogAspect][beforeMethod][44]-> before method: Map com.zym.Design1.service.LoginService.login(String,String), args: SU_admin_,111,
2018-06-01 12:31:02 [INFO][com.zym.Design1.aspect.LogAspect][beforeMethod][44]-> before method: User com.zym.Design1.service.UserService.getUserByUid(String), args: SU_admin_,
2018-06-01 12:31:02 [INFO][com.zym.Design1.aspect.LogAspect][beforeMethod][44]-> before method: List com.zym.Design1.dao.UserMapper.selectByExample(UserExample), args: com.zym.Design1.entity.UserExample@25ce0645,
2018-06-01 12:31:02 [INFO][com.zym.Design1.aspect.LogAspect][beforeMethod][44]-> before method: boolean com.zym.Design1.service.UserService.checkPassword(User,String), args: User{id=1, uid='SU_admin_', rlsD=0, ecoin=50000.0000, totC=50000.0000, onSC=110.0000, trdbC=49890.0000, soldC=0.0000, rlsC=0.0000, rlsFrzC=0.0000, encashFrzCashC=0.0000, onBuyEc=0.0000, cashC=0.0000, earnings=0.0000, shopP=0.0000},111,
2018-06-01 12:31:02 [INFO][com.zym.Design1.service.LoginService][addLoginTicket][72]-> 1de35e13-a820-4ff7-8d0e-b75b7b3332de
2018-06-01 12:31:02 [INFO][io.lettuce.core.EpollProvider][info][101]-> Starting without optional epoll library
2018-06-01 12:31:02 [INFO][io.lettuce.core.KqueueProvider][info][101]-> Starting without optional kqueue library
2018-06-01 12:31:03 [INFO][com.zym.Design1.service.LoginService][addLoginTicket][75]-> key- ticketKey:USER_SESSION:1de35e13-a820-4ff7-8d0e-b75b7b3332de, value- userId:1
2018-06-01 12:31:03 [INFO][com.zym.Design1.service.LoginService][login][57]-> userUid: SU_admin_, resultMap:{code=0, role=2, ticket=1de35e13-a820-4ff7-8d0e-b75b7b3332de} 
2018-06-01 12:31:03 [INFO][com.zym.Design1.controller.LoginController][loginPost][59]-> {code=0, role=2, ticket=1de35e13-a820-4ff7-8d0e-b75b7b3332de}
2018-06-01 12:31:03 [INFO][com.zym.Design1.aspect.LogAspect][beforeMethod][44]-> before method: User com.zym.Design1.service.UserService.getUserById(Integer), args: 1,
2018-06-01 12:31:03 [INFO][com.zym.Design1.aspect.LogAspect][beforeMethod][44]-> before method: User com.zym.Design1.dao.UserMapper.selectByPrimaryKey(Integer), args: 1,
2018-06-01 12:31:03 [INFO][com.zym.Design1.aspect.LogAspect][doBefore][95]-> WebLogAspect.doBefore()
2018-06-01 12:31:03 [INFO][com.zym.Design1.aspect.LogAspect][doBefore][100]-> URL : http://127.0.0.1:8080/admin/myHome
2018-06-01 12:31:03 [INFO][com.zym.Design1.aspect.LogAspect][doBefore][101]-> HTTP_METHOD : GET
2018-06-01 12:31:03 [INFO][com.zym.Design1.aspect.LogAspect][doBefore][102]-> IP : 127.0.0.1
2018-06-01 12:31:03 [INFO][com.zym.Design1.aspect.LogAspect][doBefore][103]-> CLASS_METHOD : com.zym.Design1.controller.MemberController.myHome
2018-06-01 12:31:03 [INFO][com.zym.Design1.aspect.LogAspect][doBefore][104]-> ARGS : [myHome, {}]
2018-06-01 12:31:03 [INFO][com.zym.Design1.aspect.LogAspect][beforeMethod][44]-> before method: BigDecimal com.zym.Design1.service.CurrencyService.getCurrency(), args: 
2018-06-01 12:31:03 [INFO][com.zym.Design1.aspect.LogAspect][beforeMethod][44]-> before method: User com.zym.Design1.service.UserService.getUserById(Integer), args: 1,
2018-06-01 12:31:03 [INFO][com.zym.Design1.aspect.LogAspect][beforeMethod][44]-> before method: User com.zym.Design1.service.UserService.getUserById(Integer), args: 1,
2018-06-01 12:31:03 [INFO][com.zym.Design1.aspect.LogAspect][beforeMethod][44]-> before method: User com.zym.Design1.dao.UserMapper.selectByPrimaryKey(Integer), args: 1,
2018-06-01 12:31:03 [INFO][com.zym.Design1.aspect.LogAspect][beforeMethod][44]-> before method: User com.zym.Design1.dao.UserMapper.selectByPrimaryKey(Integer), args: 1,
2018-06-01 12:31:03 [INFO][com.zym.Design1.aspect.LogAspect][beforeMethod][44]-> before method: User com.zym.Design1.service.UserService.getUserById(Integer), args: 1,
2018-06-01 12:31:03 [INFO][com.zym.Design1.aspect.LogAspect][beforeMethod][44]-> before method: User com.zym.Design1.dao.UserMapper.selectByPrimaryKey(Integer), args: 1,
2018-06-01 12:31:03 [INFO][com.zym.Design1.aspect.LogAspect][beforeMethod][44]-> before method: User com.zym.Design1.service.UserService.getUserById(Integer), args: 1,
2018-06-01 12:31:03 [INFO][com.zym.Design1.aspect.LogAspect][beforeMethod][44]-> before method: User com.zym.Design1.dao.UserMapper.selectByPrimaryKey(Integer), args: 1,
2018-06-01 12:31:03 [INFO][com.zym.Design1.aspect.LogAspect][beforeMethod][44]-> before method: User com.zym.Design1.service.UserService.getUserById(Integer), args: 1,
2018-06-01 12:31:03 [INFO][com.zym.Design1.aspect.LogAspect][beforeMethod][44]-> before method: User com.zym.Design1.dao.UserMapper.selectByPrimaryKey(Integer), args: 1,
2018-06-01 12:31:03 [INFO][com.zym.Design1.aspect.LogAspect][beforeMethod][44]-> before method: User com.zym.Design1.service.UserService.getUserById(Integer), args: 1,
2018-06-01 12:31:03 [INFO][com.zym.Design1.aspect.LogAspect][beforeMethod][44]-> before method: User com.zym.Design1.dao.UserMapper.selectByPrimaryKey(Integer), args: 1,
2018-06-01 12:31:10 [INFO][com.zym.Design1.aspect.LogAspect][beforeMethod][44]-> before method: User com.zym.Design1.service.UserService.getUserById(Integer), args: 1,
2018-06-01 12:31:10 [INFO][com.zym.Design1.aspect.LogAspect][beforeMethod][44]-> before method: User com.zym.Design1.dao.UserMapper.selectByPrimaryKey(Integer), args: 1,
2018-06-01 12:31:10 [INFO][com.zym.Design1.aspect.LogAspect][doBefore][95]-> WebLogAspect.doBefore()
2018-06-01 12:31:10 [INFO][com.zym.Design1.aspect.LogAspect][doBefore][100]-> URL : http://127.0.0.1:8080/admin/trend
2018-06-01 12:31:10 [INFO][com.zym.Design1.aspect.LogAspect][doBefore][101]-> HTTP_METHOD : GET
2018-06-01 12:31:10 [INFO][com.zym.Design1.aspect.LogAspect][doBefore][102]-> IP : 127.0.0.1
2018-06-01 12:31:10 [INFO][com.zym.Design1.aspect.LogAspect][doBefore][103]-> CLASS_METHOD : com.zym.Design1.controller.CurrencyController.trend
2018-06-01 12:31:10 [INFO][com.zym.Design1.aspect.LogAspect][doBefore][104]-> ARGS : [{}, trend]
2018-06-01 12:31:10 [INFO][com.zym.Design1.aspect.LogAspect][beforeMethod][44]-> before method: BigDecimal com.zym.Design1.service.CurrencyService.getCurrency(), args: 
2018-06-01 12:31:10 [INFO][com.zym.Design1.aspect.LogAspect][beforeMethod][44]-> before method: Double com.zym.Design1.service.CurrencyService.getCurrencyCount(), args: 
2018-06-01 12:31:10 [INFO][com.zym.Design1.service.CurrencyService][getCurrencyCount][49]-> CURRENCT_COUNT: 0
2018-06-01 12:31:13 [INFO][com.zym.Design1.aspect.LogAspect][beforeMethod][44]-> before method: String com.zym.Design1.service.PhaseService.getEarlyPhaseState(), args: 
2018-06-01 12:31:13 [INFO][com.zym.Design1.service.PhaseService][getEarlyPhaseState][29]-> getEarlyPhaseState:null
2018-06-01 12:31:13 [INFO][com.zym.Design1.aspect.LogAspect][beforeMethod][44]-> before method: User com.zym.Design1.service.UserService.getUserById(Integer), args: 1,
2018-06-01 12:31:13 [INFO][com.zym.Design1.aspect.LogAspect][beforeMethod][44]-> before method: User com.zym.Design1.dao.UserMapper.selectByPrimaryKey(Integer), args: 1,
2018-06-01 12:31:13 [INFO][com.zym.Design1.aspect.LogAspect][doBefore][95]-> WebLogAspect.doBefore()
2018-06-01 12:31:13 [INFO][com.zym.Design1.aspect.LogAspect][doBefore][100]-> URL : http://127.0.0.1:8080/admin/getTrendData
2018-06-01 12:31:13 [INFO][com.zym.Design1.aspect.LogAspect][doBefore][101]-> HTTP_METHOD : POST
2018-06-01 12:31:13 [INFO][com.zym.Design1.aspect.LogAspect][doBefore][102]-> IP : 127.0.0.1
2018-06-01 12:31:13 [INFO][com.zym.Design1.aspect.LogAspect][doBefore][103]-> CLASS_METHOD : com.zym.Design1.controller.TradeController.calculteTrend
2018-06-01 12:31:13 [INFO][com.zym.Design1.aspect.LogAspect][doBefore][104]-> ARGS : []
2018-06-01 12:31:13 [INFO][com.zym.Design1.aspect.LogAspect][beforeMethod][44]-> before method: JSONArray com.zym.Design1.service.CurrencyService.getTrendData(), args: 
2018-06-01 12:31:13 [INFO][com.zym.Design1.aspect.LogAspect][beforeMethod][44]-> before method: List com.zym.Design1.dao.CurrencyChangeMapper.selectByExample(CurrencyChangeExample), args: com.zym.Design1.entity.CurrencyChangeExample@6ff6c6f6,
2018-06-01 12:32:14 [INFO][com.zym.Design1.aspect.LogAspect][doBefore][95]-> WebLogAspect.doBefore()
2018-06-01 12:32:14 [INFO][com.zym.Design1.aspect.LogAspect][doBefore][100]-> URL : http://127.0.0.1:8080/login
2018-06-01 12:32:14 [INFO][com.zym.Design1.aspect.LogAspect][doBefore][101]-> HTTP_METHOD : GET
2018-06-01 12:32:14 [INFO][com.zym.Design1.aspect.LogAspect][doBefore][102]-> IP : 127.0.0.1
2018-06-01 12:32:14 [INFO][com.zym.Design1.aspect.LogAspect][doBefore][103]-> CLASS_METHOD : com.zym.Design1.controller.LoginController.loginGet
2018-06-01 12:32:14 [INFO][com.zym.Design1.aspect.LogAspect][doBefore][104]-> ARGS : [/admin/trend, {}]
2018-06-01 12:32:14 [INFO][com.zym.Design1.aspect.LogAspect][doBefore][109]-> next : /admin/trend
2018-06-01 12:32:14 [INFO][com.zym.Design1.controller.LoginController][loginGet][33]-> next: /admin/trend
2018-06-01 12:32:14 [INFO][com.zym.Design1.util.ValidateCodeServlet][doPost][74]-> vCode: R5E4
2018-06-01 12:53:53 [INFO][com.zym.Design1.aspect.LogAspect][beforeMethod][44]-> before method: User com.zym.Design1.service.UserService.getUserById(Integer), args: 1,
2018-06-01 12:53:53 [INFO][com.zym.Design1.aspect.LogAspect][beforeMethod][44]-> before method: User com.zym.Design1.dao.UserMapper.selectByPrimaryKey(Integer), args: 1,
2018-06-01 12:53:53 [INFO][com.zym.Design1.aspect.LogAspect][beforeMethod][44]-> before method: User com.zym.Design1.service.UserService.getUserById(Integer), args: 1,
2018-06-01 12:53:53 [INFO][com.zym.Design1.aspect.LogAspect][beforeMethod][44]-> before method: User com.zym.Design1.dao.UserMapper.selectByPrimaryKey(Integer), args: 1,
2018-06-01 12:53:53 [INFO][com.zym.Design1.aspect.LogAspect][beforeMethod][44]-> before method: ModelAndView com.zym.Design1.exception.DefaultErrorController.errorHtml(Exception,HttpServletRequest,HttpServletResponse), args: java.lang.Exception,org.apache.catalina.core.ApplicationHttpRequest@1ecfbdaa,org.apache.catalina.connector.ResponseFacade@68d4ed7c,
2018-06-01 12:53:53 [ERROR][com.zym.Design1.exception.DefaultErrorController][errorHtml][64]-> 找不到资源：/bm2p/downLoad.do
2018-06-01 12:53:53 [INFO][com.zym.Design1.exception.DefaultErrorController][errorHtml][75]-> return HTML
