2018-04-18 09:48:11 [INFO][com.zym.Design1.Design1Application][logStarting][50]-> Starting Design1Application on DESKTOP-YM with PID 7152 (E:\JavaWorkSpace\Design1\target\classes started by YM in E:\JavaWorkSpace\Design1)
2018-04-18 09:48:11 [INFO][com.zym.Design1.Design1Application][logStartupProfileInfo][652]-> No active profile set, falling back to default profiles: default
2018-04-18 09:48:12 [INFO][org.springframework.boot.web.servlet.context.AnnotationConfigServletWebServerApplicationContext][prepareRefresh][589]-> Refreshing org.springframework.boot.web.servlet.context.AnnotationConfigServletWebServerApplicationContext@3a36bd77: startup date [Wed Apr 18 09:48:12 CST 2018]; root of context hierarchy
2018-04-18 09:48:16 [INFO][org.springframework.data.repository.config.RepositoryConfigurationDelegate][multipleStoresDetected][163]-> Multiple Spring Data modules found, entering strict repository configuration mode!
2018-04-18 09:48:17 [INFO][org.springframework.context.support.PostProcessorRegistrationDelegate$BeanPostProcessorChecker][postProcessAfterInitialization][328]-> Bean 'org.springframework.transaction.annotation.ProxyTransactionManagementConfiguration' of type [org.springframework.transaction.annotation.ProxyTransactionManagementConfiguration$$EnhancerBySpringCGLIB$$627cb91d] is not eligible for getting processed by all BeanPostProcessors (for example: not eligible for auto-proxying)
2018-04-18 09:48:17 [ERROR][org.apache.catalina.core.AprLifecycleListener][log][180]-> An incompatible version [1.2.12] of the APR based Apache Tomcat Native library is installed, while Tomcat requires version [1.2.14]
2018-04-18 09:48:18 [INFO][org.springframework.boot.web.embedded.tomcat.TomcatWebServer][initialize][91]-> Tomcat initialized with port(s): 9999 (http)
2018-04-18 09:48:18 [ERROR][org.apache.catalina.core.AprLifecycleListener][log][180]-> An incompatible version [1.2.12] of the APR based Apache Tomcat Native library is installed, while Tomcat requires version [1.2.14]
2018-04-18 09:48:18 [INFO][org.apache.coyote.http11.Http11NioProtocol][log][180]-> Initializing ProtocolHandler ["http-nio-9999"]
2018-04-18 09:48:18 [INFO][org.apache.catalina.core.StandardService][log][180]-> Starting service [Tomcat]
2018-04-18 09:48:18 [INFO][org.apache.catalina.core.StandardEngine][log][180]-> Starting Servlet Engine: Apache Tomcat/8.5.28
2018-04-18 09:48:18 [ERROR][org.apache.catalina.core.AprLifecycleListener][log][180]-> An incompatible version [1.2.12] of the APR based Apache Tomcat Native library is installed, while Tomcat requires version [1.2.14]
2018-04-18 09:48:18 [INFO][org.apache.catalina.core.ContainerBase.[Tomcat].[localhost].[/]][log][180]-> Initializing Spring embedded WebApplicationContext
2018-04-18 09:48:18 [INFO][org.springframework.web.context.ContextLoader][prepareWebApplicationContext][285]-> Root WebApplicationContext: initialization completed in 6234 ms
2018-04-18 09:48:19 [INFO][org.springframework.boot.web.servlet.ServletRegistrationBean][addRegistration][185]-> Servlet dispatcherServlet mapped to [/]
2018-04-18 09:48:19 [INFO][org.springframework.boot.web.servlet.ServletRegistrationBean][addRegistration][185]-> Servlet statViewServlet mapped to [/druid/*]
2018-04-18 09:48:19 [INFO][org.springframework.boot.web.servlet.ServletRegistrationBean][addRegistration][185]-> Servlet com.zym.Design1.config.DruidStatViewServlet mapped to [/druid/*]
2018-04-18 09:48:19 [INFO][org.springframework.boot.web.servlet.ServletRegistrationBean][addRegistration][185]-> Servlet com.zym.Design1.util.ValidateCodeServlet mapped to [/validateCode]
2018-04-18 09:48:19 [INFO][org.springframework.boot.web.servlet.FilterRegistrationBean][configure][243]-> Mapping filter: 'characterEncodingFilter' to: [/*]
2018-04-18 09:48:19 [INFO][org.springframework.boot.web.servlet.FilterRegistrationBean][configure][243]-> Mapping filter: 'hiddenHttpMethodFilter' to: [/*]
2018-04-18 09:48:19 [INFO][org.springframework.boot.web.servlet.FilterRegistrationBean][configure][243]-> Mapping filter: 'httpPutFormContentFilter' to: [/*]
2018-04-18 09:48:19 [INFO][org.springframework.boot.web.servlet.FilterRegistrationBean][configure][243]-> Mapping filter: 'requestContextFilter' to: [/*]
2018-04-18 09:48:19 [INFO][org.springframework.boot.web.servlet.FilterRegistrationBean][configure][243]-> Mapping filter: 'httpTraceFilter' to: [/*]
2018-04-18 09:48:19 [INFO][org.springframework.boot.web.servlet.FilterRegistrationBean][configure][256]-> Mapping filter: 'webStatFilter' to urls: [/*]
2018-04-18 09:48:19 [INFO][org.springframework.boot.web.servlet.FilterRegistrationBean][configure][243]-> Mapping filter: 'webMvcMetricsFilter' to: [/*]
2018-04-18 09:48:19 [INFO][org.springframework.boot.web.servlet.FilterRegistrationBean][configure][256]-> Mapping filter: 'druidWebStatFilter' to urls: [/*]
2018-04-18 09:48:19 [INFO][com.alibaba.druid.spring.boot.autoconfigure.DruidDataSourceAutoConfigure][dataSource][56]-> Init DruidDataSource
2018-04-18 09:48:19 [INFO][com.alibaba.druid.pool.DruidDataSource][init][928]-> {dataSource-1} inited
2018-04-18 09:48:20 [WARN][org.springframework.boot.web.servlet.context.AnnotationConfigServletWebServerApplicationContext][refresh][557]-> Exception encountered during context initialization - cancelling refresh attempt: org.springframework.beans.factory.UnsatisfiedDependencyException: Error creating bean with name 'userLevelRule': Unsatisfied dependency expressed through field 'ruleMapper'; nested exception is org.springframework.beans.factory.UnsatisfiedDependencyException: Error creating bean with name 'ruleMapper' defined in file [E:\JavaWorkSpace\Design1\target\classes\com\zym\Design1\dao\RuleMapper.class]: Unsatisfied dependency expressed through bean property 'sqlSessionFactory'; nested exception is org.springframework.beans.factory.BeanCreationException: Error creating bean with name 'sqlSessionFactory' defined in class path resource [org/mybatis/spring/boot/autoconfigure/MybatisAutoConfiguration.class]: Bean instantiation via factory method failed; nested exception is org.springframework.beans.BeanInstantiationException: Failed to instantiate [org.apache.ibatis.session.SqlSessionFactory]: Factory method 'sqlSessionFactory' threw exception; nested exception is org.springframework.core.NestedIOException: Failed to parse config resource: class path resource [mybatis-config.xml]; nested exception is org.apache.ibatis.builder.BuilderException: Error parsing SQL Mapper Configuration. Cause: org.apache.ibatis.builder.BuilderException: Error resolving class. Cause: org.apache.ibatis.type.TypeException: Could not resolve type alias 'com.chrhc.mybatis.locker.interceptor.OptimisticLocker'.  Cause: java.lang.ClassNotFoundException: Cannot find class: com.chrhc.mybatis.locker.interceptor.OptimisticLocker
2018-04-18 09:48:20 [INFO][com.alibaba.druid.pool.DruidDataSource][close][1823]-> {dataSource-1} closed
2018-04-18 09:48:20 [INFO][org.apache.catalina.core.StandardService][log][180]-> Stopping service [Tomcat]
2018-04-18 09:48:20 [INFO][org.springframework.boot.autoconfigure.logging.ConditionEvaluationReportLoggingListener][logAutoConfigurationReport][101]-> 

Error starting ApplicationContext. To display the conditions report re-run your application with 'debug' enabled.
2018-04-18 09:48:20 [ERROR][org.springframework.boot.SpringApplication][reportFailure][833]-> Application run failed
org.springframework.beans.factory.UnsatisfiedDependencyException: Error creating bean with name 'userLevelRule': Unsatisfied dependency expressed through field 'ruleMapper'; nested exception is org.springframework.beans.factory.UnsatisfiedDependencyException: Error creating bean with name 'ruleMapper' defined in file [E:\JavaWorkSpace\Design1\target\classes\com\zym\Design1\dao\RuleMapper.class]: Unsatisfied dependency expressed through bean property 'sqlSessionFactory'; nested exception is org.springframework.beans.factory.BeanCreationException: Error creating bean with name 'sqlSessionFactory' defined in class path resource [org/mybatis/spring/boot/autoconfigure/MybatisAutoConfiguration.class]: Bean instantiation via factory method failed; nested exception is org.springframework.beans.BeanInstantiationException: Failed to instantiate [org.apache.ibatis.session.SqlSessionFactory]: Factory method 'sqlSessionFactory' threw exception; nested exception is org.springframework.core.NestedIOException: Failed to parse config resource: class path resource [mybatis-config.xml]; nested exception is org.apache.ibatis.builder.BuilderException: Error parsing SQL Mapper Configuration. Cause: org.apache.ibatis.builder.BuilderException: Error resolving class. Cause: org.apache.ibatis.type.TypeException: Could not resolve type alias 'com.chrhc.mybatis.locker.interceptor.OptimisticLocker'.  Cause: java.lang.ClassNotFoundException: Cannot find class: com.chrhc.mybatis.locker.interceptor.OptimisticLocker
	at org.springframework.beans.factory.annotation.AutowiredAnnotationBeanPostProcessor$AutowiredFieldElement.inject(AutowiredAnnotationBeanPostProcessor.java:587)
	at org.springframework.beans.factory.annotation.InjectionMetadata.inject(InjectionMetadata.java:91)
	at org.springframework.beans.factory.annotation.AutowiredAnnotationBeanPostProcessor.postProcessPropertyValues(AutowiredAnnotationBeanPostProcessor.java:373)
	at org.springframework.beans.factory.support.AbstractAutowireCapableBeanFactory.populateBean(AbstractAutowireCapableBeanFactory.java:1344)
	at org.springframework.beans.factory.support.AbstractAutowireCapableBeanFactory.doCreateBean(AbstractAutowireCapableBeanFactory.java:582)
	at org.springframework.beans.factory.support.AbstractAutowireCapableBeanFactory.createBean(AbstractAutowireCapableBeanFactory.java:502)
	at org.springframework.beans.factory.support.AbstractBeanFactory.lambda$doGetBean$0(AbstractBeanFactory.java:312)
	at org.springframework.beans.factory.support.DefaultSingletonBeanRegistry.getSingleton(DefaultSingletonBeanRegistry.java:228)
	at org.springframework.beans.factory.support.AbstractBeanFactory.doGetBean(AbstractBeanFactory.java:310)
	at org.springframework.beans.factory.support.AbstractBeanFactory.getBean(AbstractBeanFactory.java:200)
	at org.springframework.beans.factory.support.DefaultListableBeanFactory.preInstantiateSingletons(DefaultListableBeanFactory.java:760)
	at org.springframework.context.support.AbstractApplicationContext.finishBeanFactoryInitialization(AbstractApplicationContext.java:868)
	at org.springframework.context.support.AbstractApplicationContext.refresh(AbstractApplicationContext.java:549)
	at org.springframework.boot.web.servlet.context.ServletWebServerApplicationContext.refresh(ServletWebServerApplicationContext.java:140)
	at org.springframework.boot.SpringApplication.refresh(SpringApplication.java:752)
	at org.springframework.boot.SpringApplication.refreshContext(SpringApplication.java:388)
	at org.springframework.boot.SpringApplication.run(SpringApplication.java:327)
	at org.springframework.boot.SpringApplication.run(SpringApplication.java:1246)
	at org.springframework.boot.SpringApplication.run(SpringApplication.java:1234)
	at com.zym.Design1.Design1Application.main(Design1Application.java:23)
	at sun.reflect.NativeMethodAccessorImpl.invoke0(Native Method)
	at sun.reflect.NativeMethodAccessorImpl.invoke(NativeMethodAccessorImpl.java:62)
	at sun.reflect.DelegatingMethodAccessorImpl.invoke(DelegatingMethodAccessorImpl.java:43)
	at java.lang.reflect.Method.invoke(Method.java:498)
	at org.springframework.boot.devtools.restart.RestartLauncher.run(RestartLauncher.java:49)
Caused by: org.springframework.beans.factory.UnsatisfiedDependencyException: Error creating bean with name 'ruleMapper' defined in file [E:\JavaWorkSpace\Design1\target\classes\com\zym\Design1\dao\RuleMapper.class]: Unsatisfied dependency expressed through bean property 'sqlSessionFactory'; nested exception is org.springframework.beans.factory.BeanCreationException: Error creating bean with name 'sqlSessionFactory' defined in class path resource [org/mybatis/spring/boot/autoconfigure/MybatisAutoConfiguration.class]: Bean instantiation via factory method failed; nested exception is org.springframework.beans.BeanInstantiationException: Failed to instantiate [org.apache.ibatis.session.SqlSessionFactory]: Factory method 'sqlSessionFactory' threw exception; nested exception is org.springframework.core.NestedIOException: Failed to parse config resource: class path resource [mybatis-config.xml]; nested exception is org.apache.ibatis.builder.BuilderException: Error parsing SQL Mapper Configuration. Cause: org.apache.ibatis.builder.BuilderException: Error resolving class. Cause: org.apache.ibatis.type.TypeException: Could not resolve type alias 'com.chrhc.mybatis.locker.interceptor.OptimisticLocker'.  Cause: java.lang.ClassNotFoundException: Cannot find class: com.chrhc.mybatis.locker.interceptor.OptimisticLocker
	at org.springframework.beans.factory.support.AbstractAutowireCapableBeanFactory.autowireByType(AbstractAutowireCapableBeanFactory.java:1439)
	at org.springframework.beans.factory.support.AbstractAutowireCapableBeanFactory.populateBean(AbstractAutowireCapableBeanFactory.java:1326)
	at org.springframework.beans.factory.support.AbstractAutowireCapableBeanFactory.doCreateBean(AbstractAutowireCapableBeanFactory.java:582)
	at org.springframework.beans.factory.support.AbstractAutowireCapableBeanFactory.createBean(AbstractAutowireCapableBeanFactory.java:502)
	at org.springframework.beans.factory.support.AbstractBeanFactory.lambda$doGetBean$0(AbstractBeanFactory.java:312)
	at org.springframework.beans.factory.support.DefaultSingletonBeanRegistry.getSingleton(DefaultSingletonBeanRegistry.java:228)
	at org.springframework.beans.factory.support.AbstractBeanFactory.doGetBean(AbstractBeanFactory.java:310)
	at org.springframework.beans.factory.support.AbstractBeanFactory.getBean(AbstractBeanFactory.java:200)
	at org.springframework.beans.factory.config.DependencyDescriptor.resolveCandidate(DependencyDescriptor.java:251)
	at org.springframework.beans.factory.support.DefaultListableBeanFactory.doResolveDependency(DefaultListableBeanFactory.java:1138)
	at org.springframework.beans.factory.support.DefaultListableBeanFactory.resolveDependency(DefaultListableBeanFactory.java:1065)
	at org.springframework.beans.factory.annotation.AutowiredAnnotationBeanPostProcessor$AutowiredFieldElement.inject(AutowiredAnnotationBeanPostProcessor.java:584)
	... 24 common frames omitted
Caused by: org.springframework.beans.factory.BeanCreationException: Error creating bean with name 'sqlSessionFactory' defined in class path resource [org/mybatis/spring/boot/autoconfigure/MybatisAutoConfiguration.class]: Bean instantiation via factory method failed; nested exception is org.springframework.beans.BeanInstantiationException: Failed to instantiate [org.apache.ibatis.session.SqlSessionFactory]: Factory method 'sqlSessionFactory' threw exception; nested exception is org.springframework.core.NestedIOException: Failed to parse config resource: class path resource [mybatis-config.xml]; nested exception is org.apache.ibatis.builder.BuilderException: Error parsing SQL Mapper Configuration. Cause: org.apache.ibatis.builder.BuilderException: Error resolving class. Cause: org.apache.ibatis.type.TypeException: Could not resolve type alias 'com.chrhc.mybatis.locker.interceptor.OptimisticLocker'.  Cause: java.lang.ClassNotFoundException: Cannot find class: com.chrhc.mybatis.locker.interceptor.OptimisticLocker
	at org.springframework.beans.factory.support.ConstructorResolver.instantiateUsingFactoryMethod(ConstructorResolver.java:587)
	at org.springframework.beans.factory.support.AbstractAutowireCapableBeanFactory.instantiateUsingFactoryMethod(AbstractAutowireCapableBeanFactory.java:1250)
	at org.springframework.beans.factory.support.AbstractAutowireCapableBeanFactory.createBeanInstance(AbstractAutowireCapableBeanFactory.java:1099)
	at org.springframework.beans.factory.support.AbstractAutowireCapableBeanFactory.doCreateBean(AbstractAutowireCapableBeanFactory.java:545)
	at org.springframework.beans.factory.support.AbstractAutowireCapableBeanFactory.createBean(AbstractAutowireCapableBeanFactory.java:502)
	at org.springframework.beans.factory.support.AbstractBeanFactory.lambda$doGetBean$0(AbstractBeanFactory.java:312)
	at org.springframework.beans.factory.support.DefaultSingletonBeanRegistry.getSingleton(DefaultSingletonBeanRegistry.java:228)
	at org.springframework.beans.factory.support.AbstractBeanFactory.doGetBean(AbstractBeanFactory.java:310)
	at org.springframework.beans.factory.support.AbstractBeanFactory.getBean(AbstractBeanFactory.java:200)
	at org.springframework.beans.factory.config.DependencyDescriptor.resolveCandidate(DependencyDescriptor.java:251)
	at org.springframework.beans.factory.support.DefaultListableBeanFactory.doResolveDependency(DefaultListableBeanFactory.java:1138)
	at org.springframework.beans.factory.support.DefaultListableBeanFactory.resolveDependency(DefaultListableBeanFactory.java:1065)
	at org.springframework.beans.factory.support.AbstractAutowireCapableBeanFactory.autowireByType(AbstractAutowireCapableBeanFactory.java:1424)
	... 35 common frames omitted
Caused by: org.springframework.beans.BeanInstantiationException: Failed to instantiate [org.apache.ibatis.session.SqlSessionFactory]: Factory method 'sqlSessionFactory' threw exception; nested exception is org.springframework.core.NestedIOException: Failed to parse config resource: class path resource [mybatis-config.xml]; nested exception is org.apache.ibatis.builder.BuilderException: Error parsing SQL Mapper Configuration. Cause: org.apache.ibatis.builder.BuilderException: Error resolving class. Cause: org.apache.ibatis.type.TypeException: Could not resolve type alias 'com.chrhc.mybatis.locker.interceptor.OptimisticLocker'.  Cause: java.lang.ClassNotFoundException: Cannot find class: com.chrhc.mybatis.locker.interceptor.OptimisticLocker
	at org.springframework.beans.factory.support.SimpleInstantiationStrategy.instantiate(SimpleInstantiationStrategy.java:185)
	at org.springframework.beans.factory.support.ConstructorResolver.instantiateUsingFactoryMethod(ConstructorResolver.java:579)
	... 47 common frames omitted
Caused by: org.springframework.core.NestedIOException: Failed to parse config resource: class path resource [mybatis-config.xml]; nested exception is org.apache.ibatis.builder.BuilderException: Error parsing SQL Mapper Configuration. Cause: org.apache.ibatis.builder.BuilderException: Error resolving class. Cause: org.apache.ibatis.type.TypeException: Could not resolve type alias 'com.chrhc.mybatis.locker.interceptor.OptimisticLocker'.  Cause: java.lang.ClassNotFoundException: Cannot find class: com.chrhc.mybatis.locker.interceptor.OptimisticLocker
	at org.mybatis.spring.SqlSessionFactoryBean.buildSqlSessionFactory(SqlSessionFactoryBean.java:500)
	at org.mybatis.spring.SqlSessionFactoryBean.afterPropertiesSet(SqlSessionFactoryBean.java:380)
	at org.mybatis.spring.SqlSessionFactoryBean.getObject(SqlSessionFactoryBean.java:547)
	at org.mybatis.spring.boot.autoconfigure.MybatisAutoConfiguration.sqlSessionFactory(MybatisAutoConfiguration.java:153)
	at org.mybatis.spring.boot.autoconfigure.MybatisAutoConfiguration$$EnhancerBySpringCGLIB$$95510a4d.CGLIB$sqlSessionFactory$0(<generated>)
	at org.mybatis.spring.boot.autoconfigure.MybatisAutoConfiguration$$EnhancerBySpringCGLIB$$95510a4d$$FastClassBySpringCGLIB$$40f31587.invoke(<generated>)
	at org.springframework.cglib.proxy.MethodProxy.invokeSuper(MethodProxy.java:228)
	at org.springframework.context.annotation.ConfigurationClassEnhancer$BeanMethodInterceptor.intercept(ConfigurationClassEnhancer.java:361)
	at org.mybatis.spring.boot.autoconfigure.MybatisAutoConfiguration$$EnhancerBySpringCGLIB$$95510a4d.sqlSessionFactory(<generated>)
	at sun.reflect.NativeMethodAccessorImpl.invoke0(Native Method)
	at sun.reflect.NativeMethodAccessorImpl.invoke(NativeMethodAccessorImpl.java:62)
	at sun.reflect.DelegatingMethodAccessorImpl.invoke(DelegatingMethodAccessorImpl.java:43)
	at java.lang.reflect.Method.invoke(Method.java:498)
	at org.springframework.beans.factory.support.SimpleInstantiationStrategy.instantiate(SimpleInstantiationStrategy.java:154)
	... 48 common frames omitted
Caused by: org.apache.ibatis.builder.BuilderException: Error parsing SQL Mapper Configuration. Cause: org.apache.ibatis.builder.BuilderException: Error resolving class. Cause: org.apache.ibatis.type.TypeException: Could not resolve type alias 'com.chrhc.mybatis.locker.interceptor.OptimisticLocker'.  Cause: java.lang.ClassNotFoundException: Cannot find class: com.chrhc.mybatis.locker.interceptor.OptimisticLocker
	at org.apache.ibatis.builder.xml.XMLConfigBuilder.parseConfiguration(XMLConfigBuilder.java:121)
	at org.apache.ibatis.builder.xml.XMLConfigBuilder.parse(XMLConfigBuilder.java:99)
	at org.mybatis.spring.SqlSessionFactoryBean.buildSqlSessionFactory(SqlSessionFactoryBean.java:494)
	... 61 common frames omitted
Caused by: org.apache.ibatis.builder.BuilderException: Error resolving class. Cause: org.apache.ibatis.type.TypeException: Could not resolve type alias 'com.chrhc.mybatis.locker.interceptor.OptimisticLocker'.  Cause: java.lang.ClassNotFoundException: Cannot find class: com.chrhc.mybatis.locker.interceptor.OptimisticLocker
	at org.apache.ibatis.builder.BaseBuilder.resolveClass(BaseBuilder.java:118)
	at org.apache.ibatis.builder.xml.XMLConfigBuilder.pluginElement(XMLConfigBuilder.java:183)
	at org.apache.ibatis.builder.xml.XMLConfigBuilder.parseConfiguration(XMLConfigBuilder.java:110)
	... 63 common frames omitted
Caused by: org.apache.ibatis.type.TypeException: Could not resolve type alias 'com.chrhc.mybatis.locker.interceptor.OptimisticLocker'.  Cause: java.lang.ClassNotFoundException: Cannot find class: com.chrhc.mybatis.locker.interceptor.OptimisticLocker
	at org.apache.ibatis.type.TypeAliasRegistry.resolveAlias(TypeAliasRegistry.java:120)
	at org.apache.ibatis.builder.BaseBuilder.resolveAlias(BaseBuilder.java:149)
	at org.apache.ibatis.builder.BaseBuilder.resolveClass(BaseBuilder.java:116)
	... 65 common frames omitted
Caused by: java.lang.ClassNotFoundException: Cannot find class: com.chrhc.mybatis.locker.interceptor.OptimisticLocker
	at org.apache.ibatis.io.ClassLoaderWrapper.classForName(ClassLoaderWrapper.java:200)
	at org.apache.ibatis.io.ClassLoaderWrapper.classForName(ClassLoaderWrapper.java:89)
	at org.apache.ibatis.io.Resources.classForName(Resources.java:261)
	at org.apache.ibatis.type.TypeAliasRegistry.resolveAlias(TypeAliasRegistry.java:116)
	... 67 common frames omitted
2018-04-18 09:54:57 [INFO][com.zym.Design1.Design1Application][logStarting][50]-> Starting Design1Application on DESKTOP-YM with PID 10216 (E:\JavaWorkSpace\Design1\target\classes started by YM in E:\JavaWorkSpace\Design1)
2018-04-18 09:54:57 [INFO][com.zym.Design1.Design1Application][logStartupProfileInfo][652]-> No active profile set, falling back to default profiles: default
2018-04-18 09:54:57 [INFO][org.springframework.boot.web.servlet.context.AnnotationConfigServletWebServerApplicationContext][prepareRefresh][589]-> Refreshing org.springframework.boot.web.servlet.context.AnnotationConfigServletWebServerApplicationContext@2ee40e4b: startup date [Wed Apr 18 09:54:57 CST 2018]; root of context hierarchy
2018-04-18 09:54:59 [INFO][org.springframework.data.repository.config.RepositoryConfigurationDelegate][multipleStoresDetected][163]-> Multiple Spring Data modules found, entering strict repository configuration mode!
2018-04-18 09:55:00 [INFO][org.springframework.context.support.PostProcessorRegistrationDelegate$BeanPostProcessorChecker][postProcessAfterInitialization][328]-> Bean 'org.springframework.transaction.annotation.ProxyTransactionManagementConfiguration' of type [org.springframework.transaction.annotation.ProxyTransactionManagementConfiguration$$EnhancerBySpringCGLIB$$a701c732] is not eligible for getting processed by all BeanPostProcessors (for example: not eligible for auto-proxying)
2018-04-18 09:55:00 [ERROR][org.apache.catalina.core.AprLifecycleListener][log][180]-> An incompatible version [1.2.12] of the APR based Apache Tomcat Native library is installed, while Tomcat requires version [1.2.14]
2018-04-18 09:55:00 [INFO][org.springframework.boot.web.embedded.tomcat.TomcatWebServer][initialize][91]-> Tomcat initialized with port(s): 9999 (http)
2018-04-18 09:55:00 [ERROR][org.apache.catalina.core.AprLifecycleListener][log][180]-> An incompatible version [1.2.12] of the APR based Apache Tomcat Native library is installed, while Tomcat requires version [1.2.14]
2018-04-18 09:55:00 [INFO][org.apache.coyote.http11.Http11NioProtocol][log][180]-> Initializing ProtocolHandler ["http-nio-9999"]
2018-04-18 09:55:00 [INFO][org.apache.catalina.core.StandardService][log][180]-> Starting service [Tomcat]
2018-04-18 09:55:00 [INFO][org.apache.catalina.core.StandardEngine][log][180]-> Starting Servlet Engine: Apache Tomcat/8.5.28
2018-04-18 09:55:00 [ERROR][org.apache.catalina.core.AprLifecycleListener][log][180]-> An incompatible version [1.2.12] of the APR based Apache Tomcat Native library is installed, while Tomcat requires version [1.2.14]
2018-04-18 09:55:01 [INFO][org.apache.catalina.core.ContainerBase.[Tomcat].[localhost].[/]][log][180]-> Initializing Spring embedded WebApplicationContext
2018-04-18 09:55:01 [INFO][org.springframework.web.context.ContextLoader][prepareWebApplicationContext][285]-> Root WebApplicationContext: initialization completed in 3336 ms
2018-04-18 09:55:01 [INFO][org.springframework.boot.web.servlet.ServletRegistrationBean][addRegistration][185]-> Servlet dispatcherServlet mapped to [/]
2018-04-18 09:55:01 [INFO][org.springframework.boot.web.servlet.ServletRegistrationBean][addRegistration][185]-> Servlet statViewServlet mapped to [/druid/*]
2018-04-18 09:55:01 [INFO][org.springframework.boot.web.servlet.ServletRegistrationBean][addRegistration][185]-> Servlet com.zym.Design1.config.DruidStatViewServlet mapped to [/druid/*]
2018-04-18 09:55:01 [INFO][org.springframework.boot.web.servlet.ServletRegistrationBean][addRegistration][185]-> Servlet com.zym.Design1.util.ValidateCodeServlet mapped to [/validateCode]
2018-04-18 09:55:01 [INFO][org.springframework.boot.web.servlet.FilterRegistrationBean][configure][243]-> Mapping filter: 'characterEncodingFilter' to: [/*]
2018-04-18 09:55:01 [INFO][org.springframework.boot.web.servlet.FilterRegistrationBean][configure][243]-> Mapping filter: 'hiddenHttpMethodFilter' to: [/*]
2018-04-18 09:55:01 [INFO][org.springframework.boot.web.servlet.FilterRegistrationBean][configure][243]-> Mapping filter: 'httpPutFormContentFilter' to: [/*]
2018-04-18 09:55:01 [INFO][org.springframework.boot.web.servlet.FilterRegistrationBean][configure][243]-> Mapping filter: 'requestContextFilter' to: [/*]
2018-04-18 09:55:01 [INFO][org.springframework.boot.web.servlet.FilterRegistrationBean][configure][243]-> Mapping filter: 'httpTraceFilter' to: [/*]
2018-04-18 09:55:01 [INFO][org.springframework.boot.web.servlet.FilterRegistrationBean][configure][256]-> Mapping filter: 'webStatFilter' to urls: [/*]
2018-04-18 09:55:01 [INFO][org.springframework.boot.web.servlet.FilterRegistrationBean][configure][243]-> Mapping filter: 'webMvcMetricsFilter' to: [/*]
2018-04-18 09:55:01 [INFO][org.springframework.boot.web.servlet.FilterRegistrationBean][configure][256]-> Mapping filter: 'druidWebStatFilter' to urls: [/*]
2018-04-18 09:55:01 [INFO][com.alibaba.druid.spring.boot.autoconfigure.DruidDataSourceAutoConfigure][dataSource][56]-> Init DruidDataSource
2018-04-18 09:55:02 [INFO][com.alibaba.druid.pool.DruidDataSource][init][928]-> {dataSource-1} inited
2018-04-18 09:55:02 [INFO][com.zym.Design1.aspect.LogAspect][beforeMethod][44]-> before method: List com.zym.Design1.dao.RuleMapper.selectByExample(RuleExample), args: com.zym.Design1.entity.RuleExample@9752a37,
2018-04-18 09:55:03 [INFO][com.zym.Design1.bean.UserLevelRule][afterPropertiesSet][50]-> userCreditMap size: 8
2018-04-18 09:55:03 [INFO][com.zym.Design1.aspect.LogAspect][beforeMethod][44]-> before method: List com.zym.Design1.dao.OrgRuleMapper.selectByExample(OrgRuleExample), args: com.zym.Design1.entity.OrgRuleExample@404b4c01,
2018-04-18 09:55:03 [INFO][com.zym.Design1.bean.UserLevelRule][afterPropertiesSet][53]-> levelNumMap size: 4
2018-04-18 09:55:03 [INFO][com.zym.Design1.bean.UserLevelRule][afterPropertiesSet][55]-> ruleList size: 4
2018-04-18 09:55:05 [WARN][org.springframework.beans.factory.annotation.AutowiredAnnotationBeanPostProcessor][lambda$buildAutowiringMetadata$1][438]-> Autowired annotation is not supported on static fields: public static final java.lang.String com.zym.Design1.exception.DefaultErrorController.ERROR_PATH
2018-04-18 09:55:06 [INFO][org.springframework.web.servlet.mvc.method.annotation.RequestMappingHandlerAdapter][initControllerAdviceCache][567]-> Looking for @ControllerAdvice: org.springframework.boot.web.servlet.context.AnnotationConfigServletWebServerApplicationContext@2ee40e4b: startup date [Wed Apr 18 09:54:57 CST 2018]; root of context hierarchy
2018-04-18 09:55:06 [INFO][org.springframework.web.servlet.mvc.method.annotation.RequestMappingHandlerMapping][register][548]-> Mapped "{[/admin/members],methods=[POST]}" onto public java.lang.String com.zym.Design1.controller.AdminController.addMember(com.zym.Design1.entity.User)
2018-04-18 09:55:06 [INFO][org.springframework.web.servlet.mvc.method.annotation.RequestMappingHandlerMapping][register][548]-> Mapped "{[/admin/memberManage],methods=[GET]}" onto public java.lang.String com.zym.Design1.controller.AdminController.memberListPage(org.springframework.ui.Model,java.lang.String,java.lang.String)
2018-04-18 09:55:06 [INFO][org.springframework.web.servlet.mvc.method.annotation.RequestMappingHandlerMapping][register][548]-> Mapped "{[/admin/memberlist],methods=[POST]}" onto public java.lang.String com.zym.Design1.controller.AdminController.memberList(java.lang.Integer,java.lang.Integer,java.lang.String,java.lang.String,java.lang.String)
2018-04-18 09:55:06 [INFO][org.springframework.web.servlet.mvc.method.annotation.RequestMappingHandlerMapping][register][548]-> Mapped "{[/admin/members/{id}],methods=[DELETE]}" onto public java.lang.String com.zym.Design1.controller.AdminController.deleteMember(java.lang.Integer)
2018-04-18 09:55:06 [INFO][org.springframework.web.servlet.mvc.method.annotation.RequestMappingHandlerMapping][register][548]-> Mapped "{[/admin/members/{id}],methods=[PUT]}" onto public java.lang.String com.zym.Design1.controller.AdminController.updateMember(com.zym.Design1.entity.User)
2018-04-18 09:55:06 [INFO][org.springframework.web.servlet.mvc.method.annotation.RequestMappingHandlerMapping][register][548]-> Mapped "{[/admin/encashListPage],methods=[GET]}" onto public java.lang.String com.zym.Design1.controller.AdminController.encashListPage(java.lang.String,org.springframework.ui.Model)
2018-04-18 09:55:06 [INFO][org.springframework.web.servlet.mvc.method.annotation.RequestMappingHandlerMapping][register][548]-> Mapped "{[/admin/readNotice],methods=[GET]}" onto public java.lang.String com.zym.Design1.controller.AdminController.readNoticePage(java.lang.String,java.lang.Integer,org.springframework.ui.Model)
2018-04-18 09:55:06 [INFO][org.springframework.web.servlet.mvc.method.annotation.RequestMappingHandlerMapping][register][548]-> Mapped "{[/admin/editNotice],methods=[GET]}" onto public java.lang.String com.zym.Design1.controller.AdminController.editNoticePage()
2018-04-18 09:55:06 [INFO][org.springframework.web.servlet.mvc.method.annotation.RequestMappingHandlerMapping][register][548]-> Mapped "{[/admin/ecoinLogList],methods=[POST]}" onto public java.lang.String com.zym.Design1.controller.AdminController.ecoinLogList(java.lang.Integer,java.lang.Integer,java.lang.String,java.lang.String,java.lang.String,java.lang.Integer,java.lang.Integer)
2018-04-18 09:55:06 [INFO][org.springframework.web.servlet.mvc.method.annotation.RequestMappingHandlerMapping][register][548]-> Mapped "{[/admin/ecoinLogAdd],methods=[POST]}" onto public java.lang.String com.zym.Design1.controller.AdminController.addECoinLog(com.zym.Design1.entity.BuyEcoinLog)
2018-04-18 09:55:06 [INFO][org.springframework.web.servlet.mvc.method.annotation.RequestMappingHandlerMapping][register][548]-> Mapped "{[/admin/editNotice],methods=[POST]}" onto public java.lang.String com.zym.Design1.controller.AdminController.editNotice(java.lang.String,java.lang.String,java.lang.Integer)
2018-04-18 09:55:06 [INFO][org.springframework.web.servlet.mvc.method.annotation.RequestMappingHandlerMapping][register][548]-> Mapped "{[/admin/ecoinManage],methods=[GET]}" onto public java.lang.String com.zym.Design1.controller.AdminController.eCoinManage()
2018-04-18 09:55:06 [INFO][org.springframework.web.servlet.mvc.method.annotation.RequestMappingHandlerMapping][register][548]-> Mapped "{[/admin/noticeList],methods=[POST]}" onto public java.lang.String com.zym.Design1.controller.AdminController.noticeList(java.lang.String,java.lang.Integer,java.lang.Integer)
2018-04-18 09:55:06 [INFO][org.springframework.web.servlet.mvc.method.annotation.RequestMappingHandlerMapping][register][548]-> Mapped "{[/admin/rejectEncash/{id}],methods=[POST]}" onto public java.lang.String com.zym.Design1.controller.AdminController.rejectEncash(java.lang.Integer,java.lang.String)
2018-04-18 09:55:06 [INFO][org.springframework.web.servlet.mvc.method.annotation.RequestMappingHandlerMapping][register][548]-> Mapped "{[/admin/noticeListPage],methods=[GET]}" onto public java.lang.String com.zym.Design1.controller.AdminController.noticeListPage(java.lang.String,org.springframework.ui.Model)
2018-04-18 09:55:06 [INFO][org.springframework.web.servlet.mvc.method.annotation.RequestMappingHandlerMapping][register][548]-> Mapped "{[/admin/encashList],methods=[POST]}" onto public java.lang.String com.zym.Design1.controller.AdminController.encashList(java.lang.Integer,java.lang.Integer,java.lang.String,java.lang.String,java.lang.String,org.springframework.ui.Model)
2018-04-18 09:55:06 [INFO][org.springframework.web.servlet.mvc.method.annotation.RequestMappingHandlerMapping][register][548]-> Mapped "{[/admin/approveEncash/{id}],methods=[POST]}" onto public java.lang.String com.zym.Design1.controller.AdminController.approveEncash(java.lang.Integer,java.lang.String)
2018-04-18 09:55:06 [INFO][org.springframework.web.servlet.mvc.method.annotation.RequestMappingHandlerMapping][register][548]-> Mapped "{[/admin/recordVcPrice]}" onto public java.lang.String com.zym.Design1.controller.CurrencyController.recordVcPrice(java.math.BigDecimal)
2018-04-18 09:55:06 [INFO][org.springframework.web.servlet.mvc.method.annotation.RequestMappingHandlerMapping][register][548]-> Mapped "{[/admin/closeEarlyPhase],methods=[POST]}" onto public java.lang.String com.zym.Design1.controller.CurrencyController.closeEarlyPhase()
2018-04-18 09:55:06 [INFO][org.springframework.web.servlet.mvc.method.annotation.RequestMappingHandlerMapping][register][548]-> Mapped "{[/admin/trend]}" onto public java.lang.String com.zym.Design1.controller.CurrencyController.trend(org.springframework.ui.Model,java.lang.String)
2018-04-18 09:55:06 [INFO][org.springframework.web.servlet.mvc.method.annotation.RequestMappingHandlerMapping][register][548]-> Mapped "{[/member/encash || /admin/encash],methods=[GET]}" onto public java.lang.String com.zym.Design1.controller.EncashController.encashPage(org.springframework.ui.Model,java.lang.String)
2018-04-18 09:55:06 [INFO][org.springframework.web.servlet.mvc.method.annotation.RequestMappingHandlerMapping][register][548]-> Mapped "{[/member/encash || /admin/encash],methods=[POST]}" onto public java.lang.String com.zym.Design1.controller.EncashController.encash(java.lang.Integer,java.lang.String)
2018-04-18 09:55:06 [INFO][org.springframework.web.servlet.mvc.method.annotation.RequestMappingHandlerMapping][register][548]-> Mapped "{[/member/myFin]}" onto public java.lang.String com.zym.Design1.controller.FinController.ecoinRecordPage(java.lang.String,java.lang.String,org.springframework.ui.Model)
2018-04-18 09:55:06 [INFO][org.springframework.web.servlet.mvc.method.annotation.RequestMappingHandlerMapping][register][548]-> Mapped "{[/member/finDetail],methods=[POST]}" onto public java.lang.String com.zym.Design1.controller.FinController.finDetail(java.lang.Integer,java.lang.Integer,org.springframework.ui.Model)
2018-04-18 09:55:06 [INFO][org.springframework.web.servlet.mvc.method.annotation.RequestMappingHandlerMapping][register][548]-> Mapped "{[/]}" onto public java.lang.String com.zym.Design1.controller.LoginController.index(org.springframework.ui.Model)
2018-04-18 09:55:06 [INFO][org.springframework.web.servlet.mvc.method.annotation.RequestMappingHandlerMapping][register][548]-> Mapped "{[/reglogin]}" onto public java.lang.String com.zym.Design1.controller.LoginController.reglogin(java.lang.String,org.springframework.ui.Model)
2018-04-18 09:55:06 [INFO][org.springframework.web.servlet.mvc.method.annotation.RequestMappingHandlerMapping][register][548]-> Mapped "{[/login],methods=[GET]}" onto public java.lang.String com.zym.Design1.controller.LoginController.loginGet(java.lang.String,org.springframework.ui.Model)
2018-04-18 09:55:06 [INFO][org.springframework.web.servlet.mvc.method.annotation.RequestMappingHandlerMapping][register][548]-> Mapped "{[/login],methods=[POST]}" onto public java.lang.String com.zym.Design1.controller.LoginController.loginPost(javax.servlet.http.HttpSession,java.lang.String,java.lang.String,java.lang.String,java.lang.String,org.springframework.ui.Model,javax.servlet.http.HttpServletResponse)
2018-04-18 09:55:06 [INFO][org.springframework.web.servlet.mvc.method.annotation.RequestMappingHandlerMapping][register][548]-> Mapped "{[/logout],methods=[POST || GET]}" onto public java.lang.String com.zym.Design1.controller.LoginController.logout(java.lang.String)
2018-04-18 09:55:06 [INFO][org.springframework.web.servlet.mvc.method.annotation.RequestMappingHandlerMapping][register][548]-> Mapped "{[/member/memberOrgTreeChart || /admin/memberOrgTreeChart],methods=[GET]}" onto public java.lang.String com.zym.Design1.controller.MemberController.memberOrgTreeChart(java.lang.Integer)
2018-04-18 09:55:06 [INFO][org.springframework.web.servlet.mvc.method.annotation.RequestMappingHandlerMapping][register][548]-> Mapped "{[/member/changeTradePwd || /admin/changeTradePwd],methods=[POST]}" onto public java.lang.String com.zym.Design1.controller.MemberController.changeTradePwdAction(java.lang.String,java.lang.String,java.lang.String)
2018-04-18 09:55:06 [INFO][org.springframework.web.servlet.mvc.method.annotation.RequestMappingHandlerMapping][register][548]-> Mapped "{[/member/memberOrgTreeview || /admin/memberOrgTreeview],methods=[GET]}" onto public java.lang.String com.zym.Design1.controller.MemberController.memberOrgTreeview(java.lang.Integer)
2018-04-18 09:55:06 [INFO][org.springframework.web.servlet.mvc.method.annotation.RequestMappingHandlerMapping][register][548]-> Mapped "{[/member/ecoinLog || /admin/ecoinLog],methods=[POST]}" onto public java.lang.String com.zym.Design1.controller.MemberController.ecoinLogList(java.lang.Integer,java.lang.Integer,java.lang.String,java.lang.String,java.lang.String)
2018-04-18 09:55:06 [INFO][org.springframework.web.servlet.mvc.method.annotation.RequestMappingHandlerMapping][register][548]-> Mapped "{[/member/myOpt || /admin/myOpt]}" onto public java.lang.String com.zym.Design1.controller.MemberController.myOpt(java.lang.String,org.springframework.ui.Model)
2018-04-18 09:55:06 [INFO][org.springframework.web.servlet.mvc.method.annotation.RequestMappingHandlerMapping][register][548]-> Mapped "{[/member/myConnection || /admin/myConnection]}" onto public java.lang.String com.zym.Design1.controller.MemberController.myConnection(java.lang.String,org.springframework.ui.Model)
2018-04-18 09:55:06 [INFO][org.springframework.web.servlet.mvc.method.annotation.RequestMappingHandlerMapping][register][548]-> Mapped "{[/member/my || /admin/my],methods=[GET]}" onto public java.lang.String com.zym.Design1.controller.MemberController.changePwdPage(java.lang.String,java.lang.String,org.springframework.ui.Model)
2018-04-18 09:55:06 [INFO][org.springframework.web.servlet.mvc.method.annotation.RequestMappingHandlerMapping][register][548]-> Mapped "{[/member/changePwd || /admin/changePwd],methods=[POST]}" onto public java.lang.String com.zym.Design1.controller.MemberController.changePwdAction(java.lang.String,java.lang.String,java.lang.String)
2018-04-18 09:55:06 [INFO][org.springframework.web.servlet.mvc.method.annotation.RequestMappingHandlerMapping][register][548]-> Mapped "{[/member/sendSms || /admin/sendSms],methods=[POST]}" onto public java.lang.String com.zym.Design1.controller.MemberController.sendSms(java.lang.String,javax.servlet.http.HttpServletRequest)
2018-04-18 09:55:06 [INFO][org.springframework.web.servlet.mvc.method.annotation.RequestMappingHandlerMapping][register][548]-> Mapped "{[/member/modifyOpt || /admin/modifyOpt],methods=[POST]}" onto public java.lang.String com.zym.Design1.controller.MemberController.modifyOpt(java.lang.Integer)
2018-04-18 09:55:06 [INFO][org.springframework.web.servlet.mvc.method.annotation.RequestMappingHandlerMapping][register][548]-> Mapped "{[/member/myHome || /member/ || /admin/myHome || /admin/],methods=[GET]}" onto public java.lang.String com.zym.Design1.controller.MemberController.myHome(java.lang.String,org.springframework.ui.Model)
2018-04-18 09:55:06 [INFO][org.springframework.web.servlet.mvc.method.annotation.RequestMappingHandlerMapping][register][548]-> Mapped "{[/member/chooseOpt || /admin/chooseOpt],methods=[POST]}" onto public java.lang.String com.zym.Design1.controller.MemberController.chooseOpt(java.lang.Integer)
2018-04-18 09:55:06 [INFO][org.springframework.web.servlet.mvc.method.annotation.RequestMappingHandlerMapping][register][548]-> Mapped "{[/member/wantToBuy || /admin/wantToBuy],methods=[POST]}" onto public java.lang.String com.zym.Design1.controller.TradeController.wantToBuy(javax.servlet.http.HttpServletRequest,java.math.BigDecimal,java.math.BigDecimal,java.lang.String,java.lang.String,java.lang.Integer)
2018-04-18 09:55:06 [INFO][org.springframework.web.servlet.mvc.method.annotation.RequestMappingHandlerMapping][register][548]-> Mapped "{[/member/cancelBuyTry || /admin/cancelBuyTry],methods=[POST]}" onto public java.lang.String com.zym.Design1.controller.TradeController.cancelBuyTry(javax.servlet.http.HttpServletRequest,java.lang.Long,java.lang.String,java.lang.String)
2018-04-18 09:55:06 [INFO][org.springframework.web.servlet.mvc.method.annotation.RequestMappingHandlerMapping][register][548]-> Mapped "{[/member/buyVc || /admin/buyVc],methods=[POST]}" onto public java.lang.String com.zym.Design1.controller.TradeController.buyVc(javax.servlet.http.HttpServletRequest,java.lang.Long,java.lang.String,java.lang.String)
2018-04-18 09:55:06 [INFO][org.springframework.web.servlet.mvc.method.annotation.RequestMappingHandlerMapping][register][548]-> Mapped "{[/member/getTrendData || /admin/getTrendData]}" onto public java.lang.String com.zym.Design1.controller.TradeController.calculteTrend()
2018-04-18 09:55:06 [INFO][org.springframework.web.servlet.mvc.method.annotation.RequestMappingHandlerMapping][register][548]-> Mapped "{[/member/trade || /admin/trade],methods=[GET]}" onto public java.lang.String com.zym.Design1.controller.TradeController.tradingHall(org.springframework.ui.Model,java.lang.String,java.lang.String,java.lang.Integer,java.lang.Integer,java.lang.String,java.lang.String,java.lang.String)
2018-04-18 09:55:06 [INFO][org.springframework.web.servlet.mvc.method.annotation.RequestMappingHandlerMapping][register][548]-> Mapped "{[/member/wantToSell || /admin/wantToSell],methods=[POST]}" onto public java.lang.String com.zym.Design1.controller.TradeController.wantToSell(javax.servlet.http.HttpServletRequest,java.math.BigDecimal,java.math.BigDecimal,java.lang.String,java.lang.String)
2018-04-18 09:55:06 [INFO][org.springframework.web.servlet.mvc.method.annotation.RequestMappingHandlerMapping][register][548]-> Mapped "{[/member/sellVc || /admin/sellVc],methods=[POST]}" onto public java.lang.String com.zym.Design1.controller.TradeController.sellVc(javax.servlet.http.HttpServletRequest,java.lang.Long,java.lang.String,java.lang.String)
2018-04-18 09:55:06 [INFO][org.springframework.web.servlet.mvc.method.annotation.RequestMappingHandlerMapping][register][548]-> Mapped "{[/member/cancelSellTry || /admin/cancelSellTry],methods=[POST]}" onto public java.lang.String com.zym.Design1.controller.TradeController.cancelSellTry(javax.servlet.http.HttpServletRequest,java.lang.Long,java.lang.String,java.lang.String)
2018-04-18 09:55:06 [INFO][org.springframework.web.servlet.mvc.method.annotation.RequestMappingHandlerMapping][register][548]-> Mapped "{[/isValidateCodeCorrect]}" onto public java.lang.String com.zym.Design1.controller.UtilController.compareValidateCode(javax.servlet.http.HttpSession,java.lang.String)
2018-04-18 09:55:06 [INFO][org.springframework.web.servlet.mvc.method.annotation.RequestMappingHandlerMapping][register][548]-> Mapped "{[/isTradePwdCorrect],methods=[POST]}" onto public java.lang.String com.zym.Design1.controller.UtilController.isTradePwdCorrect(java.lang.String)
2018-04-18 09:55:06 [INFO][org.springframework.web.servlet.mvc.method.annotation.RequestMappingHandlerMapping][register][548]-> Mapped "{[/isPwdCorrect],methods=[POST]}" onto public java.lang.String com.zym.Design1.controller.UtilController.isPwdCorrect(java.lang.String)
2018-04-18 09:55:06 [INFO][org.springframework.web.servlet.mvc.method.annotation.RequestMappingHandlerMapping][register][548]-> Mapped "{[/isUidNotExist],methods=[POST]}" onto public java.lang.String com.zym.Design1.controller.UtilController.isUidNotExist(java.lang.String)
2018-04-18 09:55:06 [INFO][org.springframework.web.servlet.mvc.method.annotation.RequestMappingHandlerMapping][register][548]-> Mapped "{[/isUidExist],methods=[POST]}" onto public java.lang.String com.zym.Design1.controller.UtilController.isUidExist(java.lang.String)
2018-04-18 09:55:06 [INFO][org.springframework.web.servlet.mvc.method.annotation.RequestMappingHandlerMapping][register][548]-> Mapped "{[/404]}" onto public java.lang.String com.zym.Design1.controller.UtilController.page404()
2018-04-18 09:55:06 [INFO][org.springframework.web.servlet.mvc.method.annotation.RequestMappingHandlerMapping][register][548]-> Mapped "{[/401]}" onto public java.lang.String com.zym.Design1.controller.UtilController.page401()
2018-04-18 09:55:06 [INFO][org.springframework.web.servlet.mvc.method.annotation.RequestMappingHandlerMapping][register][548]-> Mapped "{[/error]}" onto public org.springframework.http.ResponseEntity<java.util.Map<java.lang.String, java.lang.Object>> com.zym.Design1.exception.DefaultErrorController.error(java.lang.Exception,javax.servlet.http.HttpServletRequest,java.lang.Exception) throws java.lang.Exception
2018-04-18 09:55:06 [INFO][org.springframework.web.servlet.mvc.method.annotation.RequestMappingHandlerMapping][register][548]-> Mapped "{[/error],produces=[text/html]}" onto public org.springframework.web.servlet.ModelAndView com.zym.Design1.exception.DefaultErrorController.errorHtml(java.lang.Exception,javax.servlet.http.HttpServletRequest,javax.servlet.http.HttpServletResponse)
2018-04-18 09:55:06 [INFO][org.springframework.web.servlet.mvc.method.annotation.RequestMappingHandlerMapping][register][548]-> Mapped "{[/testA]}" onto public java.lang.String com.zym.Design1.tttest.TestController.test()
2018-04-18 09:55:06 [INFO][org.springframework.web.servlet.mvc.method.annotation.RequestMappingHandlerMapping][register][548]-> Mapped "{[/testC]}" onto public java.lang.String com.zym.Design1.tttest.TestController.testc()
2018-04-18 09:55:06 [INFO][org.springframework.web.servlet.mvc.method.annotation.RequestMappingHandlerMapping][register][548]-> Mapped "{[/testB]}" onto public java.lang.String com.zym.Design1.tttest.TestController.testB()
2018-04-18 09:55:06 [INFO][org.springframework.web.servlet.mvc.method.annotation.RequestMappingHandlerMapping][register][548]-> Mapped "{[/testA2]}" onto public java.lang.String com.zym.Design1.tttest.TestController2.test()
2018-04-18 09:55:06 [INFO][org.springframework.web.servlet.mvc.method.annotation.RequestMappingHandlerMapping][register][548]-> Mapped "{[/testC2]}" onto public java.lang.String com.zym.Design1.tttest.TestController2.testc()
2018-04-18 09:55:06 [INFO][org.springframework.web.servlet.mvc.method.annotation.RequestMappingHandlerMapping][register][548]-> Mapped "{[/testB2]}" onto public java.lang.String com.zym.Design1.tttest.TestController2.testB()
2018-04-18 09:55:06 [INFO][org.springframework.web.servlet.handler.SimpleUrlHandlerMapping][registerHandler][373]-> Mapped URL path [/templates/**] onto handler of type [class org.springframework.web.servlet.resource.ResourceHttpRequestHandler]
2018-04-18 09:55:06 [INFO][org.springframework.web.servlet.handler.SimpleUrlHandlerMapping][registerHandler][373]-> Mapped URL path [/static/**] onto handler of type [class org.springframework.web.servlet.resource.ResourceHttpRequestHandler]
2018-04-18 09:55:06 [INFO][org.springframework.web.servlet.handler.SimpleUrlHandlerMapping][registerHandler][373]-> Mapped URL path [/webjars/**] onto handler of type [class org.springframework.web.servlet.resource.ResourceHttpRequestHandler]
2018-04-18 09:55:06 [INFO][org.springframework.web.servlet.handler.SimpleUrlHandlerMapping][registerHandler][373]-> Mapped URL path [/**] onto handler of type [class org.springframework.web.servlet.resource.ResourceHttpRequestHandler]
2018-04-18 09:55:06 [INFO][org.springframework.web.servlet.mvc.method.annotation.ExceptionHandlerExceptionResolver][initExceptionHandlerAdviceCache][289]-> Detected @ExceptionHandler methods in defaultErrorController
2018-04-18 09:55:06 [INFO][org.springframework.web.servlet.handler.SimpleUrlHandlerMapping][registerHandler][373]-> Mapped URL path [/**/favicon.ico] onto handler of type [class org.springframework.web.servlet.resource.ResourceHttpRequestHandler]
2018-04-18 09:55:06 [INFO][org.springframework.boot.autoconfigure.web.servlet.WelcomePageHandlerMapping][<init>][61]-> Adding welcome page template: index
2018-04-18 09:55:08 [INFO][org.springframework.web.servlet.view.freemarker.FreeMarkerConfigurer][postProcessTemplateLoaders][131]-> ClassTemplateLoader for Spring macros added to FreeMarker configuration
2018-04-18 09:55:08 [INFO][org.quartz.impl.StdSchedulerFactory][instantiate][1208]-> Using default implementation for ThreadExecutor
2018-04-18 09:55:08 [INFO][org.quartz.core.SchedulerSignalerImpl][<init>][61]-> Initialized Scheduler Signaller of type: class org.quartz.core.SchedulerSignalerImpl
2018-04-18 09:55:08 [INFO][org.quartz.core.QuartzScheduler][<init>][229]-> Quartz Scheduler v.2.3.0 created.
2018-04-18 09:55:08 [INFO][org.quartz.simpl.RAMJobStore][initialize][155]-> RAMJobStore initialized.
2018-04-18 09:55:08 [INFO][org.quartz.core.QuartzScheduler][initialize][294]-> Scheduler meta-data: Quartz Scheduler (v2.3.0) 'quartzScheduler' with instanceId 'NON_CLUSTERED'
  Scheduler class: 'org.quartz.core.QuartzScheduler' - running locally.
  NOT STARTED.
  Currently in standby mode.
  Number of jobs executed: 0
  Using thread pool 'org.quartz.simpl.SimpleThreadPool' - with 10 threads.
  Using job-store 'org.quartz.simpl.RAMJobStore' - which does not support persistence. and is not clustered.

2018-04-18 09:55:08 [INFO][org.quartz.impl.StdSchedulerFactory][instantiate][1362]-> Quartz scheduler 'quartzScheduler' initialized from an externally provided properties instance.
2018-04-18 09:55:08 [INFO][org.quartz.impl.StdSchedulerFactory][instantiate][1366]-> Quartz scheduler version: 2.3.0
2018-04-18 09:55:08 [INFO][org.quartz.core.QuartzScheduler][setJobFactory][2287]-> JobFactory set to: org.springframework.boot.autoconfigure.quartz.AutowireCapableBeanJobFactory@2a7607e8
2018-04-18 09:55:22 [INFO][org.springframework.boot.devtools.autoconfigure.OptionalLiveReloadServer][startServer][57]-> LiveReload server is running on port 35729
2018-04-18 09:55:22 [INFO][org.springframework.jmx.export.annotation.AnnotationMBeanExporter][afterSingletonsInstantiated][434]-> Registering beans for JMX exposure on startup
2018-04-18 09:55:22 [INFO][org.springframework.jmx.export.annotation.AnnotationMBeanExporter][autodetect][896]-> Bean with name 'statFilter' has been autodetected for JMX exposure
2018-04-18 09:55:22 [INFO][org.springframework.jmx.export.annotation.AnnotationMBeanExporter][autodetect][896]-> Bean with name 'slf4jLogFilter' has been autodetected for JMX exposure
2018-04-18 09:55:22 [INFO][org.springframework.jmx.export.annotation.AnnotationMBeanExporter][autodetect][896]-> Bean with name 'dataSource' has been autodetected for JMX exposure
2018-04-18 09:55:22 [INFO][org.springframework.jmx.export.annotation.AnnotationMBeanExporter][registerBeanInstance][669]-> Located MBean 'slf4jLogFilter': registering with JMX server as MBean [com.alibaba.druid.filter.logging:name=slf4jLogFilter,type=Slf4jLogFilter]
2018-04-18 09:55:22 [INFO][org.springframework.jmx.export.annotation.AnnotationMBeanExporter][registerBeanInstance][669]-> Located MBean 'dataSource': registering with JMX server as MBean [com.alibaba.druid.spring.boot.autoconfigure:name=dataSource,type=DruidDataSourceWrapper]
2018-04-18 09:55:22 [INFO][org.springframework.jmx.export.annotation.AnnotationMBeanExporter][registerBeanInstance][669]-> Located MBean 'statFilter': registering with JMX server as MBean [com.alibaba.druid.filter.stat:name=statFilter,type=StatFilter]
2018-04-18 09:55:22 [INFO][org.springframework.boot.web.servlet.context.AnnotationConfigServletWebServerApplicationContext][prepareRefresh][589]-> Refreshing org.springframework.boot.web.servlet.context.AnnotationConfigServletWebServerApplicationContext@4e295fc4: startup date [Wed Apr 18 09:55:22 CST 2018]; parent: org.springframework.boot.web.servlet.context.AnnotationConfigServletWebServerApplicationContext@2ee40e4b
2018-04-18 09:55:22 [INFO][org.springframework.beans.factory.support.DefaultListableBeanFactory][registerBeanDefinition][824]-> Overriding bean definition for bean 'handlerExceptionResolver' with a different definition: replacing [Root bean: class [null]; scope=; abstract=false; lazyInit=false; autowireMode=3; dependencyCheck=0; autowireCandidate=true; primary=false; factoryBeanName=org.springframework.web.servlet.config.annotation.DelegatingWebMvcConfiguration; factoryMethodName=handlerExceptionResolver; initMethodName=null; destroyMethodName=(inferred); defined in class path resource [org/springframework/web/servlet/config/annotation/DelegatingWebMvcConfiguration.class]] with [Root bean: class [null]; scope=; abstract=false; lazyInit=false; autowireMode=3; dependencyCheck=0; autowireCandidate=true; primary=false; factoryBeanName=org.springframework.boot.actuate.autoconfigure.web.servlet.WebMvcEndpointChildContextConfiguration; factoryMethodName=compositeHandlerExceptionResolver; initMethodName=null; destroyMethodName=(inferred); defined in class path resource [org/springframework/boot/actuate/autoconfigure/web/servlet/WebMvcEndpointChildContextConfiguration.class]]
2018-04-18 09:55:22 [ERROR][org.apache.catalina.core.AprLifecycleListener][log][180]-> An incompatible version [1.2.12] of the APR based Apache Tomcat Native library is installed, while Tomcat requires version [1.2.14]
2018-04-18 09:55:22 [INFO][org.springframework.boot.web.embedded.tomcat.TomcatWebServer][initialize][91]-> Tomcat initialized with port(s): 9998 (http)
2018-04-18 09:55:22 [ERROR][org.apache.catalina.core.AprLifecycleListener][log][180]-> An incompatible version [1.2.12] of the APR based Apache Tomcat Native library is installed, while Tomcat requires version [1.2.14]
2018-04-18 09:55:22 [INFO][org.apache.coyote.http11.Http11NioProtocol][log][180]-> Initializing ProtocolHandler ["http-nio-9998"]
2018-04-18 09:55:22 [INFO][org.apache.catalina.core.StandardService][log][180]-> Starting service [Tomcat]
2018-04-18 09:55:22 [INFO][org.apache.catalina.core.StandardEngine][log][180]-> Starting Servlet Engine: Apache Tomcat/8.5.28
2018-04-18 09:55:22 [ERROR][org.apache.catalina.core.AprLifecycleListener][log][180]-> An incompatible version [1.2.12] of the APR based Apache Tomcat Native library is installed, while Tomcat requires version [1.2.14]
2018-04-18 09:55:22 [INFO][org.apache.catalina.core.ContainerBase.[Tomcat-1].[localhost].[/]][log][180]-> Initializing Spring embedded WebApplicationContext
2018-04-18 09:55:22 [INFO][org.springframework.web.context.ContextLoader][prepareWebApplicationContext][285]-> Root WebApplicationContext: initialization completed in 252 ms
2018-04-18 09:55:22 [INFO][org.springframework.boot.web.servlet.ServletRegistrationBean][addRegistration][185]-> Servlet dispatcherServlet mapped to [/]
2018-04-18 09:55:22 [INFO][org.springframework.boot.actuate.endpoint.web.servlet.WebMvcEndpointHandlerMapping][register][548]-> Mapped "{[/actuator/health],methods=[GET],produces=[application/vnd.spring-boot.actuator.v2+json || application/json]}" onto public java.lang.Object org.springframework.boot.actuate.endpoint.web.servlet.AbstractWebMvcEndpointHandlerMapping$OperationHandler.handle(javax.servlet.http.HttpServletRequest,java.util.Map<java.lang.String, java.lang.String>)
2018-04-18 09:55:22 [INFO][org.springframework.boot.actuate.endpoint.web.servlet.WebMvcEndpointHandlerMapping][register][548]-> Mapped "{[/actuator/info],methods=[GET],produces=[application/vnd.spring-boot.actuator.v2+json || application/json]}" onto public java.lang.Object org.springframework.boot.actuate.endpoint.web.servlet.AbstractWebMvcEndpointHandlerMapping$OperationHandler.handle(javax.servlet.http.HttpServletRequest,java.util.Map<java.lang.String, java.lang.String>)
2018-04-18 09:55:22 [INFO][org.springframework.boot.actuate.endpoint.web.servlet.WebMvcEndpointHandlerMapping][register][548]-> Mapped "{[/actuator],methods=[GET],produces=[application/vnd.spring-boot.actuator.v2+json || application/json]}" onto protected java.util.Map<java.lang.String, java.util.Map<java.lang.String, org.springframework.boot.actuate.endpoint.web.Link>> org.springframework.boot.actuate.endpoint.web.servlet.WebMvcEndpointHandlerMapping.links(javax.servlet.http.HttpServletRequest,javax.servlet.http.HttpServletResponse)
2018-04-18 09:55:23 [INFO][org.springframework.web.servlet.mvc.method.annotation.RequestMappingHandlerMapping][register][548]-> Mapped "{[/error]}" onto public java.util.Map<java.lang.String, java.lang.Object> org.springframework.boot.actuate.autoconfigure.web.servlet.ManagementErrorEndpoint.invoke(org.springframework.web.context.request.ServletWebRequest)
2018-04-18 09:55:23 [INFO][org.springframework.web.servlet.handler.SimpleUrlHandlerMapping][registerHandler][373]-> Mapped URL path [/templates/**] onto handler of type [class org.springframework.web.servlet.resource.ResourceHttpRequestHandler]
2018-04-18 09:55:23 [INFO][org.springframework.web.servlet.handler.SimpleUrlHandlerMapping][registerHandler][373]-> Mapped URL path [/static/**] onto handler of type [class org.springframework.web.servlet.resource.ResourceHttpRequestHandler]
2018-04-18 09:55:23 [INFO][org.springframework.web.servlet.handler.SimpleUrlHandlerMapping][registerHandler][373]-> Mapped URL path [/webjars/**] onto handler of type [class org.springframework.web.servlet.resource.ResourceHttpRequestHandler]
2018-04-18 09:55:23 [INFO][org.springframework.web.servlet.handler.SimpleUrlHandlerMapping][registerHandler][373]-> Mapped URL path [/**] onto handler of type [class org.springframework.web.servlet.resource.ResourceHttpRequestHandler]
2018-04-18 09:55:23 [INFO][org.springframework.web.servlet.mvc.method.annotation.RequestMappingHandlerAdapter][initControllerAdviceCache][567]-> Looking for @ControllerAdvice: org.springframework.boot.web.servlet.context.AnnotationConfigServletWebServerApplicationContext@4e295fc4: startup date [Wed Apr 18 09:55:22 CST 2018]; parent: org.springframework.boot.web.servlet.context.AnnotationConfigServletWebServerApplicationContext@2ee40e4b
2018-04-18 09:55:23 [INFO][org.apache.coyote.http11.Http11NioProtocol][log][180]-> Starting ProtocolHandler ["http-nio-9998"]
2018-04-18 09:55:23 [INFO][org.apache.tomcat.util.net.NioSelectorPool][log][180]-> Using a shared selector for servlet write/read
2018-04-18 09:55:23 [INFO][org.springframework.boot.web.embedded.tomcat.TomcatWebServer][start][205]-> Tomcat started on port(s): 9998 (http) with context path ''
2018-04-18 09:55:23 [INFO][org.springframework.context.support.DefaultLifecycleProcessor][start][351]-> Starting beans in phase 2147483647
2018-04-18 09:55:23 [INFO][org.springframework.scheduling.quartz.SchedulerFactoryBean][startScheduler][686]-> Starting Quartz Scheduler now
2018-04-18 09:55:23 [INFO][org.quartz.core.QuartzScheduler][start][547]-> Scheduler quartzScheduler_$_NON_CLUSTERED started.
2018-04-18 09:55:23 [INFO][org.apache.coyote.http11.Http11NioProtocol][log][180]-> Starting ProtocolHandler ["http-nio-9999"]
2018-04-18 09:55:23 [INFO][org.apache.tomcat.util.net.NioSelectorPool][log][180]-> Using a shared selector for servlet write/read
2018-04-18 09:55:23 [INFO][org.springframework.boot.web.embedded.tomcat.TomcatWebServer][start][205]-> Tomcat started on port(s): 9999 (http) with context path ''
2018-04-18 09:55:23 [INFO][com.zym.Design1.Design1Application][logStarted][59]-> Started Design1Application in 26.391 seconds (JVM running for 27.185)
2018-04-18 09:55:39 [ERROR][org.apache.catalina.core.AprLifecycleListener][log][180]-> An incompatible version [1.2.12] of the APR based Apache Tomcat Native library is installed, while Tomcat requires version [1.2.14]
2018-04-18 09:55:39 [INFO][org.apache.catalina.core.ContainerBase.[Tomcat].[localhost].[/]][log][180]-> Initializing Spring FrameworkServlet 'dispatcherServlet'
2018-04-18 09:55:39 [INFO][org.springframework.web.servlet.DispatcherServlet][initServletBean][494]-> FrameworkServlet 'dispatcherServlet': initialization started
2018-04-18 09:55:39 [INFO][org.springframework.web.servlet.DispatcherServlet][initServletBean][513]-> FrameworkServlet 'dispatcherServlet': initialization completed in 45 ms
2018-04-18 09:55:39 [INFO][com.zym.Design1.aspect.LogAspect][doBefore][95]-> WebLogAspect.doBefore()
2018-04-18 09:55:39 [INFO][com.zym.Design1.aspect.LogAspect][doBefore][100]-> URL : http://127.0.0.1:9999/login
2018-04-18 09:55:39 [INFO][com.zym.Design1.aspect.LogAspect][doBefore][101]-> HTTP_METHOD : GET
2018-04-18 09:55:39 [INFO][com.zym.Design1.aspect.LogAspect][doBefore][102]-> IP : 127.0.0.1
2018-04-18 09:55:39 [INFO][com.zym.Design1.aspect.LogAspect][doBefore][103]-> CLASS_METHOD : com.zym.Design1.controller.LoginController.loginGet
2018-04-18 09:55:39 [INFO][com.zym.Design1.aspect.LogAspect][doBefore][104]-> ARGS : [/tradingHall, {}]
2018-04-18 09:55:39 [INFO][com.zym.Design1.aspect.LogAspect][doBefore][109]-> next : /tradingHall
2018-04-18 09:55:39 [INFO][com.zym.Design1.controller.LoginController][loginGet][33]-> next: /tradingHall
2018-04-18 09:55:39 [ERROR][org.apache.catalina.core.AprLifecycleListener][log][180]-> An incompatible version [1.2.12] of the APR based Apache Tomcat Native library is installed, while Tomcat requires version [1.2.14]
2018-04-18 09:55:39 [ERROR][org.apache.catalina.core.AprLifecycleListener][log][180]-> An incompatible version [1.2.12] of the APR based Apache Tomcat Native library is installed, while Tomcat requires version [1.2.14]
2018-04-18 09:55:39 [ERROR][org.apache.catalina.core.AprLifecycleListener][log][180]-> An incompatible version [1.2.12] of the APR based Apache Tomcat Native library is installed, while Tomcat requires version [1.2.14]
2018-04-18 09:55:39 [ERROR][org.apache.catalina.core.AprLifecycleListener][log][180]-> An incompatible version [1.2.12] of the APR based Apache Tomcat Native library is installed, while Tomcat requires version [1.2.14]
2018-04-18 09:55:40 [INFO][com.zym.Design1.util.ValidateCodeServlet][doPost][74]-> vCode: C9H7
2018-04-18 09:55:42 [INFO][com.zym.Design1.aspect.LogAspect][doBefore][95]-> WebLogAspect.doBefore()
2018-04-18 09:55:42 [INFO][com.zym.Design1.aspect.LogAspect][doBefore][100]-> URL : http://127.0.0.1:9999/login
2018-04-18 09:55:42 [INFO][com.zym.Design1.aspect.LogAspect][doBefore][101]-> HTTP_METHOD : GET
2018-04-18 09:55:42 [INFO][com.zym.Design1.aspect.LogAspect][doBefore][102]-> IP : 127.0.0.1
2018-04-18 09:55:42 [INFO][com.zym.Design1.aspect.LogAspect][doBefore][103]-> CLASS_METHOD : com.zym.Design1.controller.LoginController.loginGet
2018-04-18 09:55:42 [INFO][com.zym.Design1.aspect.LogAspect][doBefore][104]-> ARGS : [null, {}]
2018-04-18 09:55:42 [INFO][com.zym.Design1.controller.LoginController][loginGet][33]-> next: null
2018-04-18 09:55:42 [INFO][com.zym.Design1.util.ValidateCodeServlet][doPost][74]-> vCode: KRV2
2018-04-18 09:55:50 [INFO][com.zym.Design1.aspect.LogAspect][doBefore][95]-> WebLogAspect.doBefore()
2018-04-18 09:55:50 [INFO][com.zym.Design1.aspect.LogAspect][doBefore][100]-> URL : http://127.0.0.1:9999/login
2018-04-18 09:55:50 [INFO][com.zym.Design1.aspect.LogAspect][doBefore][101]-> HTTP_METHOD : POST
2018-04-18 09:55:50 [INFO][com.zym.Design1.aspect.LogAspect][doBefore][102]-> IP : 127.0.0.1
2018-04-18 09:55:50 [INFO][com.zym.Design1.aspect.LogAspect][doBefore][103]-> CLASS_METHOD : com.zym.Design1.controller.LoginController.loginPost
2018-04-18 09:55:50 [INFO][com.zym.Design1.aspect.LogAspect][doBefore][104]-> ARGS : [org.apache.catalina.session.StandardSessionFacade@5414753a, krv2, admin, admin, null, {}, com.alibaba.druid.support.http.WebStatFilter$StatHttpServletResponseWrapper@506dae33]
2018-04-18 09:55:50 [INFO][com.zym.Design1.aspect.LogAspect][doBefore][109]-> name : admin
2018-04-18 09:55:50 [INFO][com.zym.Design1.aspect.LogAspect][doBefore][109]-> password : admin
2018-04-18 09:55:50 [INFO][com.zym.Design1.aspect.LogAspect][doBefore][109]-> validateCode : krv2
2018-04-18 09:55:50 [INFO][com.zym.Design1.aspect.LogAspect][beforeMethod][44]-> before method: Map com.zym.Design1.service.LoginService.login(String,String), args: admin,admin,
2018-04-18 09:55:50 [INFO][com.zym.Design1.aspect.LogAspect][beforeMethod][44]-> before method: List com.zym.Design1.service.UserService.selectByExample(UserExample), args: com.zym.Design1.entity.UserExample@1287e7ef,
2018-04-18 09:55:50 [INFO][com.zym.Design1.aspect.LogAspect][beforeMethod][44]-> before method: List com.zym.Design1.dao.UserMapper.selectByExample(UserExample), args: com.zym.Design1.entity.UserExample@1287e7ef,
2018-04-18 09:55:50 [INFO][com.zym.Design1.aspect.LogAspect][beforeMethod][44]-> before method: boolean com.zym.Design1.service.UserService.checkPassword(User,String), args: com.zym.Design1.entity.User@5205026d,admin,
2018-04-18 09:55:50 [INFO][com.zym.Design1.service.LoginService][addLoginTicket][71]-> 01038678-c809-4e1e-b94f-ae7e06df0890
2018-04-18 09:55:51 [INFO][io.lettuce.core.EpollProvider][info][101]-> Starting without optional epoll library
2018-04-18 09:55:51 [INFO][io.lettuce.core.KqueueProvider][info][101]-> Starting without optional kqueue library
2018-04-18 09:55:51 [INFO][com.zym.Design1.service.LoginService][addLoginTicket][74]-> USER_SESSION:01038678-c809-4e1e-b94f-ae7e06df0890
2018-04-18 09:55:51 [INFO][com.zym.Design1.service.LoginService][addLoginTicket][75]-> 1
2018-04-18 09:55:51 [INFO][com.zym.Design1.controller.LoginController][loginPost][55]-> {code=0, ticket=01038678-c809-4e1e-b94f-ae7e06df0890}
2018-04-18 09:55:51 [INFO][com.zym.Design1.aspect.LogAspect][beforeMethod][44]-> before method: User com.zym.Design1.service.UserService.getUserById(Integer), args: 1,
2018-04-18 09:55:51 [INFO][com.zym.Design1.aspect.LogAspect][beforeMethod][44]-> before method: User com.zym.Design1.dao.UserMapper.selectByPrimaryKey(Integer), args: 1,
2018-04-18 09:55:51 [INFO][com.zym.Design1.aspect.LogAspect][doBefore][95]-> WebLogAspect.doBefore()
2018-04-18 09:55:51 [INFO][com.zym.Design1.aspect.LogAspect][doBefore][100]-> URL : http://127.0.0.1:9999/member/myHome
2018-04-18 09:55:51 [INFO][com.zym.Design1.aspect.LogAspect][doBefore][101]-> HTTP_METHOD : GET
2018-04-18 09:55:51 [INFO][com.zym.Design1.aspect.LogAspect][doBefore][102]-> IP : 127.0.0.1
2018-04-18 09:55:51 [INFO][com.zym.Design1.aspect.LogAspect][doBefore][103]-> CLASS_METHOD : com.zym.Design1.controller.MemberController.myHome
2018-04-18 09:55:51 [INFO][com.zym.Design1.aspect.LogAspect][doBefore][104]-> ARGS : [myHome, {}]
2018-04-18 09:55:51 [INFO][com.zym.Design1.aspect.LogAspect][beforeMethod][44]-> before method: void com.zym.Design1.service.OrgService.getDescendantsMap(Integer,Map), args: 1,{},
2018-04-18 09:55:51 [INFO][com.zym.Design1.aspect.LogAspect][beforeMethod][44]-> before method: User com.zym.Design1.service.UserService.getUserById(Integer), args: 1,
2018-04-18 09:55:51 [INFO][com.zym.Design1.aspect.LogAspect][beforeMethod][44]-> before method: User com.zym.Design1.dao.UserMapper.selectByPrimaryKey(Integer), args: 1,
2018-04-18 09:55:51 [INFO][com.zym.Design1.aspect.LogAspect][beforeMethod][44]-> before method: List com.zym.Design1.dao.OrgMapper.selectByExample(OrgExample), args: com.zym.Design1.entity.OrgExample@3d8d74d4,
2018-04-18 09:55:51 [INFO][com.zym.Design1.aspect.LogAspect][beforeMethod][44]-> before method: BigDecimal com.zym.Design1.service.CurrencyService.getCurrency(), args: 
2018-04-18 09:55:52 [ERROR][org.apache.catalina.core.AprLifecycleListener][log][180]-> An incompatible version [1.2.12] of the APR based Apache Tomcat Native library is installed, while Tomcat requires version [1.2.14]
2018-04-18 09:55:52 [INFO][com.zym.Design1.aspect.LogAspect][beforeMethod][44]-> before method: User com.zym.Design1.service.UserService.getUserById(Integer), args: 1,
2018-04-18 09:55:52 [INFO][com.zym.Design1.aspect.LogAspect][beforeMethod][44]-> before method: User com.zym.Design1.dao.UserMapper.selectByPrimaryKey(Integer), args: 1,
2018-04-18 09:55:52 [INFO][com.zym.Design1.aspect.LogAspect][beforeMethod][44]-> before method: User com.zym.Design1.service.UserService.getUserById(Integer), args: 1,
2018-04-18 09:55:52 [INFO][com.zym.Design1.aspect.LogAspect][beforeMethod][44]-> before method: User com.zym.Design1.dao.UserMapper.selectByPrimaryKey(Integer), args: 1,
2018-04-18 09:55:52 [INFO][com.zym.Design1.aspect.LogAspect][beforeMethod][44]-> before method: User com.zym.Design1.service.UserService.getUserById(Integer), args: 1,
2018-04-18 09:55:52 [INFO][com.zym.Design1.aspect.LogAspect][beforeMethod][44]-> before method: User com.zym.Design1.dao.UserMapper.selectByPrimaryKey(Integer), args: 1,
2018-04-18 09:55:52 [INFO][com.zym.Design1.aspect.LogAspect][beforeMethod][44]-> before method: User com.zym.Design1.service.UserService.getUserById(Integer), args: 1,
2018-04-18 09:55:52 [INFO][com.zym.Design1.aspect.LogAspect][beforeMethod][44]-> before method: User com.zym.Design1.dao.UserMapper.selectByPrimaryKey(Integer), args: 1,
2018-04-18 09:55:52 [INFO][com.zym.Design1.aspect.LogAspect][beforeMethod][44]-> before method: User com.zym.Design1.service.UserService.getUserById(Integer), args: 1,
2018-04-18 09:55:52 [INFO][com.zym.Design1.aspect.LogAspect][beforeMethod][44]-> before method: User com.zym.Design1.dao.UserMapper.selectByPrimaryKey(Integer), args: 1,
2018-04-18 09:55:52 [INFO][com.zym.Design1.aspect.LogAspect][beforeMethod][44]-> before method: User com.zym.Design1.service.UserService.getUserById(Integer), args: 1,
2018-04-18 09:55:52 [INFO][com.zym.Design1.aspect.LogAspect][beforeMethod][44]-> before method: User com.zym.Design1.dao.UserMapper.selectByPrimaryKey(Integer), args: 1,
2018-04-18 09:55:52 [INFO][com.zym.Design1.aspect.LogAspect][beforeMethod][44]-> before method: User com.zym.Design1.service.UserService.getUserById(Integer), args: 1,
2018-04-18 09:55:52 [INFO][com.zym.Design1.aspect.LogAspect][beforeMethod][44]-> before method: User com.zym.Design1.dao.UserMapper.selectByPrimaryKey(Integer), args: 1,
2018-04-18 09:55:52 [INFO][com.zym.Design1.aspect.LogAspect][beforeMethod][44]-> before method: User com.zym.Design1.service.UserService.getUserById(Integer), args: 1,
2018-04-18 09:55:52 [INFO][com.zym.Design1.aspect.LogAspect][beforeMethod][44]-> before method: User com.zym.Design1.dao.UserMapper.selectByPrimaryKey(Integer), args: 1,
2018-04-18 09:55:52 [INFO][com.zym.Design1.aspect.LogAspect][beforeMethod][44]-> before method: User com.zym.Design1.service.UserService.getUserById(Integer), args: 1,
2018-04-18 09:55:52 [INFO][com.zym.Design1.aspect.LogAspect][beforeMethod][44]-> before method: User com.zym.Design1.dao.UserMapper.selectByPrimaryKey(Integer), args: 1,
2018-04-18 09:55:52 [INFO][com.zym.Design1.aspect.LogAspect][beforeMethod][44]-> before method: User com.zym.Design1.service.UserService.getUserById(Integer), args: 1,
2018-04-18 09:55:52 [INFO][com.zym.Design1.aspect.LogAspect][beforeMethod][44]-> before method: User com.zym.Design1.dao.UserMapper.selectByPrimaryKey(Integer), args: 1,
2018-04-18 09:55:52 [INFO][com.zym.Design1.aspect.LogAspect][beforeMethod][44]-> before method: User com.zym.Design1.service.UserService.getUserById(Integer), args: 1,
2018-04-18 09:55:52 [INFO][com.zym.Design1.aspect.LogAspect][beforeMethod][44]-> before method: User com.zym.Design1.service.UserService.getUserById(Integer), args: 1,
2018-04-18 09:55:52 [INFO][com.zym.Design1.aspect.LogAspect][beforeMethod][44]-> before method: User com.zym.Design1.dao.UserMapper.selectByPrimaryKey(Integer), args: 1,
2018-04-18 09:55:52 [INFO][com.zym.Design1.aspect.LogAspect][beforeMethod][44]-> before method: User com.zym.Design1.dao.UserMapper.selectByPrimaryKey(Integer), args: 1,
2018-04-18 09:55:52 [INFO][com.zym.Design1.aspect.LogAspect][beforeMethod][44]-> before method: User com.zym.Design1.service.UserService.getUserById(Integer), args: 1,
2018-04-18 09:55:52 [INFO][com.zym.Design1.aspect.LogAspect][beforeMethod][44]-> before method: User com.zym.Design1.dao.UserMapper.selectByPrimaryKey(Integer), args: 1,
2018-04-18 09:55:52 [INFO][com.zym.Design1.aspect.LogAspect][beforeMethod][44]-> before method: User com.zym.Design1.service.UserService.getUserById(Integer), args: 1,
2018-04-18 09:55:52 [INFO][com.zym.Design1.aspect.LogAspect][beforeMethod][44]-> before method: User com.zym.Design1.dao.UserMapper.selectByPrimaryKey(Integer), args: 1,
2018-04-18 09:55:52 [INFO][com.zym.Design1.aspect.LogAspect][beforeMethod][44]-> before method: User com.zym.Design1.service.UserService.getUserById(Integer), args: 1,
2018-04-18 09:55:52 [INFO][com.zym.Design1.aspect.LogAspect][beforeMethod][44]-> before method: User com.zym.Design1.dao.UserMapper.selectByPrimaryKey(Integer), args: 1,
2018-04-18 09:55:52 [INFO][com.zym.Design1.aspect.LogAspect][beforeMethod][44]-> before method: User com.zym.Design1.service.UserService.getUserById(Integer), args: 1,
2018-04-18 09:55:52 [INFO][com.zym.Design1.aspect.LogAspect][beforeMethod][44]-> before method: User com.zym.Design1.dao.UserMapper.selectByPrimaryKey(Integer), args: 1,
2018-04-18 09:55:52 [INFO][com.zym.Design1.aspect.LogAspect][beforeMethod][44]-> before method: User com.zym.Design1.service.UserService.getUserById(Integer), args: 1,
2018-04-18 09:55:52 [INFO][com.zym.Design1.aspect.LogAspect][beforeMethod][44]-> before method: User com.zym.Design1.dao.UserMapper.selectByPrimaryKey(Integer), args: 1,
2018-04-18 09:55:53 [INFO][com.zym.Design1.aspect.LogAspect][beforeMethod][44]-> before method: User com.zym.Design1.service.UserService.getUserById(Integer), args: 1,
2018-04-18 09:55:53 [INFO][com.zym.Design1.aspect.LogAspect][beforeMethod][44]-> before method: User com.zym.Design1.dao.UserMapper.selectByPrimaryKey(Integer), args: 1,
2018-04-18 09:55:53 [INFO][com.zym.Design1.aspect.LogAspect][beforeMethod][44]-> before method: User com.zym.Design1.service.UserService.getUserById(Integer), args: 1,
2018-04-18 09:55:53 [INFO][com.zym.Design1.aspect.LogAspect][beforeMethod][44]-> before method: User com.zym.Design1.service.UserService.getUserById(Integer), args: 1,
2018-04-18 09:55:53 [INFO][com.zym.Design1.aspect.LogAspect][beforeMethod][44]-> before method: User com.zym.Design1.dao.UserMapper.selectByPrimaryKey(Integer), args: 1,
2018-04-18 09:55:53 [INFO][com.zym.Design1.aspect.LogAspect][beforeMethod][44]-> before method: User com.zym.Design1.dao.UserMapper.selectByPrimaryKey(Integer), args: 1,
2018-04-18 09:55:53 [INFO][com.zym.Design1.aspect.LogAspect][beforeMethod][44]-> before method: User com.zym.Design1.service.UserService.getUserById(Integer), args: 1,
2018-04-18 09:55:53 [INFO][com.zym.Design1.aspect.LogAspect][beforeMethod][44]-> before method: User com.zym.Design1.dao.UserMapper.selectByPrimaryKey(Integer), args: 1,
2018-04-18 09:55:53 [INFO][com.zym.Design1.aspect.LogAspect][beforeMethod][44]-> before method: User com.zym.Design1.service.UserService.getUserById(Integer), args: 1,
2018-04-18 09:55:53 [INFO][com.zym.Design1.aspect.LogAspect][beforeMethod][44]-> before method: User com.zym.Design1.dao.UserMapper.selectByPrimaryKey(Integer), args: 1,
2018-04-18 09:55:53 [INFO][com.zym.Design1.aspect.LogAspect][beforeMethod][44]-> before method: User com.zym.Design1.service.UserService.getUserById(Integer), args: 1,
2018-04-18 09:55:53 [INFO][com.zym.Design1.aspect.LogAspect][beforeMethod][44]-> before method: User com.zym.Design1.dao.UserMapper.selectByPrimaryKey(Integer), args: 1,
2018-04-18 09:55:53 [INFO][com.zym.Design1.aspect.LogAspect][beforeMethod][44]-> before method: User com.zym.Design1.service.UserService.getUserById(Integer), args: 1,
2018-04-18 09:55:53 [INFO][com.zym.Design1.aspect.LogAspect][beforeMethod][44]-> before method: User com.zym.Design1.dao.UserMapper.selectByPrimaryKey(Integer), args: 1,
2018-04-18 09:55:53 [INFO][com.zym.Design1.aspect.LogAspect][beforeMethod][44]-> before method: User com.zym.Design1.service.UserService.getUserById(Integer), args: 1,
2018-04-18 09:55:53 [INFO][com.zym.Design1.aspect.LogAspect][beforeMethod][44]-> before method: User com.zym.Design1.dao.UserMapper.selectByPrimaryKey(Integer), args: 1,
2018-04-18 09:55:53 [INFO][com.zym.Design1.aspect.LogAspect][beforeMethod][44]-> before method: User com.zym.Design1.service.UserService.getUserById(Integer), args: 1,
2018-04-18 09:55:53 [INFO][com.zym.Design1.aspect.LogAspect][beforeMethod][44]-> before method: User com.zym.Design1.dao.UserMapper.selectByPrimaryKey(Integer), args: 1,
2018-04-18 10:03:43 [INFO][com.zym.Design1.aspect.LogAspect][beforeMethod][44]-> before method: User com.zym.Design1.service.UserService.getUserById(Integer), args: 1,
2018-04-18 10:03:43 [INFO][com.zym.Design1.aspect.LogAspect][beforeMethod][44]-> before method: User com.zym.Design1.dao.UserMapper.selectByPrimaryKey(Integer), args: 1,
2018-04-18 10:03:43 [INFO][com.zym.Design1.aspect.LogAspect][doBefore][95]-> WebLogAspect.doBefore()
2018-04-18 10:03:43 [INFO][com.zym.Design1.aspect.LogAspect][doBefore][100]-> URL : http://127.0.0.1:9999/member/trade
2018-04-18 10:03:43 [INFO][com.zym.Design1.aspect.LogAspect][doBefore][101]-> HTTP_METHOD : GET
2018-04-18 10:03:43 [INFO][com.zym.Design1.aspect.LogAspect][doBefore][102]-> IP : 127.0.0.1
2018-04-18 10:03:44 [INFO][com.zym.Design1.aspect.LogAspect][doBefore][103]-> CLASS_METHOD : com.zym.Design1.controller.TradeController.tradingHall
2018-04-18 10:03:44 [INFO][com.zym.Design1.aspect.LogAspect][doBefore][104]-> ARGS : [{}, wantToSellPage, trade, 1, 10, order_date, desc, null]
2018-04-18 10:03:44 [INFO][com.zym.Design1.aspect.LogAspect][doBefore][109]-> s : wantToSellPage
2018-04-18 10:03:44 [INFO][com.zym.Design1.aspect.LogAspect][beforeMethod][44]-> before method: BigDecimal com.zym.Design1.service.CurrencyService.getCurrency(), args: 
2018-04-18 10:03:44 [INFO][com.zym.Design1.aspect.LogAspect][beforeMethod][44]-> before method: User com.zym.Design1.service.UserService.getUserById(Integer), args: 1,
2018-04-18 10:03:44 [INFO][com.zym.Design1.aspect.LogAspect][beforeMethod][44]-> before method: User com.zym.Design1.dao.UserMapper.selectByPrimaryKey(Integer), args: 1,
2018-04-18 10:04:03 [INFO][com.zym.Design1.aspect.LogAspect][doBefore][95]-> WebLogAspect.doBefore()
2018-04-18 10:04:03 [INFO][com.zym.Design1.aspect.LogAspect][doBefore][100]-> URL : http://127.0.0.1:9999/login
2018-04-18 10:04:03 [INFO][com.zym.Design1.aspect.LogAspect][doBefore][101]-> HTTP_METHOD : GET
2018-04-18 10:04:03 [INFO][com.zym.Design1.aspect.LogAspect][doBefore][102]-> IP : 127.0.0.1
2018-04-18 10:04:03 [INFO][com.zym.Design1.aspect.LogAspect][doBefore][103]-> CLASS_METHOD : com.zym.Design1.controller.LoginController.loginGet
2018-04-18 10:04:03 [INFO][com.zym.Design1.aspect.LogAspect][doBefore][104]-> ARGS : [/member/trade, {}]
2018-04-18 10:04:03 [INFO][com.zym.Design1.aspect.LogAspect][doBefore][109]-> next : /member/trade
2018-04-18 10:04:03 [INFO][com.zym.Design1.controller.LoginController][loginGet][33]-> next: /member/trade
2018-04-18 10:04:03 [INFO][com.zym.Design1.util.ValidateCodeServlet][doPost][74]-> vCode: P8XN
2018-04-18 10:04:16 [INFO][com.zym.Design1.aspect.LogAspect][doBefore][95]-> WebLogAspect.doBefore()
2018-04-18 10:04:16 [INFO][com.zym.Design1.aspect.LogAspect][doBefore][100]-> URL : http://127.0.0.1:9999/login
2018-04-18 10:04:16 [INFO][com.zym.Design1.aspect.LogAspect][doBefore][101]-> HTTP_METHOD : POST
2018-04-18 10:04:16 [INFO][com.zym.Design1.aspect.LogAspect][doBefore][102]-> IP : 127.0.0.1
2018-04-18 10:04:16 [INFO][com.zym.Design1.aspect.LogAspect][doBefore][103]-> CLASS_METHOD : com.zym.Design1.controller.LoginController.loginPost
2018-04-18 10:04:16 [INFO][com.zym.Design1.aspect.LogAspect][doBefore][104]-> ARGS : [org.apache.catalina.session.StandardSessionFacade@36f02463, p8xn, xx01, 00000000, /member/trade, {}, com.alibaba.druid.support.http.WebStatFilter$StatHttpServletResponseWrapper@5194d07f]
2018-04-18 10:04:16 [INFO][com.zym.Design1.aspect.LogAspect][doBefore][109]-> name : xx01
2018-04-18 10:04:16 [INFO][com.zym.Design1.aspect.LogAspect][doBefore][109]-> password : 00000000
2018-04-18 10:04:16 [INFO][com.zym.Design1.aspect.LogAspect][doBefore][109]-> validateCode : p8xn
2018-04-18 10:04:16 [INFO][com.zym.Design1.aspect.LogAspect][doBefore][109]-> next : /member/trade
2018-04-18 10:04:16 [INFO][com.zym.Design1.aspect.LogAspect][beforeMethod][44]-> before method: Map com.zym.Design1.service.LoginService.login(String,String), args: xx01,00000000,
2018-04-18 10:04:16 [INFO][com.zym.Design1.aspect.LogAspect][beforeMethod][44]-> before method: List com.zym.Design1.service.UserService.selectByExample(UserExample), args: com.zym.Design1.entity.UserExample@4d72f7f9,
2018-04-18 10:04:16 [INFO][com.zym.Design1.aspect.LogAspect][beforeMethod][44]-> before method: List com.zym.Design1.dao.UserMapper.selectByExample(UserExample), args: com.zym.Design1.entity.UserExample@4d72f7f9,
2018-04-18 10:04:16 [INFO][com.zym.Design1.aspect.LogAspect][beforeMethod][44]-> before method: boolean com.zym.Design1.service.UserService.checkPassword(User,String), args: com.zym.Design1.entity.User@76f4ed91,00000000,
2018-04-18 10:04:16 [INFO][com.zym.Design1.service.LoginService][addLoginTicket][71]-> 287ae612-70f1-4e6b-88c4-4968691f0394
2018-04-18 10:04:16 [INFO][com.zym.Design1.service.LoginService][addLoginTicket][74]-> USER_SESSION:287ae612-70f1-4e6b-88c4-4968691f0394
2018-04-18 10:04:16 [INFO][com.zym.Design1.service.LoginService][addLoginTicket][75]-> 2
2018-04-18 10:04:16 [INFO][com.zym.Design1.controller.LoginController][loginPost][55]-> {code=0, ticket=287ae612-70f1-4e6b-88c4-4968691f0394}
2018-04-18 10:04:16 [INFO][com.zym.Design1.aspect.LogAspect][beforeMethod][44]-> before method: User com.zym.Design1.service.UserService.getUserById(Integer), args: 2,
2018-04-18 10:04:16 [INFO][com.zym.Design1.aspect.LogAspect][beforeMethod][44]-> before method: User com.zym.Design1.dao.UserMapper.selectByPrimaryKey(Integer), args: 2,
2018-04-18 10:04:16 [INFO][com.zym.Design1.aspect.LogAspect][doBefore][95]-> WebLogAspect.doBefore()
2018-04-18 10:04:16 [INFO][com.zym.Design1.aspect.LogAspect][doBefore][100]-> URL : http://127.0.0.1:9999/member/trade
2018-04-18 10:04:16 [INFO][com.zym.Design1.aspect.LogAspect][doBefore][101]-> HTTP_METHOD : GET
2018-04-18 10:04:16 [INFO][com.zym.Design1.aspect.LogAspect][doBefore][102]-> IP : 127.0.0.1
2018-04-18 10:04:16 [INFO][com.zym.Design1.aspect.LogAspect][doBefore][103]-> CLASS_METHOD : com.zym.Design1.controller.TradeController.tradingHall
2018-04-18 10:04:16 [INFO][com.zym.Design1.aspect.LogAspect][doBefore][104]-> ARGS : [{}, orderListPage, trade, 1, 10, order_date, desc, null]
2018-04-18 10:04:16 [INFO][com.zym.Design1.aspect.LogAspect][beforeMethod][44]-> before method: List com.zym.Design1.service.TradeService.getOrderList(Integer,Integer,String,String,String,String), args: 1,10,order_date,desc,0,
2018-04-18 10:04:16 [INFO][com.zym.Design1.aspect.LogAspect][beforeMethod][44]-> before method: List com.zym.Design1.dao.TradeMapper.selectByExample(TradeExample), args: com.zym.Design1.entity.TradeExample@306cf74,
2018-04-18 10:04:16 [INFO][com.zym.Design1.aspect.LogAspect][beforeMethod][44]-> before method: List com.zym.Design1.service.RuleService.getRuleList(), args: 
2018-04-18 10:04:16 [INFO][com.zym.Design1.aspect.LogAspect][beforeMethod][44]-> before method: BigDecimal com.zym.Design1.service.CurrencyService.getCurrency(), args: 
2018-04-18 10:04:16 [INFO][com.zym.Design1.aspect.LogAspect][beforeMethod][44]-> before method: User com.zym.Design1.service.UserService.getUserById(Integer), args: 2,
2018-04-18 10:04:16 [INFO][com.zym.Design1.aspect.LogAspect][beforeMethod][44]-> before method: User com.zym.Design1.dao.UserMapper.selectByPrimaryKey(Integer), args: 2,
2018-04-18 10:04:16 [INFO][com.zym.Design1.aspect.LogAspect][beforeMethod][44]-> before method: User com.zym.Design1.service.UserService.getUserById(Integer), args: 2,
2018-04-18 10:04:16 [INFO][com.zym.Design1.aspect.LogAspect][beforeMethod][44]-> before method: User com.zym.Design1.dao.UserMapper.selectByPrimaryKey(Integer), args: 2,
2018-04-18 10:04:16 [INFO][com.zym.Design1.aspect.LogAspect][beforeMethod][44]-> before method: User com.zym.Design1.service.UserService.getUserById(Integer), args: 2,
2018-04-18 10:04:16 [INFO][com.zym.Design1.aspect.LogAspect][beforeMethod][44]-> before method: User com.zym.Design1.dao.UserMapper.selectByPrimaryKey(Integer), args: 2,
2018-04-18 10:04:16 [INFO][com.zym.Design1.aspect.LogAspect][beforeMethod][44]-> before method: User com.zym.Design1.service.UserService.getUserById(Integer), args: 2,
2018-04-18 10:04:17 [INFO][com.zym.Design1.aspect.LogAspect][beforeMethod][44]-> before method: User com.zym.Design1.dao.UserMapper.selectByPrimaryKey(Integer), args: 2,
2018-04-18 10:04:17 [INFO][com.zym.Design1.aspect.LogAspect][beforeMethod][44]-> before method: User com.zym.Design1.service.UserService.getUserById(Integer), args: 2,
2018-04-18 10:04:17 [INFO][com.zym.Design1.aspect.LogAspect][beforeMethod][44]-> before method: User com.zym.Design1.service.UserService.getUserById(Integer), args: 2,
2018-04-18 10:04:17 [INFO][com.zym.Design1.aspect.LogAspect][beforeMethod][44]-> before method: User com.zym.Design1.dao.UserMapper.selectByPrimaryKey(Integer), args: 2,
2018-04-18 10:04:17 [INFO][com.zym.Design1.aspect.LogAspect][beforeMethod][44]-> before method: User com.zym.Design1.dao.UserMapper.selectByPrimaryKey(Integer), args: 2,
2018-04-18 10:04:17 [INFO][com.zym.Design1.aspect.LogAspect][beforeMethod][44]-> before method: User com.zym.Design1.service.UserService.getUserById(Integer), args: 2,
2018-04-18 10:04:17 [INFO][com.zym.Design1.aspect.LogAspect][beforeMethod][44]-> before method: User com.zym.Design1.dao.UserMapper.selectByPrimaryKey(Integer), args: 2,
2018-04-18 10:04:17 [INFO][com.zym.Design1.aspect.LogAspect][beforeMethod][44]-> before method: User com.zym.Design1.service.UserService.getUserById(Integer), args: 2,
2018-04-18 10:04:17 [INFO][com.zym.Design1.aspect.LogAspect][beforeMethod][44]-> before method: User com.zym.Design1.dao.UserMapper.selectByPrimaryKey(Integer), args: 2,
2018-04-18 10:04:17 [INFO][com.zym.Design1.aspect.LogAspect][beforeMethod][44]-> before method: User com.zym.Design1.service.UserService.getUserById(Integer), args: 2,
2018-04-18 10:04:17 [INFO][com.zym.Design1.aspect.LogAspect][beforeMethod][44]-> before method: User com.zym.Design1.service.UserService.getUserById(Integer), args: 2,
2018-04-18 10:04:17 [INFO][com.zym.Design1.aspect.LogAspect][beforeMethod][44]-> before method: User com.zym.Design1.dao.UserMapper.selectByPrimaryKey(Integer), args: 2,
2018-04-18 10:04:17 [INFO][com.zym.Design1.aspect.LogAspect][beforeMethod][44]-> before method: User com.zym.Design1.dao.UserMapper.selectByPrimaryKey(Integer), args: 2,
2018-04-18 10:04:17 [INFO][com.zym.Design1.aspect.LogAspect][beforeMethod][44]-> before method: User com.zym.Design1.service.UserService.getUserById(Integer), args: 2,
2018-04-18 10:04:17 [INFO][com.zym.Design1.aspect.LogAspect][beforeMethod][44]-> before method: User com.zym.Design1.dao.UserMapper.selectByPrimaryKey(Integer), args: 2,
2018-04-18 10:04:17 [INFO][com.zym.Design1.aspect.LogAspect][beforeMethod][44]-> before method: User com.zym.Design1.service.UserService.getUserById(Integer), args: 2,
2018-04-18 10:04:17 [INFO][com.zym.Design1.aspect.LogAspect][beforeMethod][44]-> before method: User com.zym.Design1.dao.UserMapper.selectByPrimaryKey(Integer), args: 2,
2018-04-18 10:04:17 [INFO][com.zym.Design1.aspect.LogAspect][beforeMethod][44]-> before method: User com.zym.Design1.service.UserService.getUserById(Integer), args: 2,
2018-04-18 10:04:17 [INFO][com.zym.Design1.aspect.LogAspect][beforeMethod][44]-> before method: User com.zym.Design1.dao.UserMapper.selectByPrimaryKey(Integer), args: 2,
2018-04-18 10:04:17 [INFO][com.zym.Design1.aspect.LogAspect][beforeMethod][44]-> before method: User com.zym.Design1.service.UserService.getUserById(Integer), args: 2,
2018-04-18 10:04:17 [INFO][com.zym.Design1.aspect.LogAspect][beforeMethod][44]-> before method: User com.zym.Design1.dao.UserMapper.selectByPrimaryKey(Integer), args: 2,
2018-04-18 10:04:17 [INFO][com.zym.Design1.aspect.LogAspect][beforeMethod][44]-> before method: User com.zym.Design1.service.UserService.getUserById(Integer), args: 2,
2018-04-18 10:04:17 [INFO][com.zym.Design1.aspect.LogAspect][beforeMethod][44]-> before method: User com.zym.Design1.service.UserService.getUserById(Integer), args: 2,
2018-04-18 10:04:17 [INFO][com.zym.Design1.aspect.LogAspect][beforeMethod][44]-> before method: User com.zym.Design1.dao.UserMapper.selectByPrimaryKey(Integer), args: 2,
2018-04-18 10:04:17 [INFO][com.zym.Design1.aspect.LogAspect][beforeMethod][44]-> before method: User com.zym.Design1.dao.UserMapper.selectByPrimaryKey(Integer), args: 2,
2018-04-18 10:04:17 [INFO][com.zym.Design1.aspect.LogAspect][beforeMethod][44]-> before method: User com.zym.Design1.service.UserService.getUserById(Integer), args: 2,
2018-04-18 10:04:17 [INFO][com.zym.Design1.aspect.LogAspect][beforeMethod][44]-> before method: User com.zym.Design1.dao.UserMapper.selectByPrimaryKey(Integer), args: 2,
2018-04-18 10:04:17 [INFO][com.zym.Design1.aspect.LogAspect][beforeMethod][44]-> before method: User com.zym.Design1.service.UserService.getUserById(Integer), args: 2,
2018-04-18 10:04:17 [INFO][com.zym.Design1.aspect.LogAspect][beforeMethod][44]-> before method: User com.zym.Design1.dao.UserMapper.selectByPrimaryKey(Integer), args: 2,
2018-04-18 10:04:17 [INFO][com.zym.Design1.aspect.LogAspect][beforeMethod][44]-> before method: User com.zym.Design1.service.UserService.getUserById(Integer), args: 2,
2018-04-18 10:04:17 [INFO][com.zym.Design1.aspect.LogAspect][beforeMethod][44]-> before method: User com.zym.Design1.dao.UserMapper.selectByPrimaryKey(Integer), args: 2,
2018-04-18 10:04:17 [INFO][com.zym.Design1.aspect.LogAspect][beforeMethod][44]-> before method: User com.zym.Design1.service.UserService.getUserById(Integer), args: 2,
2018-04-18 10:04:17 [INFO][com.zym.Design1.aspect.LogAspect][beforeMethod][44]-> before method: User com.zym.Design1.dao.UserMapper.selectByPrimaryKey(Integer), args: 2,
2018-04-18 10:04:17 [INFO][com.zym.Design1.aspect.LogAspect][beforeMethod][44]-> before method: User com.zym.Design1.service.UserService.getUserById(Integer), args: 2,
2018-04-18 10:04:17 [INFO][com.zym.Design1.aspect.LogAspect][beforeMethod][44]-> before method: User com.zym.Design1.dao.UserMapper.selectByPrimaryKey(Integer), args: 2,
2018-04-18 10:04:17 [INFO][com.zym.Design1.aspect.LogAspect][beforeMethod][44]-> before method: User com.zym.Design1.service.UserService.getUserById(Integer), args: 2,
2018-04-18 10:04:17 [INFO][com.zym.Design1.aspect.LogAspect][beforeMethod][44]-> before method: User com.zym.Design1.service.UserService.getUserById(Integer), args: 2,
2018-04-18 10:04:17 [INFO][com.zym.Design1.aspect.LogAspect][beforeMethod][44]-> before method: User com.zym.Design1.service.UserService.getUserById(Integer), args: 2,
2018-04-18 10:04:17 [INFO][com.zym.Design1.aspect.LogAspect][beforeMethod][44]-> before method: User com.zym.Design1.dao.UserMapper.selectByPrimaryKey(Integer), args: 2,
2018-04-18 10:04:17 [INFO][com.zym.Design1.aspect.LogAspect][beforeMethod][44]-> before method: User com.zym.Design1.dao.UserMapper.selectByPrimaryKey(Integer), args: 2,
2018-04-18 10:04:17 [INFO][com.zym.Design1.aspect.LogAspect][beforeMethod][44]-> before method: User com.zym.Design1.service.UserService.getUserById(Integer), args: 2,
2018-04-18 10:04:17 [INFO][com.zym.Design1.aspect.LogAspect][beforeMethod][44]-> before method: User com.zym.Design1.dao.UserMapper.selectByPrimaryKey(Integer), args: 2,
2018-04-18 10:04:17 [INFO][com.zym.Design1.aspect.LogAspect][beforeMethod][44]-> before method: User com.zym.Design1.dao.UserMapper.selectByPrimaryKey(Integer), args: 2,
2018-04-18 10:04:17 [INFO][com.zym.Design1.aspect.LogAspect][beforeMethod][44]-> before method: User com.zym.Design1.service.UserService.getUserById(Integer), args: 2,
2018-04-18 10:04:17 [INFO][com.zym.Design1.aspect.LogAspect][beforeMethod][44]-> before method: User com.zym.Design1.service.UserService.getUserById(Integer), args: 2,
2018-04-18 10:04:17 [INFO][com.zym.Design1.aspect.LogAspect][beforeMethod][44]-> before method: User com.zym.Design1.dao.UserMapper.selectByPrimaryKey(Integer), args: 2,
2018-04-18 10:04:17 [INFO][com.zym.Design1.aspect.LogAspect][beforeMethod][44]-> before method: User com.zym.Design1.dao.UserMapper.selectByPrimaryKey(Integer), args: 2,
2018-04-18 10:04:17 [INFO][com.zym.Design1.aspect.LogAspect][beforeMethod][44]-> before method: User com.zym.Design1.service.UserService.getUserById(Integer), args: 2,
2018-04-18 10:04:17 [INFO][com.zym.Design1.aspect.LogAspect][beforeMethod][44]-> before method: User com.zym.Design1.dao.UserMapper.selectByPrimaryKey(Integer), args: 2,
2018-04-18 10:04:17 [INFO][com.zym.Design1.aspect.LogAspect][beforeMethod][44]-> before method: User com.zym.Design1.service.UserService.getUserById(Integer), args: 2,
2018-04-18 10:04:17 [INFO][com.zym.Design1.aspect.LogAspect][beforeMethod][44]-> before method: User com.zym.Design1.dao.UserMapper.selectByPrimaryKey(Integer), args: 2,
2018-04-18 10:06:33 [INFO][com.zym.Design1.aspect.LogAspect][beforeMethod][44]-> before method: User com.zym.Design1.service.UserService.getUserById(Integer), args: 2,
2018-04-18 10:06:33 [INFO][com.zym.Design1.aspect.LogAspect][beforeMethod][44]-> before method: User com.zym.Design1.dao.UserMapper.selectByPrimaryKey(Integer), args: 2,
2018-04-18 10:06:33 [INFO][com.zym.Design1.aspect.LogAspect][doBefore][95]-> WebLogAspect.doBefore()
2018-04-18 10:06:33 [INFO][com.zym.Design1.aspect.LogAspect][doBefore][100]-> URL : http://127.0.0.1:9999/member/trade
2018-04-18 10:06:33 [INFO][com.zym.Design1.aspect.LogAspect][doBefore][101]-> HTTP_METHOD : GET
2018-04-18 10:06:33 [INFO][com.zym.Design1.aspect.LogAspect][doBefore][102]-> IP : 127.0.0.1
2018-04-18 10:06:33 [INFO][com.zym.Design1.aspect.LogAspect][doBefore][103]-> CLASS_METHOD : com.zym.Design1.controller.TradeController.tradingHall
2018-04-18 10:06:33 [INFO][com.zym.Design1.aspect.LogAspect][doBefore][104]-> ARGS : [{}, wantToSellPage, trade, 1, 10, order_date, desc, null]
2018-04-18 10:06:33 [INFO][com.zym.Design1.aspect.LogAspect][doBefore][109]-> s : wantToSellPage
2018-04-18 10:06:33 [INFO][com.zym.Design1.aspect.LogAspect][beforeMethod][44]-> before method: BigDecimal com.zym.Design1.service.CurrencyService.getCurrency(), args: 
2018-04-18 10:06:33 [INFO][com.zym.Design1.aspect.LogAspect][beforeMethod][44]-> before method: User com.zym.Design1.service.UserService.getUserById(Integer), args: 2,
2018-04-18 10:06:33 [INFO][com.zym.Design1.aspect.LogAspect][beforeMethod][44]-> before method: User com.zym.Design1.dao.UserMapper.selectByPrimaryKey(Integer), args: 2,
