2018-04-02 01:20:30 [INFO][com.zym.Design1.Design1Application][logStarting][50]-> Starting Design1Application on DESKTOP-YM with PID 13828 (E:\JavaWorkSpace\Design1\target\classes started by YM in E:\JavaWorkSpace\Design1)
2018-04-02 01:20:30 [INFO][com.zym.Design1.Design1Application][logStartupProfileInfo][652]-> No active profile set, falling back to default profiles: default
2018-04-02 01:20:30 [INFO][org.springframework.boot.web.servlet.context.AnnotationConfigServletWebServerApplicationContext][prepareRefresh][589]-> Refreshing org.springframework.boot.web.servlet.context.AnnotationConfigServletWebServerApplicationContext@135573: startup date [Mon Apr 02 01:20:30 CST 2018]; root of context hierarchy
2018-04-02 01:20:32 [INFO][org.springframework.data.repository.config.RepositoryConfigurationDelegate][multipleStoresDetected][163]-> Multiple Spring Data modules found, entering strict repository configuration mode!
2018-04-02 01:20:33 [INFO][org.springframework.context.support.PostProcessorRegistrationDelegate$BeanPostProcessorChecker][postProcessAfterInitialization][328]-> Bean 'org.springframework.transaction.annotation.ProxyTransactionManagementConfiguration' of type [org.springframework.transaction.annotation.ProxyTransactionManagementConfiguration$$EnhancerBySpringCGLIB$$a9c3e502] is not eligible for getting processed by all BeanPostProcessors (for example: not eligible for auto-proxying)
2018-04-02 01:20:33 [ERROR][org.apache.catalina.core.AprLifecycleListener][log][180]-> An incompatible version [1.2.12] of the APR based Apache Tomcat Native library is installed, while Tomcat requires version [1.2.14]
2018-04-02 01:20:33 [INFO][org.springframework.boot.web.embedded.tomcat.TomcatWebServer][initialize][91]-> Tomcat initialized with port(s): 9999 (http)
2018-04-02 01:20:33 [ERROR][org.apache.catalina.core.AprLifecycleListener][log][180]-> An incompatible version [1.2.12] of the APR based Apache Tomcat Native library is installed, while Tomcat requires version [1.2.14]
2018-04-02 01:20:33 [INFO][org.apache.coyote.http11.Http11NioProtocol][log][180]-> Initializing ProtocolHandler ["http-nio-9999"]
2018-04-02 01:20:34 [INFO][org.apache.catalina.core.StandardService][log][180]-> Starting service [Tomcat]
2018-04-02 01:20:34 [INFO][org.apache.catalina.core.StandardEngine][log][180]-> Starting Servlet Engine: Apache Tomcat/8.5.28
2018-04-02 01:20:34 [ERROR][org.apache.catalina.core.AprLifecycleListener][log][180]-> An incompatible version [1.2.12] of the APR based Apache Tomcat Native library is installed, while Tomcat requires version [1.2.14]
2018-04-02 01:20:34 [INFO][org.apache.catalina.core.ContainerBase.[Tomcat].[localhost].[/]][log][180]-> Initializing Spring embedded WebApplicationContext
2018-04-02 01:20:34 [INFO][org.springframework.web.context.ContextLoader][prepareWebApplicationContext][285]-> Root WebApplicationContext: initialization completed in 3452 ms
2018-04-02 01:20:34 [INFO][org.springframework.boot.web.servlet.ServletRegistrationBean][addRegistration][185]-> Servlet validateCodeServlet mapped to [/validateCode]
2018-04-02 01:20:34 [INFO][org.springframework.boot.web.servlet.ServletRegistrationBean][addRegistration][185]-> Servlet dispatcherServlet mapped to [/]
2018-04-02 01:20:34 [INFO][org.springframework.boot.web.servlet.FilterRegistrationBean][configure][243]-> Mapping filter: 'characterEncodingFilter' to: [/*]
2018-04-02 01:20:34 [INFO][org.springframework.boot.web.servlet.FilterRegistrationBean][configure][243]-> Mapping filter: 'hiddenHttpMethodFilter' to: [/*]
2018-04-02 01:20:34 [INFO][org.springframework.boot.web.servlet.FilterRegistrationBean][configure][243]-> Mapping filter: 'httpPutFormContentFilter' to: [/*]
2018-04-02 01:20:34 [INFO][org.springframework.boot.web.servlet.FilterRegistrationBean][configure][243]-> Mapping filter: 'requestContextFilter' to: [/*]
2018-04-02 01:20:34 [INFO][com.zaxxer.hikari.HikariDataSource][getConnection][110]-> HikariPool-1 - Starting...
2018-04-02 01:20:34 [INFO][com.zaxxer.hikari.HikariDataSource][getConnection][123]-> HikariPool-1 - Start completed.
2018-04-02 01:20:34 [INFO][com.zym.Design1.bean.UserLevelRule][afterPropertiesSet][47]-> userCreditMap size: 4
2018-04-02 01:20:34 [INFO][com.zym.Design1.bean.UserLevelRule][afterPropertiesSet][50]-> levelNumMap size: 4
2018-04-02 01:20:36 [INFO][org.springframework.web.servlet.mvc.method.annotation.RequestMappingHandlerAdapter][initControllerAdviceCache][567]-> Looking for @ControllerAdvice: org.springframework.boot.web.servlet.context.AnnotationConfigServletWebServerApplicationContext@135573: startup date [Mon Apr 02 01:20:30 CST 2018]; root of context hierarchy
2018-04-02 01:20:36 [INFO][org.springframework.web.servlet.mvc.method.annotation.RequestMappingHandlerMapping][register][548]-> Mapped "{[/admin/encashList],methods=[POST]}" onto public java.lang.String com.zym.Design1.controller.AdminController.encashList(java.lang.Integer,java.lang.Integer,java.lang.String,java.lang.String,java.lang.String,org.springframework.ui.Model)
2018-04-02 01:20:36 [INFO][org.springframework.web.servlet.mvc.method.annotation.RequestMappingHandlerMapping][register][548]-> Mapped "{[/admin/approveEncash/{id}],methods=[POST]}" onto public java.lang.String com.zym.Design1.controller.AdminController.approveEncash(java.lang.Integer,java.lang.String)
2018-04-02 01:20:36 [INFO][org.springframework.web.servlet.mvc.method.annotation.RequestMappingHandlerMapping][register][548]-> Mapped "{[/admin/editNotice],methods=[POST]}" onto public java.lang.String com.zym.Design1.controller.AdminController.editNotice(java.lang.String,java.lang.String,java.lang.Integer)
2018-04-02 01:20:36 [INFO][org.springframework.web.servlet.mvc.method.annotation.RequestMappingHandlerMapping][register][548]-> Mapped "{[/admin/noticeList],methods=[POST]}" onto public java.lang.String com.zym.Design1.controller.AdminController.noticeList(java.lang.String,java.lang.Integer,java.lang.Integer)
2018-04-02 01:20:36 [INFO][org.springframework.web.servlet.mvc.method.annotation.RequestMappingHandlerMapping][register][548]-> Mapped "{[/admin/editNotice],methods=[GET]}" onto public java.lang.String com.zym.Design1.controller.AdminController.editNoticePage()
2018-04-02 01:20:36 [INFO][org.springframework.web.servlet.mvc.method.annotation.RequestMappingHandlerMapping][register][548]-> Mapped "{[/admin/readNotice],methods=[GET]}" onto public java.lang.String com.zym.Design1.controller.AdminController.readNoticePage(java.lang.String,java.lang.Integer,org.springframework.ui.Model)
2018-04-02 01:20:36 [INFO][org.springframework.web.servlet.mvc.method.annotation.RequestMappingHandlerMapping][register][548]-> Mapped "{[/admin/noticeListPage],methods=[GET]}" onto public java.lang.String com.zym.Design1.controller.AdminController.noticeListPage(java.lang.String,org.springframework.ui.Model)
2018-04-02 01:20:36 [INFO][org.springframework.web.servlet.mvc.method.annotation.RequestMappingHandlerMapping][register][548]-> Mapped "{[/admin/rejectEncash/{id}],methods=[POST]}" onto public java.lang.String com.zym.Design1.controller.AdminController.rejectEncash(java.lang.Integer,java.lang.String)
2018-04-02 01:20:36 [INFO][org.springframework.web.servlet.mvc.method.annotation.RequestMappingHandlerMapping][register][548]-> Mapped "{[/admin/encashListPage],methods=[GET]}" onto public java.lang.String com.zym.Design1.controller.AdminController.encashListPage(java.lang.String,org.springframework.ui.Model)
2018-04-02 01:20:36 [INFO][org.springframework.web.servlet.mvc.method.annotation.RequestMappingHandlerMapping][register][548]-> Mapped "{[/superad/getCurrency]}" onto public java.lang.String com.zym.Design1.controller.CurrencyController.getCurrency()
2018-04-02 01:20:36 [INFO][org.springframework.web.servlet.mvc.method.annotation.RequestMappingHandlerMapping][register][548]-> Mapped "{[/superad/setCurrency],methods=[POST]}" onto public void com.zym.Design1.controller.CurrencyController.setCurrency(java.lang.String)
2018-04-02 01:20:36 [INFO][org.springframework.web.servlet.mvc.method.annotation.RequestMappingHandlerMapping][register][548]-> Mapped "{[/member/encash],methods=[POST]}" onto public java.lang.String com.zym.Design1.controller.EncashController.encash(java.lang.Integer,java.lang.String)
2018-04-02 01:20:36 [INFO][org.springframework.web.servlet.mvc.method.annotation.RequestMappingHandlerMapping][register][548]-> Mapped "{[/member/encash],methods=[GET]}" onto public java.lang.String com.zym.Design1.controller.EncashController.encashPage(org.springframework.ui.Model)
2018-04-02 01:20:36 [INFO][org.springframework.web.servlet.mvc.method.annotation.RequestMappingHandlerMapping][register][548]-> Mapped "{[/login],methods=[GET]}" onto public java.lang.String com.zym.Design1.controller.LoginController.loginGet(java.lang.String,org.springframework.ui.Model)
2018-04-02 01:20:36 [INFO][org.springframework.web.servlet.mvc.method.annotation.RequestMappingHandlerMapping][register][548]-> Mapped "{[/login],methods=[POST]}" onto public java.lang.String com.zym.Design1.controller.LoginController.loginPost(java.lang.String,java.lang.String,java.lang.String,org.springframework.ui.Model,javax.servlet.http.HttpServletResponse)
2018-04-02 01:20:36 [INFO][org.springframework.web.servlet.mvc.method.annotation.RequestMappingHandlerMapping][register][548]-> Mapped "{[/reglogin]}" onto public java.lang.String com.zym.Design1.controller.LoginController.reglogin(java.lang.String,org.springframework.ui.Model)
2018-04-02 01:20:36 [INFO][org.springframework.web.servlet.mvc.method.annotation.RequestMappingHandlerMapping][register][548]-> Mapped "{[/logout],methods=[POST || GET]}" onto public java.lang.String com.zym.Design1.controller.LoginController.logout(java.lang.String)
2018-04-02 01:20:36 [INFO][org.springframework.web.servlet.mvc.method.annotation.RequestMappingHandlerMapping][register][548]-> Mapped "{[/member/memberOrgTreeview],methods=[GET]}" onto public java.lang.String com.zym.Design1.controller.MemberController.memberOrgTreeview(java.lang.Integer)
2018-04-02 01:20:36 [INFO][org.springframework.web.servlet.mvc.method.annotation.RequestMappingHandlerMapping][register][548]-> Mapped "{[/member/memberOrgTreeChart],methods=[GET]}" onto public java.lang.String com.zym.Design1.controller.MemberController.memberOrgTreeChart(java.lang.Integer)
2018-04-02 01:20:36 [INFO][org.springframework.web.servlet.mvc.method.annotation.RequestMappingHandlerMapping][register][548]-> Mapped "{[/member/memberList]}" onto public java.lang.String com.zym.Design1.controller.MemberController.memberListPage(org.springframework.ui.Model)
2018-04-02 01:20:36 [INFO][org.springframework.web.servlet.mvc.method.annotation.RequestMappingHandlerMapping][register][548]-> Mapped "{[/member/myHome],methods=[GET]}" onto public java.lang.String com.zym.Design1.controller.MemberController.myHome(java.lang.String,org.springframework.ui.Model)
2018-04-02 01:20:36 [INFO][org.springframework.web.servlet.mvc.method.annotation.RequestMappingHandlerMapping][register][548]-> Mapped "{[/member/myFin]}" onto public java.lang.String com.zym.Design1.controller.MemberController.ecoinRecordPage(java.lang.String,java.lang.String,org.springframework.ui.Model)
2018-04-02 01:20:36 [INFO][org.springframework.web.servlet.mvc.method.annotation.RequestMappingHandlerMapping][register][548]-> Mapped "{[/member/chooseOpt],methods=[POST]}" onto public java.lang.String com.zym.Design1.controller.MemberController.chooseOpt(java.lang.Integer)
2018-04-02 01:20:36 [INFO][org.springframework.web.servlet.mvc.method.annotation.RequestMappingHandlerMapping][register][548]-> Mapped "{[/member/modifyOpt],methods=[POST]}" onto public java.lang.String com.zym.Design1.controller.MemberController.modifyOpt(java.lang.Integer)
2018-04-02 01:20:36 [INFO][org.springframework.web.servlet.mvc.method.annotation.RequestMappingHandlerMapping][register][548]-> Mapped "{[/member/members],methods=[GET]}" onto public java.lang.String com.zym.Design1.controller.MemberController.memberList(java.lang.Integer,java.lang.Integer,java.lang.String,java.lang.String,java.lang.String)
2018-04-02 01:20:36 [INFO][org.springframework.web.servlet.mvc.method.annotation.RequestMappingHandlerMapping][register][548]-> Mapped "{[/member/changePwd],methods=[GET]}" onto public java.lang.String com.zym.Design1.controller.MemberController.changePwdPage()
2018-04-02 01:20:36 [INFO][org.springframework.web.servlet.mvc.method.annotation.RequestMappingHandlerMapping][register][548]-> Mapped "{[/member/changePwd],methods=[POST]}" onto public java.lang.String com.zym.Design1.controller.MemberController.changePwdAction(java.lang.String,java.lang.String,java.lang.String)
2018-04-02 01:20:36 [INFO][org.springframework.web.servlet.mvc.method.annotation.RequestMappingHandlerMapping][register][548]-> Mapped "{[/member/members],methods=[POST]}" onto public java.lang.String com.zym.Design1.controller.MemberController.addMember(com.zym.Design1.entity.User)
2018-04-02 01:20:36 [INFO][org.springframework.web.servlet.mvc.method.annotation.RequestMappingHandlerMapping][register][548]-> Mapped "{[/member/eCoinManage],methods=[GET]}" onto public java.lang.String com.zym.Design1.controller.MemberController.eCoinManage()
2018-04-02 01:20:36 [INFO][org.springframework.web.servlet.mvc.method.annotation.RequestMappingHandlerMapping][register][548]-> Mapped "{[/member/members/{id}],methods=[DELETE]}" onto public java.lang.String com.zym.Design1.controller.MemberController.deleteMember(java.lang.Integer)
2018-04-02 01:20:36 [INFO][org.springframework.web.servlet.mvc.method.annotation.RequestMappingHandlerMapping][register][548]-> Mapped "{[/member/eCoinLog],methods=[GET]}" onto public java.lang.String com.zym.Design1.controller.MemberController.ecoinLogList(java.lang.Integer,java.lang.Integer,java.lang.String,java.lang.String,java.lang.String,java.lang.Integer,java.lang.Integer)
2018-04-02 01:20:36 [INFO][org.springframework.web.servlet.mvc.method.annotation.RequestMappingHandlerMapping][register][548]-> Mapped "{[/member/myConnection]}" onto public java.lang.String com.zym.Design1.controller.MemberController.myConnection(java.lang.String,org.springframework.ui.Model)
2018-04-02 01:20:36 [INFO][org.springframework.web.servlet.mvc.method.annotation.RequestMappingHandlerMapping][register][548]-> Mapped "{[/member/myOpt]}" onto public java.lang.String com.zym.Design1.controller.MemberController.myOpt(java.lang.String,org.springframework.ui.Model)
2018-04-02 01:20:36 [INFO][org.springframework.web.servlet.mvc.method.annotation.RequestMappingHandlerMapping][register][548]-> Mapped "{[/member/eCoinLog],methods=[POST]}" onto public java.lang.String com.zym.Design1.controller.MemberController.addECoinLog(com.zym.Design1.entity.BuyEcoinLog)
2018-04-02 01:20:36 [INFO][org.springframework.web.servlet.mvc.method.annotation.RequestMappingHandlerMapping][register][548]-> Mapped "{[/member/members/{id}],methods=[PUT]}" onto public java.lang.String com.zym.Design1.controller.MemberController.updateMember(com.zym.Design1.entity.User)
2018-04-02 01:20:36 [INFO][org.springframework.web.servlet.mvc.method.annotation.RequestMappingHandlerMapping][register][548]-> Mapped "{[/list1]}" onto public com.alibaba.fastjson.JSONObject com.zym.Design1.controller.TestController.testList()
2018-04-02 01:20:36 [INFO][org.springframework.web.servlet.mvc.method.annotation.RequestMappingHandlerMapping][register][548]-> Mapped "{[/test1]}" onto public java.lang.String com.zym.Design1.controller.TestController.testTest1()
2018-04-02 01:20:36 [INFO][org.springframework.web.servlet.mvc.method.annotation.RequestMappingHandlerMapping][register][548]-> Mapped "{[/test]}" onto public java.lang.String com.zym.Design1.controller.TestController.testIndex()
2018-04-02 01:20:36 [INFO][org.springframework.web.servlet.mvc.method.annotation.RequestMappingHandlerMapping][register][548]-> Mapped "{[/data]}" onto public java.lang.String com.zym.Design1.controller.TestController.testData()
2018-04-02 01:20:36 [INFO][org.springframework.web.servlet.mvc.method.annotation.RequestMappingHandlerMapping][register][548]-> Mapped "{[/starter]}" onto public java.lang.String com.zym.Design1.controller.TestController.testStarter()
2018-04-02 01:20:36 [INFO][org.springframework.web.servlet.mvc.method.annotation.RequestMappingHandlerMapping][register][548]-> Mapped "{[/list]}" onto public com.alibaba.fastjson.JSONArray com.zym.Design1.controller.TestController.testList2()
2018-04-02 01:20:36 [INFO][org.springframework.web.servlet.mvc.method.annotation.RequestMappingHandlerMapping][register][548]-> Mapped "{[/test3]}" onto public java.lang.String com.zym.Design1.controller.TestController.testTest3()
2018-04-02 01:20:36 [INFO][org.springframework.web.servlet.mvc.method.annotation.RequestMappingHandlerMapping][register][548]-> Mapped "{[/test2]}" onto public java.lang.String com.zym.Design1.controller.TestController.testTest2()
2018-04-02 01:20:36 [INFO][org.springframework.web.servlet.mvc.method.annotation.RequestMappingHandlerMapping][register][548]-> Mapped "{[/testImg]}" onto public java.lang.String com.zym.Design1.controller.TestController.testImg()
2018-04-02 01:20:36 [INFO][org.springframework.web.servlet.mvc.method.annotation.RequestMappingHandlerMapping][register][548]-> Mapped "{[/signUp1]}" onto public java.lang.String com.zym.Design1.controller.TestController.testSignUp()
2018-04-02 01:20:36 [INFO][org.springframework.web.servlet.mvc.method.annotation.RequestMappingHandlerMapping][register][548]-> Mapped "{[/login1]}" onto public java.lang.String com.zym.Design1.controller.TestController.testLogin()
2018-04-02 01:20:36 [INFO][org.springframework.web.servlet.mvc.method.annotation.RequestMappingHandlerMapping][register][548]-> Mapped "{[/member/wantToSell || /admin/wantToSell],methods=[POST]}" onto public java.lang.String com.zym.Design1.controller.TradeController.wantToSell(java.math.BigDecimal,java.math.BigDecimal)
2018-04-02 01:20:36 [INFO][org.springframework.web.servlet.mvc.method.annotation.RequestMappingHandlerMapping][register][548]-> Mapped "{[/member/cancelSellTry || /admin/cancelSellTry],methods=[POST]}" onto public java.lang.String com.zym.Design1.controller.TradeController.cancelSellTry(java.lang.String)
2018-04-02 01:20:36 [INFO][org.springframework.web.servlet.mvc.method.annotation.RequestMappingHandlerMapping][register][548]-> Mapped "{[/member/trade || /admin/trade],methods=[GET]}" onto public java.lang.String com.zym.Design1.controller.TradeController.tradingHall(org.springframework.ui.Model,java.lang.String,java.lang.String,java.lang.Integer,java.lang.Integer,java.lang.String,java.lang.String,java.lang.String)
2018-04-02 01:20:36 [INFO][org.springframework.web.servlet.mvc.method.annotation.RequestMappingHandlerMapping][register][548]-> Mapped "{[/member/buyVc || /admin/buyVc],methods=[POST]}" onto public java.lang.String com.zym.Design1.controller.TradeController.buyVc(java.lang.String)
2018-04-02 01:20:36 [INFO][org.springframework.web.servlet.mvc.method.annotation.RequestMappingHandlerMapping][register][548]-> Mapped "{[/isValidateCodeCorrect]}" onto public java.lang.String com.zym.Design1.controller.UtilController.compareValidateCode(javax.servlet.http.HttpSession,java.lang.String)
2018-04-02 01:20:36 [INFO][org.springframework.web.servlet.mvc.method.annotation.RequestMappingHandlerMapping][register][548]-> Mapped "{[/401]}" onto public java.lang.String com.zym.Design1.controller.UtilController.page401()
2018-04-02 01:20:36 [INFO][org.springframework.web.servlet.mvc.method.annotation.RequestMappingHandlerMapping][register][548]-> Mapped "{[/isPwdCorrect],methods=[POST]}" onto public java.lang.String com.zym.Design1.controller.UtilController.isPwdCorrect(java.lang.String)
2018-04-02 01:20:36 [INFO][org.springframework.web.servlet.mvc.method.annotation.RequestMappingHandlerMapping][register][548]-> Mapped "{[/isUidExist],methods=[POST]}" onto public java.lang.String com.zym.Design1.controller.UtilController.isUidExist(java.lang.String)
2018-04-02 01:20:36 [INFO][org.springframework.web.servlet.mvc.method.annotation.RequestMappingHandlerMapping][register][548]-> Mapped "{[/isUidNotExist],methods=[POST]}" onto public java.lang.String com.zym.Design1.controller.UtilController.isUidNotExist(java.lang.String)
2018-04-02 01:20:36 [INFO][org.springframework.web.servlet.mvc.method.annotation.RequestMappingHandlerMapping][register][548]-> Mapped "{[/404]}" onto public java.lang.String com.zym.Design1.controller.UtilController.page404()
2018-04-02 01:20:36 [INFO][org.springframework.web.servlet.mvc.method.annotation.RequestMappingHandlerMapping][register][548]-> Mapped "{[/error]}" onto public java.lang.String com.zym.Design1.exception.FinalExceptionHandler.error(javax.servlet.http.HttpServletResponse,javax.servlet.http.HttpServletRequest)
2018-04-02 01:20:36 [INFO][org.springframework.web.servlet.handler.SimpleUrlHandlerMapping][registerHandler][373]-> Mapped URL path [/templates/**] onto handler of type [class org.springframework.web.servlet.resource.ResourceHttpRequestHandler]
2018-04-02 01:20:36 [INFO][org.springframework.web.servlet.handler.SimpleUrlHandlerMapping][registerHandler][373]-> Mapped URL path [/static/**] onto handler of type [class org.springframework.web.servlet.resource.ResourceHttpRequestHandler]
2018-04-02 01:20:36 [INFO][org.springframework.web.servlet.handler.SimpleUrlHandlerMapping][registerHandler][373]-> Mapped URL path [/webjars/**] onto handler of type [class org.springframework.web.servlet.resource.ResourceHttpRequestHandler]
2018-04-02 01:20:36 [INFO][org.springframework.web.servlet.handler.SimpleUrlHandlerMapping][registerHandler][373]-> Mapped URL path [/**] onto handler of type [class org.springframework.web.servlet.resource.ResourceHttpRequestHandler]
2018-04-02 01:20:36 [INFO][org.springframework.web.servlet.mvc.method.annotation.ExceptionHandlerExceptionResolver][initExceptionHandlerAdviceCache][289]-> Detected @ExceptionHandler methods in exceptionHandlerController
2018-04-02 01:20:36 [INFO][org.springframework.web.servlet.mvc.method.annotation.ExceptionHandlerExceptionResolver][initExceptionHandlerAdviceCache][289]-> Detected @ExceptionHandler methods in requestMappingExceptionHandler
2018-04-02 01:20:36 [INFO][org.springframework.web.servlet.handler.SimpleUrlHandlerMapping][registerHandler][373]-> Mapped URL path [/**/favicon.ico] onto handler of type [class org.springframework.web.servlet.resource.ResourceHttpRequestHandler]
2018-04-02 01:20:36 [INFO][org.springframework.boot.autoconfigure.web.servlet.WelcomePageHandlerMapping][<init>][61]-> Adding welcome page template: index
2018-04-02 01:20:36 [INFO][org.springframework.web.servlet.view.freemarker.FreeMarkerConfigurer][postProcessTemplateLoaders][131]-> ClassTemplateLoader for Spring macros added to FreeMarker configuration
2018-04-02 01:20:36 [INFO][org.quartz.impl.StdSchedulerFactory][instantiate][1208]-> Using default implementation for ThreadExecutor
2018-04-02 01:20:36 [INFO][org.quartz.core.SchedulerSignalerImpl][<init>][61]-> Initialized Scheduler Signaller of type: class org.quartz.core.SchedulerSignalerImpl
2018-04-02 01:20:36 [INFO][org.quartz.core.QuartzScheduler][<init>][229]-> Quartz Scheduler v.2.3.0 created.
2018-04-02 01:20:36 [INFO][org.quartz.simpl.RAMJobStore][initialize][155]-> RAMJobStore initialized.
2018-04-02 01:20:36 [INFO][org.quartz.core.QuartzScheduler][initialize][294]-> Scheduler meta-data: Quartz Scheduler (v2.3.0) 'quartzScheduler' with instanceId 'NON_CLUSTERED'
  Scheduler class: 'org.quartz.core.QuartzScheduler' - running locally.
  NOT STARTED.
  Currently in standby mode.
  Number of jobs executed: 0
  Using thread pool 'org.quartz.simpl.SimpleThreadPool' - with 10 threads.
  Using job-store 'org.quartz.simpl.RAMJobStore' - which does not support persistence. and is not clustered.

2018-04-02 01:20:36 [INFO][org.quartz.impl.StdSchedulerFactory][instantiate][1362]-> Quartz scheduler 'quartzScheduler' initialized from an externally provided properties instance.
2018-04-02 01:20:36 [INFO][org.quartz.impl.StdSchedulerFactory][instantiate][1366]-> Quartz scheduler version: 2.3.0
2018-04-02 01:20:36 [INFO][org.quartz.core.QuartzScheduler][setJobFactory][2287]-> JobFactory set to: org.springframework.boot.autoconfigure.quartz.AutowireCapableBeanJobFactory@2a81cf6
2018-04-02 01:20:37 [INFO][org.springframework.boot.devtools.autoconfigure.OptionalLiveReloadServer][startServer][57]-> LiveReload server is running on port 35729
2018-04-02 01:20:38 [INFO][org.springframework.jmx.export.annotation.AnnotationMBeanExporter][afterSingletonsInstantiated][434]-> Registering beans for JMX exposure on startup
2018-04-02 01:20:38 [INFO][org.springframework.jmx.export.annotation.AnnotationMBeanExporter][autodetect][896]-> Bean with name 'dataSource' has been autodetected for JMX exposure
2018-04-02 01:20:38 [INFO][org.springframework.jmx.export.annotation.AnnotationMBeanExporter][registerBeanInstance][669]-> Located MBean 'dataSource': registering with JMX server as MBean [com.zaxxer.hikari:name=dataSource,type=HikariDataSource]
2018-04-02 01:20:38 [INFO][org.springframework.context.support.DefaultLifecycleProcessor][start][351]-> Starting beans in phase 2147483647
2018-04-02 01:20:38 [INFO][org.springframework.scheduling.quartz.SchedulerFactoryBean][startScheduler][686]-> Starting Quartz Scheduler now
2018-04-02 01:20:38 [INFO][org.quartz.core.QuartzScheduler][start][547]-> Scheduler quartzScheduler_$_NON_CLUSTERED started.
2018-04-02 01:20:38 [INFO][org.springframework.scheduling.annotation.ScheduledAnnotationBeanPostProcessor][finishRegistration][275]-> No TaskScheduler/ScheduledExecutorService bean found for scheduled processing
2018-04-02 01:20:38 [INFO][org.apache.coyote.http11.Http11NioProtocol][log][180]-> Starting ProtocolHandler ["http-nio-9999"]
2018-04-02 01:20:38 [INFO][org.apache.tomcat.util.net.NioSelectorPool][log][180]-> Using a shared selector for servlet write/read
2018-04-02 01:20:38 [INFO][org.springframework.boot.web.embedded.tomcat.TomcatWebServer][start][205]-> Tomcat started on port(s): 9999 (http) with context path ''
2018-04-02 01:20:38 [INFO][com.zym.Design1.Design1Application][logStarted][59]-> Started Design1Application in 8.335 seconds (JVM running for 9.13)
2018-04-02 01:20:40 [INFO][com.zym.Design1.schedule.ScheduledTasks][doDailyTask][25]-> current time : 1522603240002
2018-04-02 01:20:40 [INFO][io.lettuce.core.EpollProvider][info][101]-> Starting without optional epoll library
2018-04-02 01:20:40 [INFO][io.lettuce.core.KqueueProvider][info][101]-> Starting without optional kqueue library
2018-04-02 01:20:40 [ERROR][org.springframework.scheduling.support.TaskUtils$LoggingErrorHandler][handleError][96]-> Unexpected error occurred in scheduled task.
java.lang.NullPointerException: null
	at com.zym.Design1.service.UserService.quartzTask(UserService.java:369)
	at com.zym.Design1.service.UserService$$FastClassBySpringCGLIB$$28ab14e9.invoke(<generated>)
	at org.springframework.cglib.proxy.MethodProxy.invoke(MethodProxy.java:204)
	at org.springframework.aop.framework.CglibAopProxy$CglibMethodInvocation.invokeJoinpoint(CglibAopProxy.java:747)
	at org.springframework.aop.framework.ReflectiveMethodInvocation.proceed(ReflectiveMethodInvocation.java:163)
	at org.springframework.transaction.interceptor.TransactionAspectSupport.invokeWithinTransaction(TransactionAspectSupport.java:294)
	at org.springframework.transaction.interceptor.TransactionInterceptor.invoke(TransactionInterceptor.java:98)
	at org.springframework.aop.framework.ReflectiveMethodInvocation.proceed(ReflectiveMethodInvocation.java:185)
	at org.springframework.aop.framework.CglibAopProxy$DynamicAdvisedInterceptor.intercept(CglibAopProxy.java:689)
	at com.zym.Design1.service.UserService$$EnhancerBySpringCGLIB$$c47ab768.quartzTask(<generated>)
	at com.zym.Design1.schedule.ScheduledTasks.doDailyTask(ScheduledTasks.java:28)
	at sun.reflect.NativeMethodAccessorImpl.invoke0(Native Method)
	at sun.reflect.NativeMethodAccessorImpl.invoke(NativeMethodAccessorImpl.java:62)
	at sun.reflect.DelegatingMethodAccessorImpl.invoke(DelegatingMethodAccessorImpl.java:43)
	at java.lang.reflect.Method.invoke(Method.java:498)
	at org.springframework.scheduling.support.ScheduledMethodRunnable.run(ScheduledMethodRunnable.java:65)
	at org.springframework.scheduling.support.DelegatingErrorHandlingRunnable.run(DelegatingErrorHandlingRunnable.java:54)
	at org.springframework.scheduling.concurrent.ReschedulingRunnable.run(ReschedulingRunnable.java:93)
	at java.util.concurrent.Executors$RunnableAdapter.call(Executors.java:511)
	at java.util.concurrent.FutureTask.run(FutureTask.java:266)
	at java.util.concurrent.ScheduledThreadPoolExecutor$ScheduledFutureTask.access$201(ScheduledThreadPoolExecutor.java:180)
	at java.util.concurrent.ScheduledThreadPoolExecutor$ScheduledFutureTask.run(ScheduledThreadPoolExecutor.java:293)
	at java.util.concurrent.ThreadPoolExecutor.runWorker(ThreadPoolExecutor.java:1142)
	at java.util.concurrent.ThreadPoolExecutor$Worker.run(ThreadPoolExecutor.java:617)
	at java.lang.Thread.run(Thread.java:745)
2018-04-02 01:19:13 [INFO][com.zym.Design1.Design1Application][logStarting][50]-> Starting Design1Application on DESKTOP-YM with PID 18508 (E:\JavaWorkSpace\Design1\target\classes started by YM in E:\JavaWorkSpace\Design1)
2018-04-02 01:19:13 [INFO][com.zym.Design1.Design1Application][logStartupProfileInfo][652]-> No active profile set, falling back to default profiles: default
2018-04-02 01:19:13 [INFO][org.springframework.boot.web.servlet.context.AnnotationConfigServletWebServerApplicationContext][prepareRefresh][589]-> Refreshing org.springframework.boot.web.servlet.context.AnnotationConfigServletWebServerApplicationContext@73a1e58c: startup date [Mon Apr 02 01:19:13 CST 2018]; root of context hierarchy
2018-04-02 01:19:15 [INFO][org.springframework.data.repository.config.RepositoryConfigurationDelegate][multipleStoresDetected][163]-> Multiple Spring Data modules found, entering strict repository configuration mode!
2018-04-02 01:19:15 [INFO][org.springframework.context.support.PostProcessorRegistrationDelegate$BeanPostProcessorChecker][postProcessAfterInitialization][328]-> Bean 'org.springframework.transaction.annotation.ProxyTransactionManagementConfiguration' of type [org.springframework.transaction.annotation.ProxyTransactionManagementConfiguration$$EnhancerBySpringCGLIB$$44ac2b54] is not eligible for getting processed by all BeanPostProcessors (for example: not eligible for auto-proxying)
2018-04-02 01:19:16 [ERROR][org.apache.catalina.core.AprLifecycleListener][log][180]-> An incompatible version [1.2.12] of the APR based Apache Tomcat Native library is installed, while Tomcat requires version [1.2.14]
2018-04-02 01:19:16 [INFO][org.springframework.boot.web.embedded.tomcat.TomcatWebServer][initialize][91]-> Tomcat initialized with port(s): 9999 (http)
2018-04-02 01:19:16 [ERROR][org.apache.catalina.core.AprLifecycleListener][log][180]-> An incompatible version [1.2.12] of the APR based Apache Tomcat Native library is installed, while Tomcat requires version [1.2.14]
2018-04-02 01:19:16 [INFO][org.apache.coyote.http11.Http11NioProtocol][log][180]-> Initializing ProtocolHandler ["http-nio-9999"]
2018-04-02 01:19:16 [INFO][org.apache.catalina.core.StandardService][log][180]-> Starting service [Tomcat]
2018-04-02 01:19:16 [INFO][org.apache.catalina.core.StandardEngine][log][180]-> Starting Servlet Engine: Apache Tomcat/8.5.28
2018-04-02 01:19:16 [ERROR][org.apache.catalina.core.AprLifecycleListener][log][180]-> An incompatible version [1.2.12] of the APR based Apache Tomcat Native library is installed, while Tomcat requires version [1.2.14]
2018-04-02 01:19:16 [INFO][org.apache.catalina.core.ContainerBase.[Tomcat].[localhost].[/]][log][180]-> Initializing Spring embedded WebApplicationContext
2018-04-02 01:19:16 [INFO][org.springframework.web.context.ContextLoader][prepareWebApplicationContext][285]-> Root WebApplicationContext: initialization completed in 2738 ms
2018-04-02 01:19:16 [INFO][org.springframework.boot.web.servlet.ServletRegistrationBean][addRegistration][185]-> Servlet validateCodeServlet mapped to [/validateCode]
2018-04-02 01:19:16 [INFO][org.springframework.boot.web.servlet.ServletRegistrationBean][addRegistration][185]-> Servlet dispatcherServlet mapped to [/]
2018-04-02 01:19:16 [INFO][org.springframework.boot.web.servlet.FilterRegistrationBean][configure][243]-> Mapping filter: 'characterEncodingFilter' to: [/*]
2018-04-02 01:19:16 [INFO][org.springframework.boot.web.servlet.FilterRegistrationBean][configure][243]-> Mapping filter: 'hiddenHttpMethodFilter' to: [/*]
2018-04-02 01:19:16 [INFO][org.springframework.boot.web.servlet.FilterRegistrationBean][configure][243]-> Mapping filter: 'httpPutFormContentFilter' to: [/*]
2018-04-02 01:19:16 [INFO][org.springframework.boot.web.servlet.FilterRegistrationBean][configure][243]-> Mapping filter: 'requestContextFilter' to: [/*]
2018-04-02 01:19:17 [INFO][com.zaxxer.hikari.HikariDataSource][getConnection][110]-> HikariPool-1 - Starting...
2018-04-02 01:19:17 [INFO][com.zaxxer.hikari.HikariDataSource][getConnection][123]-> HikariPool-1 - Start completed.
2018-04-02 01:19:17 [INFO][com.zym.Design1.bean.UserLevelRule][afterPropertiesSet][47]-> userCreditMap size: 4
2018-04-02 01:19:17 [INFO][com.zym.Design1.bean.UserLevelRule][afterPropertiesSet][50]-> levelNumMap size: 4
2018-04-02 01:19:18 [INFO][org.springframework.web.servlet.mvc.method.annotation.RequestMappingHandlerAdapter][initControllerAdviceCache][567]-> Looking for @ControllerAdvice: org.springframework.boot.web.servlet.context.AnnotationConfigServletWebServerApplicationContext@73a1e58c: startup date [Mon Apr 02 01:19:13 CST 2018]; root of context hierarchy
2018-04-02 01:19:18 [INFO][org.springframework.web.servlet.mvc.method.annotation.RequestMappingHandlerMapping][register][548]-> Mapped "{[/admin/rejectEncash/{id}],methods=[POST]}" onto public java.lang.String com.zym.Design1.controller.AdminController.rejectEncash(java.lang.Integer,java.lang.String)
2018-04-02 01:19:18 [INFO][org.springframework.web.servlet.mvc.method.annotation.RequestMappingHandlerMapping][register][548]-> Mapped "{[/admin/encashListPage],methods=[GET]}" onto public java.lang.String com.zym.Design1.controller.AdminController.encashListPage(java.lang.String,org.springframework.ui.Model)
2018-04-02 01:19:18 [INFO][org.springframework.web.servlet.mvc.method.annotation.RequestMappingHandlerMapping][register][548]-> Mapped "{[/admin/approveEncash/{id}],methods=[POST]}" onto public java.lang.String com.zym.Design1.controller.AdminController.approveEncash(java.lang.Integer,java.lang.String)
2018-04-02 01:19:18 [INFO][org.springframework.web.servlet.mvc.method.annotation.RequestMappingHandlerMapping][register][548]-> Mapped "{[/admin/editNotice],methods=[POST]}" onto public java.lang.String com.zym.Design1.controller.AdminController.editNotice(java.lang.String,java.lang.String,java.lang.Integer)
2018-04-02 01:19:18 [INFO][org.springframework.web.servlet.mvc.method.annotation.RequestMappingHandlerMapping][register][548]-> Mapped "{[/admin/encashList],methods=[POST]}" onto public java.lang.String com.zym.Design1.controller.AdminController.encashList(java.lang.Integer,java.lang.Integer,java.lang.String,java.lang.String,java.lang.String,org.springframework.ui.Model)
2018-04-02 01:19:18 [INFO][org.springframework.web.servlet.mvc.method.annotation.RequestMappingHandlerMapping][register][548]-> Mapped "{[/admin/editNotice],methods=[GET]}" onto public java.lang.String com.zym.Design1.controller.AdminController.editNoticePage()
2018-04-02 01:19:18 [INFO][org.springframework.web.servlet.mvc.method.annotation.RequestMappingHandlerMapping][register][548]-> Mapped "{[/admin/noticeList],methods=[POST]}" onto public java.lang.String com.zym.Design1.controller.AdminController.noticeList(java.lang.String,java.lang.Integer,java.lang.Integer)
2018-04-02 01:19:18 [INFO][org.springframework.web.servlet.mvc.method.annotation.RequestMappingHandlerMapping][register][548]-> Mapped "{[/admin/noticeListPage],methods=[GET]}" onto public java.lang.String com.zym.Design1.controller.AdminController.noticeListPage(java.lang.String,org.springframework.ui.Model)
2018-04-02 01:19:18 [INFO][org.springframework.web.servlet.mvc.method.annotation.RequestMappingHandlerMapping][register][548]-> Mapped "{[/admin/readNotice],methods=[GET]}" onto public java.lang.String com.zym.Design1.controller.AdminController.readNoticePage(java.lang.String,java.lang.Integer,org.springframework.ui.Model)
2018-04-02 01:19:18 [INFO][org.springframework.web.servlet.mvc.method.annotation.RequestMappingHandlerMapping][register][548]-> Mapped "{[/superad/getCurrency]}" onto public java.lang.String com.zym.Design1.controller.CurrencyController.getCurrency()
2018-04-02 01:19:18 [INFO][org.springframework.web.servlet.mvc.method.annotation.RequestMappingHandlerMapping][register][548]-> Mapped "{[/superad/setCurrency],methods=[POST]}" onto public void com.zym.Design1.controller.CurrencyController.setCurrency(java.lang.String)
2018-04-02 01:19:18 [INFO][org.springframework.web.servlet.mvc.method.annotation.RequestMappingHandlerMapping][register][548]-> Mapped "{[/member/encash],methods=[POST]}" onto public java.lang.String com.zym.Design1.controller.EncashController.encash(java.lang.Integer,java.lang.String)
2018-04-02 01:19:18 [INFO][org.springframework.web.servlet.mvc.method.annotation.RequestMappingHandlerMapping][register][548]-> Mapped "{[/member/encash],methods=[GET]}" onto public java.lang.String com.zym.Design1.controller.EncashController.encashPage(org.springframework.ui.Model)
2018-04-02 01:19:18 [INFO][org.springframework.web.servlet.mvc.method.annotation.RequestMappingHandlerMapping][register][548]-> Mapped "{[/login],methods=[POST]}" onto public java.lang.String com.zym.Design1.controller.LoginController.loginPost(java.lang.String,java.lang.String,java.lang.String,org.springframework.ui.Model,javax.servlet.http.HttpServletResponse)
2018-04-02 01:19:18 [INFO][org.springframework.web.servlet.mvc.method.annotation.RequestMappingHandlerMapping][register][548]-> Mapped "{[/login],methods=[GET]}" onto public java.lang.String com.zym.Design1.controller.LoginController.loginGet(java.lang.String,org.springframework.ui.Model)
2018-04-02 01:19:18 [INFO][org.springframework.web.servlet.mvc.method.annotation.RequestMappingHandlerMapping][register][548]-> Mapped "{[/logout],methods=[POST || GET]}" onto public java.lang.String com.zym.Design1.controller.LoginController.logout(java.lang.String)
2018-04-02 01:19:18 [INFO][org.springframework.web.servlet.mvc.method.annotation.RequestMappingHandlerMapping][register][548]-> Mapped "{[/reglogin]}" onto public java.lang.String com.zym.Design1.controller.LoginController.reglogin(java.lang.String,org.springframework.ui.Model)
2018-04-02 01:19:18 [INFO][org.springframework.web.servlet.mvc.method.annotation.RequestMappingHandlerMapping][register][548]-> Mapped "{[/member/memberOrgTreeview],methods=[GET]}" onto public java.lang.String com.zym.Design1.controller.MemberController.memberOrgTreeview(java.lang.Integer)
2018-04-02 01:19:18 [INFO][org.springframework.web.servlet.mvc.method.annotation.RequestMappingHandlerMapping][register][548]-> Mapped "{[/member/memberOrgTreeChart],methods=[GET]}" onto public java.lang.String com.zym.Design1.controller.MemberController.memberOrgTreeChart(java.lang.Integer)
2018-04-02 01:19:18 [INFO][org.springframework.web.servlet.mvc.method.annotation.RequestMappingHandlerMapping][register][548]-> Mapped "{[/member/members/{id}],methods=[PUT]}" onto public java.lang.String com.zym.Design1.controller.MemberController.updateMember(com.zym.Design1.entity.User)
2018-04-02 01:19:18 [INFO][org.springframework.web.servlet.mvc.method.annotation.RequestMappingHandlerMapping][register][548]-> Mapped "{[/member/eCoinLog],methods=[GET]}" onto public java.lang.String com.zym.Design1.controller.MemberController.ecoinLogList(java.lang.Integer,java.lang.Integer,java.lang.String,java.lang.String,java.lang.String,java.lang.Integer,java.lang.Integer)
2018-04-02 01:19:18 [INFO][org.springframework.web.servlet.mvc.method.annotation.RequestMappingHandlerMapping][register][548]-> Mapped "{[/member/memberList]}" onto public java.lang.String com.zym.Design1.controller.MemberController.memberListPage(org.springframework.ui.Model)
2018-04-02 01:19:18 [INFO][org.springframework.web.servlet.mvc.method.annotation.RequestMappingHandlerMapping][register][548]-> Mapped "{[/member/chooseOpt],methods=[POST]}" onto public java.lang.String com.zym.Design1.controller.MemberController.chooseOpt(java.lang.Integer)
2018-04-02 01:19:18 [INFO][org.springframework.web.servlet.mvc.method.annotation.RequestMappingHandlerMapping][register][548]-> Mapped "{[/member/members],methods=[POST]}" onto public java.lang.String com.zym.Design1.controller.MemberController.addMember(com.zym.Design1.entity.User)
2018-04-02 01:19:18 [INFO][org.springframework.web.servlet.mvc.method.annotation.RequestMappingHandlerMapping][register][548]-> Mapped "{[/member/myFin]}" onto public java.lang.String com.zym.Design1.controller.MemberController.ecoinRecordPage(java.lang.String,java.lang.String,org.springframework.ui.Model)
2018-04-02 01:19:18 [INFO][org.springframework.web.servlet.mvc.method.annotation.RequestMappingHandlerMapping][register][548]-> Mapped "{[/member/myOpt]}" onto public java.lang.String com.zym.Design1.controller.MemberController.myOpt(java.lang.String,org.springframework.ui.Model)
2018-04-02 01:19:18 [INFO][org.springframework.web.servlet.mvc.method.annotation.RequestMappingHandlerMapping][register][548]-> Mapped "{[/member/changePwd],methods=[GET]}" onto public java.lang.String com.zym.Design1.controller.MemberController.changePwdPage()
2018-04-02 01:19:18 [INFO][org.springframework.web.servlet.mvc.method.annotation.RequestMappingHandlerMapping][register][548]-> Mapped "{[/member/members/{id}],methods=[DELETE]}" onto public java.lang.String com.zym.Design1.controller.MemberController.deleteMember(java.lang.Integer)
2018-04-02 01:19:18 [INFO][org.springframework.web.servlet.mvc.method.annotation.RequestMappingHandlerMapping][register][548]-> Mapped "{[/member/members],methods=[GET]}" onto public java.lang.String com.zym.Design1.controller.MemberController.memberList(java.lang.Integer,java.lang.Integer,java.lang.String,java.lang.String,java.lang.String)
2018-04-02 01:19:18 [INFO][org.springframework.web.servlet.mvc.method.annotation.RequestMappingHandlerMapping][register][548]-> Mapped "{[/member/myConnection]}" onto public java.lang.String com.zym.Design1.controller.MemberController.myConnection(java.lang.String,org.springframework.ui.Model)
2018-04-02 01:19:18 [INFO][org.springframework.web.servlet.mvc.method.annotation.RequestMappingHandlerMapping][register][548]-> Mapped "{[/member/modifyOpt],methods=[POST]}" onto public java.lang.String com.zym.Design1.controller.MemberController.modifyOpt(java.lang.Integer)
2018-04-02 01:19:18 [INFO][org.springframework.web.servlet.mvc.method.annotation.RequestMappingHandlerMapping][register][548]-> Mapped "{[/member/eCoinLog],methods=[POST]}" onto public java.lang.String com.zym.Design1.controller.MemberController.addECoinLog(com.zym.Design1.entity.BuyEcoinLog)
2018-04-02 01:19:18 [INFO][org.springframework.web.servlet.mvc.method.annotation.RequestMappingHandlerMapping][register][548]-> Mapped "{[/member/myHome],methods=[GET]}" onto public java.lang.String com.zym.Design1.controller.MemberController.myHome(java.lang.String,org.springframework.ui.Model)
2018-04-02 01:19:18 [INFO][org.springframework.web.servlet.mvc.method.annotation.RequestMappingHandlerMapping][register][548]-> Mapped "{[/member/changePwd],methods=[POST]}" onto public java.lang.String com.zym.Design1.controller.MemberController.changePwdAction(java.lang.String,java.lang.String,java.lang.String)
2018-04-02 01:19:18 [INFO][org.springframework.web.servlet.mvc.method.annotation.RequestMappingHandlerMapping][register][548]-> Mapped "{[/member/eCoinManage],methods=[GET]}" onto public java.lang.String com.zym.Design1.controller.MemberController.eCoinManage()
2018-04-02 01:19:18 [INFO][org.springframework.web.servlet.mvc.method.annotation.RequestMappingHandlerMapping][register][548]-> Mapped "{[/data]}" onto public java.lang.String com.zym.Design1.controller.TestController.testData()
2018-04-02 01:19:18 [INFO][org.springframework.web.servlet.mvc.method.annotation.RequestMappingHandlerMapping][register][548]-> Mapped "{[/test2]}" onto public java.lang.String com.zym.Design1.controller.TestController.testTest2()
2018-04-02 01:19:18 [INFO][org.springframework.web.servlet.mvc.method.annotation.RequestMappingHandlerMapping][register][548]-> Mapped "{[/list1]}" onto public com.alibaba.fastjson.JSONObject com.zym.Design1.controller.TestController.testList()
2018-04-02 01:19:18 [INFO][org.springframework.web.servlet.mvc.method.annotation.RequestMappingHandlerMapping][register][548]-> Mapped "{[/signUp1]}" onto public java.lang.String com.zym.Design1.controller.TestController.testSignUp()
2018-04-02 01:19:18 [INFO][org.springframework.web.servlet.mvc.method.annotation.RequestMappingHandlerMapping][register][548]-> Mapped "{[/test]}" onto public java.lang.String com.zym.Design1.controller.TestController.testIndex()
2018-04-02 01:19:18 [INFO][org.springframework.web.servlet.mvc.method.annotation.RequestMappingHandlerMapping][register][548]-> Mapped "{[/test3]}" onto public java.lang.String com.zym.Design1.controller.TestController.testTest3()
2018-04-02 01:19:18 [INFO][org.springframework.web.servlet.mvc.method.annotation.RequestMappingHandlerMapping][register][548]-> Mapped "{[/login1]}" onto public java.lang.String com.zym.Design1.controller.TestController.testLogin()
2018-04-02 01:19:18 [INFO][org.springframework.web.servlet.mvc.method.annotation.RequestMappingHandlerMapping][register][548]-> Mapped "{[/list]}" onto public com.alibaba.fastjson.JSONArray com.zym.Design1.controller.TestController.testList2()
2018-04-02 01:19:18 [INFO][org.springframework.web.servlet.mvc.method.annotation.RequestMappingHandlerMapping][register][548]-> Mapped "{[/starter]}" onto public java.lang.String com.zym.Design1.controller.TestController.testStarter()
2018-04-02 01:19:18 [INFO][org.springframework.web.servlet.mvc.method.annotation.RequestMappingHandlerMapping][register][548]-> Mapped "{[/testImg]}" onto public java.lang.String com.zym.Design1.controller.TestController.testImg()
2018-04-02 01:19:18 [INFO][org.springframework.web.servlet.mvc.method.annotation.RequestMappingHandlerMapping][register][548]-> Mapped "{[/test1]}" onto public java.lang.String com.zym.Design1.controller.TestController.testTest1()
2018-04-02 01:19:18 [INFO][org.springframework.web.servlet.mvc.method.annotation.RequestMappingHandlerMapping][register][548]-> Mapped "{[/member/trade || /admin/trade],methods=[GET]}" onto public java.lang.String com.zym.Design1.controller.TradeController.tradingHall(org.springframework.ui.Model,java.lang.String,java.lang.String,java.lang.Integer,java.lang.Integer,java.lang.String,java.lang.String,java.lang.String)
2018-04-02 01:19:18 [INFO][org.springframework.web.servlet.mvc.method.annotation.RequestMappingHandlerMapping][register][548]-> Mapped "{[/member/buyVc || /admin/buyVc],methods=[POST]}" onto public java.lang.String com.zym.Design1.controller.TradeController.buyVc(java.lang.String)
2018-04-02 01:19:18 [INFO][org.springframework.web.servlet.mvc.method.annotation.RequestMappingHandlerMapping][register][548]-> Mapped "{[/member/wantToSell || /admin/wantToSell],methods=[POST]}" onto public java.lang.String com.zym.Design1.controller.TradeController.wantToSell(java.math.BigDecimal,java.math.BigDecimal)
2018-04-02 01:19:18 [INFO][org.springframework.web.servlet.mvc.method.annotation.RequestMappingHandlerMapping][register][548]-> Mapped "{[/member/cancelSellTry || /admin/cancelSellTry],methods=[POST]}" onto public java.lang.String com.zym.Design1.controller.TradeController.cancelSellTry(java.lang.String)
2018-04-02 01:19:18 [INFO][org.springframework.web.servlet.mvc.method.annotation.RequestMappingHandlerMapping][register][548]-> Mapped "{[/isValidateCodeCorrect]}" onto public java.lang.String com.zym.Design1.controller.UtilController.compareValidateCode(javax.servlet.http.HttpSession,java.lang.String)
2018-04-02 01:19:18 [INFO][org.springframework.web.servlet.mvc.method.annotation.RequestMappingHandlerMapping][register][548]-> Mapped "{[/isPwdCorrect],methods=[POST]}" onto public java.lang.String com.zym.Design1.controller.UtilController.isPwdCorrect(java.lang.String)
2018-04-02 01:19:18 [INFO][org.springframework.web.servlet.mvc.method.annotation.RequestMappingHandlerMapping][register][548]-> Mapped "{[/isUidExist],methods=[POST]}" onto public java.lang.String com.zym.Design1.controller.UtilController.isUidExist(java.lang.String)
2018-04-02 01:19:18 [INFO][org.springframework.web.servlet.mvc.method.annotation.RequestMappingHandlerMapping][register][548]-> Mapped "{[/isUidNotExist],methods=[POST]}" onto public java.lang.String com.zym.Design1.controller.UtilController.isUidNotExist(java.lang.String)
2018-04-02 01:19:18 [INFO][org.springframework.web.servlet.mvc.method.annotation.RequestMappingHandlerMapping][register][548]-> Mapped "{[/401]}" onto public java.lang.String com.zym.Design1.controller.UtilController.page401()
2018-04-02 01:19:18 [INFO][org.springframework.web.servlet.mvc.method.annotation.RequestMappingHandlerMapping][register][548]-> Mapped "{[/404]}" onto public java.lang.String com.zym.Design1.controller.UtilController.page404()
2018-04-02 01:19:18 [INFO][org.springframework.web.servlet.mvc.method.annotation.RequestMappingHandlerMapping][register][548]-> Mapped "{[/error]}" onto public java.lang.String com.zym.Design1.exception.FinalExceptionHandler.error(javax.servlet.http.HttpServletResponse,javax.servlet.http.HttpServletRequest)
2018-04-02 01:19:19 [INFO][org.springframework.web.servlet.handler.SimpleUrlHandlerMapping][registerHandler][373]-> Mapped URL path [/templates/**] onto handler of type [class org.springframework.web.servlet.resource.ResourceHttpRequestHandler]
2018-04-02 01:19:19 [INFO][org.springframework.web.servlet.handler.SimpleUrlHandlerMapping][registerHandler][373]-> Mapped URL path [/static/**] onto handler of type [class org.springframework.web.servlet.resource.ResourceHttpRequestHandler]
2018-04-02 01:19:19 [INFO][org.springframework.web.servlet.handler.SimpleUrlHandlerMapping][registerHandler][373]-> Mapped URL path [/webjars/**] onto handler of type [class org.springframework.web.servlet.resource.ResourceHttpRequestHandler]
2018-04-02 01:19:19 [INFO][org.springframework.web.servlet.handler.SimpleUrlHandlerMapping][registerHandler][373]-> Mapped URL path [/**] onto handler of type [class org.springframework.web.servlet.resource.ResourceHttpRequestHandler]
2018-04-02 01:19:19 [INFO][org.springframework.web.servlet.mvc.method.annotation.ExceptionHandlerExceptionResolver][initExceptionHandlerAdviceCache][289]-> Detected @ExceptionHandler methods in exceptionHandlerController
2018-04-02 01:19:19 [INFO][org.springframework.web.servlet.mvc.method.annotation.ExceptionHandlerExceptionResolver][initExceptionHandlerAdviceCache][289]-> Detected @ExceptionHandler methods in requestMappingExceptionHandler
2018-04-02 01:19:19 [INFO][org.springframework.web.servlet.handler.SimpleUrlHandlerMapping][registerHandler][373]-> Mapped URL path [/**/favicon.ico] onto handler of type [class org.springframework.web.servlet.resource.ResourceHttpRequestHandler]
2018-04-02 01:19:19 [INFO][org.springframework.boot.autoconfigure.web.servlet.WelcomePageHandlerMapping][<init>][61]-> Adding welcome page template: index
2018-04-02 01:19:19 [INFO][org.springframework.web.servlet.view.freemarker.FreeMarkerConfigurer][postProcessTemplateLoaders][131]-> ClassTemplateLoader for Spring macros added to FreeMarker configuration
2018-04-02 01:19:19 [INFO][org.quartz.impl.StdSchedulerFactory][instantiate][1208]-> Using default implementation for ThreadExecutor
2018-04-02 01:19:19 [INFO][org.quartz.core.SchedulerSignalerImpl][<init>][61]-> Initialized Scheduler Signaller of type: class org.quartz.core.SchedulerSignalerImpl
2018-04-02 01:19:19 [INFO][org.quartz.core.QuartzScheduler][<init>][229]-> Quartz Scheduler v.2.3.0 created.
2018-04-02 01:19:19 [INFO][org.quartz.simpl.RAMJobStore][initialize][155]-> RAMJobStore initialized.
2018-04-02 01:19:19 [INFO][org.quartz.core.QuartzScheduler][initialize][294]-> Scheduler meta-data: Quartz Scheduler (v2.3.0) 'quartzScheduler' with instanceId 'NON_CLUSTERED'
  Scheduler class: 'org.quartz.core.QuartzScheduler' - running locally.
  NOT STARTED.
  Currently in standby mode.
  Number of jobs executed: 0
  Using thread pool 'org.quartz.simpl.SimpleThreadPool' - with 10 threads.
  Using job-store 'org.quartz.simpl.RAMJobStore' - which does not support persistence. and is not clustered.

2018-04-02 01:19:19 [INFO][org.quartz.impl.StdSchedulerFactory][instantiate][1362]-> Quartz scheduler 'quartzScheduler' initialized from an externally provided properties instance.
2018-04-02 01:19:19 [INFO][org.quartz.impl.StdSchedulerFactory][instantiate][1366]-> Quartz scheduler version: 2.3.0
2018-04-02 01:19:19 [INFO][org.quartz.core.QuartzScheduler][setJobFactory][2287]-> JobFactory set to: org.springframework.boot.autoconfigure.quartz.AutowireCapableBeanJobFactory@22c46f72
2018-04-02 01:19:20 [INFO][org.springframework.boot.devtools.autoconfigure.OptionalLiveReloadServer][startServer][57]-> LiveReload server is running on port 35729
2018-04-02 01:19:20 [INFO][org.springframework.jmx.export.annotation.AnnotationMBeanExporter][afterSingletonsInstantiated][434]-> Registering beans for JMX exposure on startup
2018-04-02 01:19:20 [INFO][org.springframework.jmx.export.annotation.AnnotationMBeanExporter][autodetect][896]-> Bean with name 'dataSource' has been autodetected for JMX exposure
2018-04-02 01:19:20 [INFO][org.springframework.jmx.export.annotation.AnnotationMBeanExporter][registerBeanInstance][669]-> Located MBean 'dataSource': registering with JMX server as MBean [com.zaxxer.hikari:name=dataSource,type=HikariDataSource]
2018-04-02 01:19:20 [INFO][org.springframework.context.support.DefaultLifecycleProcessor][start][351]-> Starting beans in phase 2147483647
2018-04-02 01:19:20 [INFO][org.springframework.scheduling.quartz.SchedulerFactoryBean][startScheduler][686]-> Starting Quartz Scheduler now
2018-04-02 01:19:20 [INFO][org.quartz.core.QuartzScheduler][start][547]-> Scheduler quartzScheduler_$_NON_CLUSTERED started.
2018-04-02 01:19:20 [INFO][org.springframework.scheduling.annotation.ScheduledAnnotationBeanPostProcessor][finishRegistration][275]-> No TaskScheduler/ScheduledExecutorService bean found for scheduled processing
2018-04-02 01:19:20 [INFO][org.apache.coyote.http11.Http11NioProtocol][log][180]-> Starting ProtocolHandler ["http-nio-9999"]
2018-04-02 01:19:20 [INFO][org.apache.tomcat.util.net.NioSelectorPool][log][180]-> Using a shared selector for servlet write/read
2018-04-02 01:19:20 [INFO][org.springframework.boot.web.embedded.tomcat.TomcatWebServer][start][205]-> Tomcat started on port(s): 9999 (http) with context path ''
2018-04-02 01:19:20 [INFO][com.zym.Design1.Design1Application][logStarted][59]-> Started Design1Application in 7.592 seconds (JVM running for 8.352)
2018-04-02 01:20:40 [INFO][com.zym.Design1.schedule.ScheduledTasks][doDailyTask][25]-> current time : 1522603240001
2018-04-02 01:21:26 [WARN][com.zaxxer.hikari.pool.HikariPool][run][756]-> HikariPool-1 - Thread starvation or clock leap detected (housekeeper delta=1m8s963ms684s282ns).
2018-04-02 01:22:06 [INFO][io.lettuce.core.EpollProvider][info][101]-> Starting without optional epoll library
2018-04-02 01:22:06 [INFO][io.lettuce.core.KqueueProvider][info][101]-> Starting without optional kqueue library
2018-04-02 01:22:54 [ERROR][com.zym.Design1.schedule.ScheduledTasks][doDailyTask][32]-> user:1, error:null
2018-04-02 01:24:23 [WARN][com.zaxxer.hikari.pool.HikariPool][run][756]-> HikariPool-1 - Thread starvation or clock leap detected (housekeeper delta=1m24s10ms762s940ns).
2018-04-02 01:24:23 [INFO][com.zym.Design1.service.UserService][quartzTask][386]-> user: 2 , bonus: 0, unfrozenCoinNum:0, utotal_vc_count: 60000.0, 
2018-04-02 01:24:23 [INFO][com.zym.Design1.schedule.ScheduledTasks][doDailyTask][30]-> complete userId:2
2018-04-02 01:24:25 [INFO][com.zym.Design1.service.UserService][quartzTask][386]-> user: 3 , bonus: 0, unfrozenCoinNum:0, utotal_vc_count: 60000.0, 
2018-04-02 01:24:25 [INFO][com.zym.Design1.schedule.ScheduledTasks][doDailyTask][30]-> complete userId:3
2018-04-02 01:24:32 [INFO][com.zym.Design1.service.UserService][quartzTask][386]-> user: 4 , bonus: 0, unfrozenCoinNum:0, utotal_vc_count: 60000.0, 
2018-04-02 01:24:32 [INFO][com.zym.Design1.schedule.ScheduledTasks][doDailyTask][30]-> complete userId:4
2018-04-02 01:24:33 [INFO][com.zym.Design1.service.UserService][quartzTask][386]-> user: 5 , bonus: 0, unfrozenCoinNum:0, utotal_vc_count: 60000.0, 
2018-04-02 01:24:33 [INFO][com.zym.Design1.schedule.ScheduledTasks][doDailyTask][30]-> complete userId:5
2018-04-02 01:19:37 [INFO][com.zym.Design1.Design1Application][logStarting][50]-> Starting Design1Application on DESKTOP-YM with PID 16332 (E:\JavaWorkSpace\Design1\target\classes started by YM in E:\JavaWorkSpace\Design1)
2018-04-02 01:19:37 [INFO][com.zym.Design1.Design1Application][logStartupProfileInfo][652]-> No active profile set, falling back to default profiles: default
2018-04-02 01:19:37 [INFO][org.springframework.boot.web.servlet.context.AnnotationConfigServletWebServerApplicationContext][prepareRefresh][589]-> Refreshing org.springframework.boot.web.servlet.context.AnnotationConfigServletWebServerApplicationContext@31170ada: startup date [Mon Apr 02 01:19:37 CST 2018]; root of context hierarchy
2018-04-02 01:19:38 [INFO][org.springframework.data.repository.config.RepositoryConfigurationDelegate][multipleStoresDetected][163]-> Multiple Spring Data modules found, entering strict repository configuration mode!
2018-04-02 01:19:39 [INFO][org.springframework.context.support.PostProcessorRegistrationDelegate$BeanPostProcessorChecker][postProcessAfterInitialization][328]-> Bean 'org.springframework.transaction.annotation.ProxyTransactionManagementConfiguration' of type [org.springframework.transaction.annotation.ProxyTransactionManagementConfiguration$$EnhancerBySpringCGLIB$$51298dcd] is not eligible for getting processed by all BeanPostProcessors (for example: not eligible for auto-proxying)
2018-04-02 01:19:39 [ERROR][org.apache.catalina.core.AprLifecycleListener][log][180]-> An incompatible version [1.2.12] of the APR based Apache Tomcat Native library is installed, while Tomcat requires version [1.2.14]
2018-04-02 01:19:39 [INFO][org.springframework.boot.web.embedded.tomcat.TomcatWebServer][initialize][91]-> Tomcat initialized with port(s): 9999 (http)
2018-04-02 01:19:39 [ERROR][org.apache.catalina.core.AprLifecycleListener][log][180]-> An incompatible version [1.2.12] of the APR based Apache Tomcat Native library is installed, while Tomcat requires version [1.2.14]
2018-04-02 01:19:39 [INFO][org.apache.coyote.http11.Http11NioProtocol][log][180]-> Initializing ProtocolHandler ["http-nio-9999"]
2018-04-02 01:19:39 [INFO][org.apache.catalina.core.StandardService][log][180]-> Starting service [Tomcat]
2018-04-02 01:19:39 [INFO][org.apache.catalina.core.StandardEngine][log][180]-> Starting Servlet Engine: Apache Tomcat/8.5.28
2018-04-02 01:19:39 [ERROR][org.apache.catalina.core.AprLifecycleListener][log][180]-> An incompatible version [1.2.12] of the APR based Apache Tomcat Native library is installed, while Tomcat requires version [1.2.14]
2018-04-02 01:19:40 [INFO][org.apache.catalina.core.ContainerBase.[Tomcat].[localhost].[/]][log][180]-> Initializing Spring embedded WebApplicationContext
2018-04-02 01:19:40 [INFO][org.springframework.web.context.ContextLoader][prepareWebApplicationContext][285]-> Root WebApplicationContext: initialization completed in 2472 ms
2018-04-02 01:19:40 [INFO][org.springframework.boot.web.servlet.ServletRegistrationBean][addRegistration][185]-> Servlet validateCodeServlet mapped to [/validateCode]
2018-04-02 01:19:40 [INFO][org.springframework.boot.web.servlet.ServletRegistrationBean][addRegistration][185]-> Servlet dispatcherServlet mapped to [/]
2018-04-02 01:19:40 [INFO][org.springframework.boot.web.servlet.FilterRegistrationBean][configure][243]-> Mapping filter: 'characterEncodingFilter' to: [/*]
2018-04-02 01:19:40 [INFO][org.springframework.boot.web.servlet.FilterRegistrationBean][configure][243]-> Mapping filter: 'hiddenHttpMethodFilter' to: [/*]
2018-04-02 01:19:40 [INFO][org.springframework.boot.web.servlet.FilterRegistrationBean][configure][243]-> Mapping filter: 'httpPutFormContentFilter' to: [/*]
2018-04-02 01:19:40 [INFO][org.springframework.boot.web.servlet.FilterRegistrationBean][configure][243]-> Mapping filter: 'requestContextFilter' to: [/*]
2018-04-02 01:19:40 [INFO][com.zaxxer.hikari.HikariDataSource][getConnection][110]-> HikariPool-1 - Starting...
2018-04-02 01:19:40 [INFO][com.zaxxer.hikari.HikariDataSource][getConnection][123]-> HikariPool-1 - Start completed.
2018-04-02 01:19:40 [INFO][com.zym.Design1.bean.UserLevelRule][afterPropertiesSet][47]-> userCreditMap size: 4
2018-04-02 01:19:40 [INFO][com.zym.Design1.bean.UserLevelRule][afterPropertiesSet][50]-> levelNumMap size: 4
2018-04-02 01:19:42 [INFO][org.springframework.web.servlet.mvc.method.annotation.RequestMappingHandlerAdapter][initControllerAdviceCache][567]-> Looking for @ControllerAdvice: org.springframework.boot.web.servlet.context.AnnotationConfigServletWebServerApplicationContext@31170ada: startup date [Mon Apr 02 01:19:37 CST 2018]; root of context hierarchy
2018-04-02 01:19:42 [INFO][org.springframework.web.servlet.mvc.method.annotation.RequestMappingHandlerMapping][register][548]-> Mapped "{[/admin/readNotice],methods=[GET]}" onto public java.lang.String com.zym.Design1.controller.AdminController.readNoticePage(java.lang.String,java.lang.Integer,org.springframework.ui.Model)
2018-04-02 01:19:42 [INFO][org.springframework.web.servlet.mvc.method.annotation.RequestMappingHandlerMapping][register][548]-> Mapped "{[/admin/editNotice],methods=[POST]}" onto public java.lang.String com.zym.Design1.controller.AdminController.editNotice(java.lang.String,java.lang.String,java.lang.Integer)
2018-04-02 01:19:42 [INFO][org.springframework.web.servlet.mvc.method.annotation.RequestMappingHandlerMapping][register][548]-> Mapped "{[/admin/encashListPage],methods=[GET]}" onto public java.lang.String com.zym.Design1.controller.AdminController.encashListPage(java.lang.String,org.springframework.ui.Model)
2018-04-02 01:19:42 [INFO][org.springframework.web.servlet.mvc.method.annotation.RequestMappingHandlerMapping][register][548]-> Mapped "{[/admin/noticeListPage],methods=[GET]}" onto public java.lang.String com.zym.Design1.controller.AdminController.noticeListPage(java.lang.String,org.springframework.ui.Model)
2018-04-02 01:19:42 [INFO][org.springframework.web.servlet.mvc.method.annotation.RequestMappingHandlerMapping][register][548]-> Mapped "{[/admin/noticeList],methods=[POST]}" onto public java.lang.String com.zym.Design1.controller.AdminController.noticeList(java.lang.String,java.lang.Integer,java.lang.Integer)
2018-04-02 01:19:42 [INFO][org.springframework.web.servlet.mvc.method.annotation.RequestMappingHandlerMapping][register][548]-> Mapped "{[/admin/approveEncash/{id}],methods=[POST]}" onto public java.lang.String com.zym.Design1.controller.AdminController.approveEncash(java.lang.Integer,java.lang.String)
2018-04-02 01:19:42 [INFO][org.springframework.web.servlet.mvc.method.annotation.RequestMappingHandlerMapping][register][548]-> Mapped "{[/admin/encashList],methods=[POST]}" onto public java.lang.String com.zym.Design1.controller.AdminController.encashList(java.lang.Integer,java.lang.Integer,java.lang.String,java.lang.String,java.lang.String,org.springframework.ui.Model)
2018-04-02 01:19:42 [INFO][org.springframework.web.servlet.mvc.method.annotation.RequestMappingHandlerMapping][register][548]-> Mapped "{[/admin/rejectEncash/{id}],methods=[POST]}" onto public java.lang.String com.zym.Design1.controller.AdminController.rejectEncash(java.lang.Integer,java.lang.String)
2018-04-02 01:19:42 [INFO][org.springframework.web.servlet.mvc.method.annotation.RequestMappingHandlerMapping][register][548]-> Mapped "{[/admin/editNotice],methods=[GET]}" onto public java.lang.String com.zym.Design1.controller.AdminController.editNoticePage()
2018-04-02 01:19:42 [INFO][org.springframework.web.servlet.mvc.method.annotation.RequestMappingHandlerMapping][register][548]-> Mapped "{[/superad/getCurrency]}" onto public java.lang.String com.zym.Design1.controller.CurrencyController.getCurrency()
2018-04-02 01:19:42 [INFO][org.springframework.web.servlet.mvc.method.annotation.RequestMappingHandlerMapping][register][548]-> Mapped "{[/superad/setCurrency],methods=[POST]}" onto public void com.zym.Design1.controller.CurrencyController.setCurrency(java.lang.String)
2018-04-02 01:19:42 [INFO][org.springframework.web.servlet.mvc.method.annotation.RequestMappingHandlerMapping][register][548]-> Mapped "{[/member/encash],methods=[GET]}" onto public java.lang.String com.zym.Design1.controller.EncashController.encashPage(org.springframework.ui.Model)
2018-04-02 01:19:42 [INFO][org.springframework.web.servlet.mvc.method.annotation.RequestMappingHandlerMapping][register][548]-> Mapped "{[/member/encash],methods=[POST]}" onto public java.lang.String com.zym.Design1.controller.EncashController.encash(java.lang.Integer,java.lang.String)
2018-04-02 01:19:42 [INFO][org.springframework.web.servlet.mvc.method.annotation.RequestMappingHandlerMapping][register][548]-> Mapped "{[/login],methods=[POST]}" onto public java.lang.String com.zym.Design1.controller.LoginController.loginPost(java.lang.String,java.lang.String,java.lang.String,org.springframework.ui.Model,javax.servlet.http.HttpServletResponse)
2018-04-02 01:19:42 [INFO][org.springframework.web.servlet.mvc.method.annotation.RequestMappingHandlerMapping][register][548]-> Mapped "{[/login],methods=[GET]}" onto public java.lang.String com.zym.Design1.controller.LoginController.loginGet(java.lang.String,org.springframework.ui.Model)
2018-04-02 01:19:42 [INFO][org.springframework.web.servlet.mvc.method.annotation.RequestMappingHandlerMapping][register][548]-> Mapped "{[/logout],methods=[POST || GET]}" onto public java.lang.String com.zym.Design1.controller.LoginController.logout(java.lang.String)
2018-04-02 01:19:42 [INFO][org.springframework.web.servlet.mvc.method.annotation.RequestMappingHandlerMapping][register][548]-> Mapped "{[/reglogin]}" onto public java.lang.String com.zym.Design1.controller.LoginController.reglogin(java.lang.String,org.springframework.ui.Model)
2018-04-02 01:19:42 [INFO][org.springframework.web.servlet.mvc.method.annotation.RequestMappingHandlerMapping][register][548]-> Mapped "{[/member/memberOrgTreeview],methods=[GET]}" onto public java.lang.String com.zym.Design1.controller.MemberController.memberOrgTreeview(java.lang.Integer)
2018-04-02 01:19:42 [INFO][org.springframework.web.servlet.mvc.method.annotation.RequestMappingHandlerMapping][register][548]-> Mapped "{[/member/memberOrgTreeChart],methods=[GET]}" onto public java.lang.String com.zym.Design1.controller.MemberController.memberOrgTreeChart(java.lang.Integer)
2018-04-02 01:19:42 [INFO][org.springframework.web.servlet.mvc.method.annotation.RequestMappingHandlerMapping][register][548]-> Mapped "{[/member/memberList]}" onto public java.lang.String com.zym.Design1.controller.MemberController.memberListPage(org.springframework.ui.Model)
2018-04-02 01:19:42 [INFO][org.springframework.web.servlet.mvc.method.annotation.RequestMappingHandlerMapping][register][548]-> Mapped "{[/member/chooseOpt],methods=[POST]}" onto public java.lang.String com.zym.Design1.controller.MemberController.chooseOpt(java.lang.Integer)
2018-04-02 01:19:42 [INFO][org.springframework.web.servlet.mvc.method.annotation.RequestMappingHandlerMapping][register][548]-> Mapped "{[/member/myOpt]}" onto public java.lang.String com.zym.Design1.controller.MemberController.myOpt(java.lang.String,org.springframework.ui.Model)
2018-04-02 01:19:42 [INFO][org.springframework.web.servlet.mvc.method.annotation.RequestMappingHandlerMapping][register][548]-> Mapped "{[/member/myConnection]}" onto public java.lang.String com.zym.Design1.controller.MemberController.myConnection(java.lang.String,org.springframework.ui.Model)
2018-04-02 01:19:42 [INFO][org.springframework.web.servlet.mvc.method.annotation.RequestMappingHandlerMapping][register][548]-> Mapped "{[/member/modifyOpt],methods=[POST]}" onto public java.lang.String com.zym.Design1.controller.MemberController.modifyOpt(java.lang.Integer)
2018-04-02 01:19:42 [INFO][org.springframework.web.servlet.mvc.method.annotation.RequestMappingHandlerMapping][register][548]-> Mapped "{[/member/members],methods=[GET]}" onto public java.lang.String com.zym.Design1.controller.MemberController.memberList(java.lang.Integer,java.lang.Integer,java.lang.String,java.lang.String,java.lang.String)
2018-04-02 01:19:42 [INFO][org.springframework.web.servlet.mvc.method.annotation.RequestMappingHandlerMapping][register][548]-> Mapped "{[/member/members],methods=[POST]}" onto public java.lang.String com.zym.Design1.controller.MemberController.addMember(com.zym.Design1.entity.User)
2018-04-02 01:19:42 [INFO][org.springframework.web.servlet.mvc.method.annotation.RequestMappingHandlerMapping][register][548]-> Mapped "{[/member/members/{id}],methods=[DELETE]}" onto public java.lang.String com.zym.Design1.controller.MemberController.deleteMember(java.lang.Integer)
2018-04-02 01:19:42 [INFO][org.springframework.web.servlet.mvc.method.annotation.RequestMappingHandlerMapping][register][548]-> Mapped "{[/member/members/{id}],methods=[PUT]}" onto public java.lang.String com.zym.Design1.controller.MemberController.updateMember(com.zym.Design1.entity.User)
2018-04-02 01:19:42 [INFO][org.springframework.web.servlet.mvc.method.annotation.RequestMappingHandlerMapping][register][548]-> Mapped "{[/member/myHome],methods=[GET]}" onto public java.lang.String com.zym.Design1.controller.MemberController.myHome(java.lang.String,org.springframework.ui.Model)
2018-04-02 01:19:42 [INFO][org.springframework.web.servlet.mvc.method.annotation.RequestMappingHandlerMapping][register][548]-> Mapped "{[/member/eCoinLog],methods=[GET]}" onto public java.lang.String com.zym.Design1.controller.MemberController.ecoinLogList(java.lang.Integer,java.lang.Integer,java.lang.String,java.lang.String,java.lang.String,java.lang.Integer,java.lang.Integer)
2018-04-02 01:19:42 [INFO][org.springframework.web.servlet.mvc.method.annotation.RequestMappingHandlerMapping][register][548]-> Mapped "{[/member/myFin]}" onto public java.lang.String com.zym.Design1.controller.MemberController.ecoinRecordPage(java.lang.String,java.lang.String,org.springframework.ui.Model)
2018-04-02 01:19:42 [INFO][org.springframework.web.servlet.mvc.method.annotation.RequestMappingHandlerMapping][register][548]-> Mapped "{[/member/changePwd],methods=[GET]}" onto public java.lang.String com.zym.Design1.controller.MemberController.changePwdPage()
2018-04-02 01:19:42 [INFO][org.springframework.web.servlet.mvc.method.annotation.RequestMappingHandlerMapping][register][548]-> Mapped "{[/member/changePwd],methods=[POST]}" onto public java.lang.String com.zym.Design1.controller.MemberController.changePwdAction(java.lang.String,java.lang.String,java.lang.String)
2018-04-02 01:19:42 [INFO][org.springframework.web.servlet.mvc.method.annotation.RequestMappingHandlerMapping][register][548]-> Mapped "{[/member/eCoinLog],methods=[POST]}" onto public java.lang.String com.zym.Design1.controller.MemberController.addECoinLog(com.zym.Design1.entity.BuyEcoinLog)
2018-04-02 01:19:42 [INFO][org.springframework.web.servlet.mvc.method.annotation.RequestMappingHandlerMapping][register][548]-> Mapped "{[/member/eCoinManage],methods=[GET]}" onto public java.lang.String com.zym.Design1.controller.MemberController.eCoinManage()
2018-04-02 01:19:42 [INFO][org.springframework.web.servlet.mvc.method.annotation.RequestMappingHandlerMapping][register][548]-> Mapped "{[/list1]}" onto public com.alibaba.fastjson.JSONObject com.zym.Design1.controller.TestController.testList()
2018-04-02 01:19:42 [INFO][org.springframework.web.servlet.mvc.method.annotation.RequestMappingHandlerMapping][register][548]-> Mapped "{[/test]}" onto public java.lang.String com.zym.Design1.controller.TestController.testIndex()
2018-04-02 01:19:42 [INFO][org.springframework.web.servlet.mvc.method.annotation.RequestMappingHandlerMapping][register][548]-> Mapped "{[/starter]}" onto public java.lang.String com.zym.Design1.controller.TestController.testStarter()
2018-04-02 01:19:42 [INFO][org.springframework.web.servlet.mvc.method.annotation.RequestMappingHandlerMapping][register][548]-> Mapped "{[/login1]}" onto public java.lang.String com.zym.Design1.controller.TestController.testLogin()
2018-04-02 01:19:42 [INFO][org.springframework.web.servlet.mvc.method.annotation.RequestMappingHandlerMapping][register][548]-> Mapped "{[/test1]}" onto public java.lang.String com.zym.Design1.controller.TestController.testTest1()
2018-04-02 01:19:42 [INFO][org.springframework.web.servlet.mvc.method.annotation.RequestMappingHandlerMapping][register][548]-> Mapped "{[/test2]}" onto public java.lang.String com.zym.Design1.controller.TestController.testTest2()
2018-04-02 01:19:42 [INFO][org.springframework.web.servlet.mvc.method.annotation.RequestMappingHandlerMapping][register][548]-> Mapped "{[/signUp1]}" onto public java.lang.String com.zym.Design1.controller.TestController.testSignUp()
2018-04-02 01:19:42 [INFO][org.springframework.web.servlet.mvc.method.annotation.RequestMappingHandlerMapping][register][548]-> Mapped "{[/data]}" onto public java.lang.String com.zym.Design1.controller.TestController.testData()
2018-04-02 01:19:42 [INFO][org.springframework.web.servlet.mvc.method.annotation.RequestMappingHandlerMapping][register][548]-> Mapped "{[/test3]}" onto public java.lang.String com.zym.Design1.controller.TestController.testTest3()
2018-04-02 01:19:42 [INFO][org.springframework.web.servlet.mvc.method.annotation.RequestMappingHandlerMapping][register][548]-> Mapped "{[/testImg]}" onto public java.lang.String com.zym.Design1.controller.TestController.testImg()
2018-04-02 01:19:42 [INFO][org.springframework.web.servlet.mvc.method.annotation.RequestMappingHandlerMapping][register][548]-> Mapped "{[/list]}" onto public com.alibaba.fastjson.JSONArray com.zym.Design1.controller.TestController.testList2()
2018-04-02 01:19:42 [INFO][org.springframework.web.servlet.mvc.method.annotation.RequestMappingHandlerMapping][register][548]-> Mapped "{[/member/cancelSellTry || /admin/cancelSellTry],methods=[POST]}" onto public java.lang.String com.zym.Design1.controller.TradeController.cancelSellTry(java.lang.String)
2018-04-02 01:19:42 [INFO][org.springframework.web.servlet.mvc.method.annotation.RequestMappingHandlerMapping][register][548]-> Mapped "{[/member/buyVc || /admin/buyVc],methods=[POST]}" onto public java.lang.String com.zym.Design1.controller.TradeController.buyVc(java.lang.String)
2018-04-02 01:19:42 [INFO][org.springframework.web.servlet.mvc.method.annotation.RequestMappingHandlerMapping][register][548]-> Mapped "{[/member/wantToSell || /admin/wantToSell],methods=[POST]}" onto public java.lang.String com.zym.Design1.controller.TradeController.wantToSell(java.math.BigDecimal,java.math.BigDecimal)
2018-04-02 01:19:42 [INFO][org.springframework.web.servlet.mvc.method.annotation.RequestMappingHandlerMapping][register][548]-> Mapped "{[/member/trade || /admin/trade],methods=[GET]}" onto public java.lang.String com.zym.Design1.controller.TradeController.tradingHall(org.springframework.ui.Model,java.lang.String,java.lang.String,java.lang.Integer,java.lang.Integer,java.lang.String,java.lang.String,java.lang.String)
2018-04-02 01:19:42 [INFO][org.springframework.web.servlet.mvc.method.annotation.RequestMappingHandlerMapping][register][548]-> Mapped "{[/isValidateCodeCorrect]}" onto public java.lang.String com.zym.Design1.controller.UtilController.compareValidateCode(javax.servlet.http.HttpSession,java.lang.String)
2018-04-02 01:19:42 [INFO][org.springframework.web.servlet.mvc.method.annotation.RequestMappingHandlerMapping][register][548]-> Mapped "{[/404]}" onto public java.lang.String com.zym.Design1.controller.UtilController.page404()
2018-04-02 01:19:42 [INFO][org.springframework.web.servlet.mvc.method.annotation.RequestMappingHandlerMapping][register][548]-> Mapped "{[/isUidExist],methods=[POST]}" onto public java.lang.String com.zym.Design1.controller.UtilController.isUidExist(java.lang.String)
2018-04-02 01:19:42 [INFO][org.springframework.web.servlet.mvc.method.annotation.RequestMappingHandlerMapping][register][548]-> Mapped "{[/isUidNotExist],methods=[POST]}" onto public java.lang.String com.zym.Design1.controller.UtilController.isUidNotExist(java.lang.String)
2018-04-02 01:19:42 [INFO][org.springframework.web.servlet.mvc.method.annotation.RequestMappingHandlerMapping][register][548]-> Mapped "{[/isPwdCorrect],methods=[POST]}" onto public java.lang.String com.zym.Design1.controller.UtilController.isPwdCorrect(java.lang.String)
2018-04-02 01:19:42 [INFO][org.springframework.web.servlet.mvc.method.annotation.RequestMappingHandlerMapping][register][548]-> Mapped "{[/401]}" onto public java.lang.String com.zym.Design1.controller.UtilController.page401()
2018-04-02 01:19:42 [INFO][org.springframework.web.servlet.mvc.method.annotation.RequestMappingHandlerMapping][register][548]-> Mapped "{[/error]}" onto public java.lang.String com.zym.Design1.exception.FinalExceptionHandler.error(javax.servlet.http.HttpServletResponse,javax.servlet.http.HttpServletRequest)
2018-04-02 01:19:42 [INFO][org.springframework.web.servlet.handler.SimpleUrlHandlerMapping][registerHandler][373]-> Mapped URL path [/templates/**] onto handler of type [class org.springframework.web.servlet.resource.ResourceHttpRequestHandler]
2018-04-02 01:19:42 [INFO][org.springframework.web.servlet.handler.SimpleUrlHandlerMapping][registerHandler][373]-> Mapped URL path [/static/**] onto handler of type [class org.springframework.web.servlet.resource.ResourceHttpRequestHandler]
2018-04-02 01:19:42 [INFO][org.springframework.web.servlet.handler.SimpleUrlHandlerMapping][registerHandler][373]-> Mapped URL path [/webjars/**] onto handler of type [class org.springframework.web.servlet.resource.ResourceHttpRequestHandler]
2018-04-02 01:19:42 [INFO][org.springframework.web.servlet.handler.SimpleUrlHandlerMapping][registerHandler][373]-> Mapped URL path [/**] onto handler of type [class org.springframework.web.servlet.resource.ResourceHttpRequestHandler]
2018-04-02 01:19:42 [INFO][org.springframework.web.servlet.mvc.method.annotation.ExceptionHandlerExceptionResolver][initExceptionHandlerAdviceCache][289]-> Detected @ExceptionHandler methods in exceptionHandlerController
2018-04-02 01:19:42 [INFO][org.springframework.web.servlet.mvc.method.annotation.ExceptionHandlerExceptionResolver][initExceptionHandlerAdviceCache][289]-> Detected @ExceptionHandler methods in requestMappingExceptionHandler
2018-04-02 01:19:42 [INFO][org.springframework.web.servlet.handler.SimpleUrlHandlerMapping][registerHandler][373]-> Mapped URL path [/**/favicon.ico] onto handler of type [class org.springframework.web.servlet.resource.ResourceHttpRequestHandler]
2018-04-02 01:19:42 [INFO][org.springframework.boot.autoconfigure.web.servlet.WelcomePageHandlerMapping][<init>][61]-> Adding welcome page template: index
2018-04-02 01:19:42 [INFO][org.springframework.web.servlet.view.freemarker.FreeMarkerConfigurer][postProcessTemplateLoaders][131]-> ClassTemplateLoader for Spring macros added to FreeMarker configuration
2018-04-02 01:19:42 [INFO][org.quartz.impl.StdSchedulerFactory][instantiate][1208]-> Using default implementation for ThreadExecutor
2018-04-02 01:19:42 [INFO][org.quartz.core.SchedulerSignalerImpl][<init>][61]-> Initialized Scheduler Signaller of type: class org.quartz.core.SchedulerSignalerImpl
2018-04-02 01:19:42 [INFO][org.quartz.core.QuartzScheduler][<init>][229]-> Quartz Scheduler v.2.3.0 created.
2018-04-02 01:19:42 [INFO][org.quartz.simpl.RAMJobStore][initialize][155]-> RAMJobStore initialized.
2018-04-02 01:19:42 [INFO][org.quartz.core.QuartzScheduler][initialize][294]-> Scheduler meta-data: Quartz Scheduler (v2.3.0) 'quartzScheduler' with instanceId 'NON_CLUSTERED'
  Scheduler class: 'org.quartz.core.QuartzScheduler' - running locally.
  NOT STARTED.
  Currently in standby mode.
  Number of jobs executed: 0
  Using thread pool 'org.quartz.simpl.SimpleThreadPool' - with 10 threads.
  Using job-store 'org.quartz.simpl.RAMJobStore' - which does not support persistence. and is not clustered.

2018-04-02 01:19:42 [INFO][org.quartz.impl.StdSchedulerFactory][instantiate][1362]-> Quartz scheduler 'quartzScheduler' initialized from an externally provided properties instance.
2018-04-02 01:19:42 [INFO][org.quartz.impl.StdSchedulerFactory][instantiate][1366]-> Quartz scheduler version: 2.3.0
2018-04-02 01:19:42 [INFO][org.quartz.core.QuartzScheduler][setJobFactory][2287]-> JobFactory set to: org.springframework.boot.autoconfigure.quartz.AutowireCapableBeanJobFactory@eb097ec
2018-04-02 01:19:43 [INFO][org.springframework.boot.devtools.autoconfigure.OptionalLiveReloadServer][startServer][57]-> LiveReload server is running on port 35729
2018-04-02 01:19:43 [INFO][org.springframework.jmx.export.annotation.AnnotationMBeanExporter][afterSingletonsInstantiated][434]-> Registering beans for JMX exposure on startup
2018-04-02 01:19:43 [INFO][org.springframework.jmx.export.annotation.AnnotationMBeanExporter][autodetect][896]-> Bean with name 'dataSource' has been autodetected for JMX exposure
2018-04-02 01:19:43 [INFO][org.springframework.jmx.export.annotation.AnnotationMBeanExporter][registerBeanInstance][669]-> Located MBean 'dataSource': registering with JMX server as MBean [com.zaxxer.hikari:name=dataSource,type=HikariDataSource]
2018-04-02 01:19:43 [INFO][org.springframework.context.support.DefaultLifecycleProcessor][start][351]-> Starting beans in phase 2147483647
2018-04-02 01:19:43 [INFO][org.springframework.scheduling.quartz.SchedulerFactoryBean][startScheduler][686]-> Starting Quartz Scheduler now
2018-04-02 01:19:43 [INFO][org.quartz.core.QuartzScheduler][start][547]-> Scheduler quartzScheduler_$_NON_CLUSTERED started.
2018-04-02 01:19:43 [INFO][org.springframework.scheduling.annotation.ScheduledAnnotationBeanPostProcessor][finishRegistration][275]-> No TaskScheduler/ScheduledExecutorService bean found for scheduled processing
2018-04-02 01:19:43 [INFO][org.apache.coyote.http11.Http11NioProtocol][log][180]-> Starting ProtocolHandler ["http-nio-9999"]
2018-04-02 01:19:43 [INFO][org.apache.tomcat.util.net.NioSelectorPool][log][180]-> Using a shared selector for servlet write/read
2018-04-02 01:19:44 [INFO][org.springframework.boot.web.embedded.tomcat.TomcatWebServer][start][205]-> Tomcat started on port(s): 9999 (http) with context path ''
2018-04-02 01:19:44 [INFO][com.zym.Design1.Design1Application][logStarted][59]-> Started Design1Application in 7.326 seconds (JVM running for 8.477)
2018-04-02 01:20:40 [INFO][com.zym.Design1.schedule.ScheduledTasks][doDailyTask][25]-> current time : 1522603240002
2018-04-02 01:20:40 [INFO][io.lettuce.core.EpollProvider][info][101]-> Starting without optional epoll library
2018-04-02 01:20:40 [INFO][io.lettuce.core.KqueueProvider][info][101]-> Starting without optional kqueue library
2018-04-02 01:20:40 [ERROR][com.zym.Design1.schedule.ScheduledTasks][doDailyTask][32]-> user:1, error:null
2018-04-02 01:20:40 [INFO][com.zym.Design1.service.UserService][quartzTask][386]-> user: 2 , bonus: 42.9000000000000001609823385706476983614265918731689453125000, unfrozenCoinNum:0, total_vc_count: 30042.9, 
2018-04-02 01:20:40 [INFO][com.zym.Design1.schedule.ScheduledTasks][doDailyTask][30]-> complete userId:2
2018-04-02 01:20:40 [INFO][com.zym.Design1.service.UserService][quartzTask][386]-> user: 3 , bonus: 25.4000000000000000222044604925031308084726333618164062500000, unfrozenCoinNum:0, total_vc_count: 30068.300000000003, 
2018-04-02 01:20:40 [INFO][com.zym.Design1.schedule.ScheduledTasks][doDailyTask][30]-> complete userId:3
2018-04-02 01:20:40 [INFO][com.zym.Design1.service.UserService][quartzTask][386]-> user: 4 , bonus: 9.000, unfrozenCoinNum:0, total_vc_count: 30077.300000000003, 
2018-04-02 01:20:40 [INFO][com.zym.Design1.schedule.ScheduledTasks][doDailyTask][30]-> complete userId:4
2018-04-02 01:20:40 [INFO][com.zym.Design1.service.UserService][quartzTask][386]-> user: 5 , bonus: 4.000, unfrozenCoinNum:0, total_vc_count: 30081.300000000003, 
2018-04-02 01:20:40 [INFO][com.zym.Design1.schedule.ScheduledTasks][doDailyTask][30]-> complete userId:5
2018-04-02 01:21:40 [ERROR][org.apache.catalina.core.AprLifecycleListener][log][180]-> An incompatible version [1.2.12] of the APR based Apache Tomcat Native library is installed, while Tomcat requires version [1.2.14]
2018-04-02 01:21:40 [INFO][org.apache.catalina.core.ContainerBase.[Tomcat].[localhost].[/]][log][180]-> Initializing Spring FrameworkServlet 'dispatcherServlet'
2018-04-02 01:21:40 [INFO][org.springframework.web.servlet.DispatcherServlet][initServletBean][494]-> FrameworkServlet 'dispatcherServlet': initialization started
2018-04-02 01:21:40 [INFO][org.springframework.web.servlet.DispatcherServlet][initServletBean][513]-> FrameworkServlet 'dispatcherServlet': initialization completed in 32 ms
2018-04-02 01:21:40 [INFO][com.zym.Design1.aspect.LogAspect][beforeMethod][29]-> before method: String com.zym.Design1.controller.LoginController.loginGet(String,Model), args: arg:/member/myOpt|arg:{}|
2018-04-02 01:21:40 [INFO][com.zym.Design1.controller.LoginController][loginGet][27]-> next: /member/myOpt
2018-04-02 01:21:40 [ERROR][org.apache.catalina.core.AprLifecycleListener][log][180]-> An incompatible version [1.2.12] of the APR based Apache Tomcat Native library is installed, while Tomcat requires version [1.2.14]
2018-04-02 01:21:40 [INFO][com.zym.Design1.util.ValidateCodeServlet][doPost][74]-> vCode: QE2N
